Running OMP version: master 1.8.0 d72d8065 2022-01-11 12:39:02 -0300
Invoked using: /home/icipriano/alicantool_branchtest/alicantools/.cache/binary/0cc0e99afa44a4569da5d3b6757dfd83/OMP_SOLVER_consuelo /home/icipriano/runs/006352/Agricola60.prob /home/omp/MinesRepo2/Agricola60/omp/Agricola60.blocks /home/omp/MinesRepo2/Agricola60/omp/Agricola60.fpp /home/omp/MinesRepo2/Agricola60/omp/Agricola60.delay underground2022.params
PROB FILE: /home/icipriano/runs/006352/Agricola60.prob
BLOCKS FILE: /home/omp/MinesRepo2/Agricola60/omp/Agricola60.blocks
PREC FILE: /home/omp/MinesRepo2/Agricola60/omp/Agricola60.fpp
DELAY FILE: /home/omp/MinesRepo2/Agricola60/omp/Agricola60.delay
PARAMS FILE: underground2022.params
OR Solver: key created. The key is: Agricola60_Agricola60_underground2022
STATS_INPUT_NAME Agricola60_Agricola60_underground2022
OR Solver: loaded params (params file) OK.
Objective: NPV
DURATION loaded from column 2.
Loaded prob file OK.
Loaded block file columns OK.
Vars and Prob populated OK.
Block memory allocated OK.
Block information in VARS populated OK.
Bin information in VARS populated OK.
dbldata OK.
intdata OK.
stockpiles OK.
objfunction OK.
objcols OK.
Cleanup OK.
OR Solver: loaded problem (prob and block files) OK.
NNODES = 14160
OR Solver: loaded lags (delay file) OK.
OR Solver: created arcs.
STATS_INPUT_LOAD_TIME 0.070000
Propagation determined that 544 cannot be scheduled in the given number of time periods.

****************************
ACTIVATED FEATURES: 
****************************
USE INPUT SOLUTION      : No 
USE PREPROCESSING       : Yes
USE AGGREGATION         : No 
USE CUTTING PLANES      : No 
USE PRECOMPUTED COLUMNS : No 
SOLVE LP RELAXATION     : Yes
USE HEURISTICS          : Yes
USE BRANCH-AND-BOUND    : No 
****************************

************************ INPUT DATA TESTING ************************

RRCNT = 4
i = 0, nd = -1
i = 1, nd = -1
i = 2, nd = -1
i = 3, nd = -1

INPUT DATA:

nblocks=13616, nbins=13616, nperiods=120, ndestinations=1, nyvars=0, avg_nblockperiods=80.3, avg_nblockdestinations=1.0,  avg_nblocksinbin=1.0, narcs=46316,
discount_rate=0.012071, rowcnt=4, sink_rate=0, phase_rate=0, max_open_benches=-1, nscenarios=0
natvars (nidx) = 1093247
STATS_INPUT_NBLOCKS 13616
STATS_INPUT_NBINS 13616
STATS_INPUT_NPERIODS 120
STATS_INPUT_NXVARS 1093247
STATS_INPUT_NYVARS 1093247
STATS_INPUT_NARCS 46316
STATS_DISCOUNT_RATE 0.012071

Done with input data testing in 0.030000 seconds. Time elapsed: 0.030000 in orsolver_internal (/home/cmoreno/code/OMP/code/src/orsolver.c:274)

************************** PRE-PROCESSING **************************

PP-ITERATION: 1
LAG PROPAGATION = Yes.
ULTIMATE-PIT = Yes.
UPIT value in Pre-Processing: 4255616253.000000, by elimimnating 624 blocks. in ultimate_pit_pp (/home/cmoreno/code/OMP/code/src/or_preprocess.c:179)
    Problem qualifies for UPIT = Yes. in orsolver_internal (/home/cmoreno/code/OMP/code/src/orsolver.c:481)
    Number of bins eliminated = 624. in orsolver_internal (/home/cmoreno/code/OMP/code/src/orsolver.c:482)
STATS_PPITER_UPIT_NBINS_REMOVED 624
STATS_PPITER_UPIT_NXVARS_REMOVED 48207
WASTE-OPTION = No .
CAPACITY EARLY STARTS = No .
REMOVE NULL BINS = No .
TRANSITIVE_REDUCTION = No .
PP-ITERATION: 2
LAG PROPAGATION = Yes.
ULTIMATE-PIT = Yes.
UPIT value in Pre-Processing: 4255616253.000000, by elimimnating 0 blocks. in ultimate_pit_pp (/home/cmoreno/code/OMP/code/src/or_preprocess.c:179)
    Problem qualifies for UPIT = Yes. in orsolver_internal (/home/cmoreno/code/OMP/code/src/orsolver.c:481)
    Number of bins eliminated = 0. in orsolver_internal (/home/cmoreno/code/OMP/code/src/orsolver.c:482)
STATS_PPITER_UPIT_NBINS_REMOVED 0
STATS_PPITER_UPIT_NXVARS_REMOVED 0
WASTE-OPTION = No .
CAPACITY EARLY STARTS = No .
REMOVE NULL BINS = No .
TRANSITIVE_REDUCTION = No .
STATS_PP_NITERATIONS 2
STATS_PP_UPIT_NBINS_REMOVED 624
STATS_PP_UPIT_NXVARS_REMOVED 48207
STATS_PP_EARLYSTARTS_NXVARS_REMOVED 0
STATS_PP_EARLYSTARTS_NYVARS_REMOVED 0
STATS_PP_MODEELIMINATION_NYVARS_REMOVED 0
STATS_PP_NULLBINS_NXVARS_REMOVED 0
STATS_PP_NULLBINS_NYVARS_REMOVED 0
STATS_PP_NULLBINS_NARCS_ADDED 0
STATS_PP_TRANSITIVEREDUCTION_NARCS_REMOVED 0
STATS_PP_NXVARS_REMOVED 48207
STATS_PP_NYVARS_REMOVED 48207
STATS_PP_NARCS_REMOVED 1880
STATS_PP_TIME 0.040000

Done with preprocessing in 0.040000 seconds Time elapsed: 0.070000 in orsolver_internal (/home/cmoreno/code/OMP/code/src/orsolver.c:702)

*************************** AGGREGATION ****************************

BLOCK_AGGREGATION = No .

Done with aggregation in 0.000000 seconds. Time elapsed: 0.070000 in orsolver_internal (/home/cmoreno/code/OMP/code/src/orsolver.c:747)

******************* INITIALIZING DATA STRUCTURES *******************

POSITIVE KNAPSKACK ROWS WITH * DESTINATION = 4.
   Side-constraint: 0 [Has changing RHS = No ]
   Side-constraint: 1 [Has changing RHS = No ]
   Side-constraint: 2 [Has changing RHS = No ]
   Side-constraint: 3 [Has changing RHS = No ]
RRCNT = 4
i = 0, nd = -1
i = 1, nd = -1
i = 2, nd = -1
i = 3, nd = -1
BY-LP problem created. It has 1045040 variables, 4393713 precedence constraints and 480 resource constraints. in orsolver_internal (/home/cmoreno/code/OMP/code/src/orsolver.c:864)

PREPROCESSED AND AGGREGATED DATA:

nblocks=12992, nbins=12992, nperiods=120, ndestinations=1, nyvars=0, avg_nblockperiods=80.4, avg_nblockdestinations=1.0,  avg_nblocksinbin=1.0, narcs=44436,
discount_rate=0.012071, rowcnt=4, sink_rate=0, phase_rate=0, max_open_benches=-1, nscenarios=0
natvars (nidx) = 1045040

Done with input data testing in 0.990000 seconds. Time elapsed: 1.060000 in orsolver_internal (/home/cmoreno/code/OMP/code/src/orsolver.c:888)

********************* ANALYZING INPUT SOLUTION *********************

There is no input solution

Done with input solution analysis in 0.000000 seconds. Time elapsed: 1.060000 in orsolver_internal (/home/cmoreno/code/OMP/code/src/orsolver.c:1015)

*********************** PRECOMPUTING COLUMNS ***********************

CPIT starting-solution: No 
Starting with trivial partition.

Done with hot start columns in 0.000000 seconds. Time elapsed: 1.060000 in orsolver_internal (/home/cmoreno/code/OMP/code/src/orsolver.c:1088)

************************ PRECOMPUTING CUTS *************************

Not using cuts

Done with cuts in 0.000000 seconds. Time elapsed: 1.060000 in orsolver_internal (/home/cmoreno/code/OMP/code/src/orsolver.c:1208)

***************************** LP-SOLVE *****************************

OPTIMIZATION method: Bienstock-Zuckerberg.

|-----+-----------+---------------------+--------------------+-----------+-----------+-----------+-----------+-----------+------------|
| BIENSTOCK-ZUCKERBERG ALGORITHM: Target gap = 1.00e-04.  Target eps = 1.00e-06.  Starting phase = Phase II.                          |
| Number of variables: tot = 1045520, x = 1045040, y = 0, s = 480, Use step = 0 (10), kstep = 0, lstep = 0, xstep = 0 (-1)
|-----+-----------+---------------------+--------------------+-----------+-----------+-----------+-----------+-----------+------------|
|Iter.|#Part.     |    Primal Value     |  Lagrangian Value  |    Gap    | Pri. Time | Mas. Time | Tot. Time | Pri. Eps. |   Kappa    |
|-----+-----------+---------------------+--------------------+-----------+-----------+-----------+-----------+-----------+------------|
|   1 |    2  481 |       1.2648099e+09 |      2.8614818e+09 |  1.26e+00 |      0.76 |      0.11 |      0.91 |  0.00e+00 |     1.1599 |
|   2 |    3  483 |       1.4973562e+09 |      2.8614818e+09 |  9.11e-01 |      1.58 |      0.23 |      1.85 |  4.64e-11 |     9.1409 |
|   3 |    5  489 |       1.5750379e+09 |      2.8614818e+09 |  8.17e-01 |      2.94 |      0.32 |      3.31 |  1.52e-11 |      12.92 |
|   4 |    9  504 |       1.6132072e+09 |      2.8614818e+09 |  7.74e-01 |      5.27 |      0.43 |      5.76 |  1.16e-10 |     15.956 |
|   5 |   16  539 |       1.6701577e+09 |      2.8614818e+09 |  7.13e-01 |      7.26 |      0.56 |      7.89 |  1.36e-10 |     13.926 |
|   6 |   26  598 |       1.7147061e+09 |      2.8614818e+09 |  6.69e-01 |      9.86 |      0.71 |      10.7 |  1.93e-10 |     31.823 |
|   7 |   40  705 |       1.7514953e+09 |      2.8614818e+09 |  6.34e-01 |      12.6 |      0.87 |      13.5 |  9.09e-11 |     79.462 |
|   8 |   65  926 |       1.7641565e+09 |      2.8614818e+09 |  6.22e-01 |      14.6 |      1.04 |      15.8 |  1.22e-10 |     991.19 |
|   9 |  100 1294 |       1.7966332e+09 |      2.8614818e+09 |  5.93e-01 |        17 |      1.21 |      18.4 |  2.49e-10 |     163.28 |
|  10 |  142 1642 |       1.8332874e+09 |      2.8614818e+09 |  5.61e-01 |      20.4 |      1.44 |        22 |  3.36e-10 |     214.96 |
|  11 |  202 2215 |       1.8724505e+09 |      2.8614818e+09 |  5.28e-01 |      23.7 |      1.66 |      25.5 |  2.98e-10 |     227.15 |
|  12 |  240 2595 |       1.8976474e+09 |      2.8614818e+09 |  5.08e-01 |      27.5 |      1.93 |      29.6 |  5.33e-10 |     7945.1 |
|  13 |  322 3446 |       1.9276039e+09 |      2.8614818e+09 |  4.84e-01 |      30.8 |       2.3 |      33.2 |  4.12e-10 |       5344 |
|  14 |  395 4377 |       1.9561632e+09 |      2.8614818e+09 |  4.63e-01 |      35.2 |      2.64 |        38 |  4.87e-10 |     6083.6 |
|  15 |  465 5022 |       1.9828655e+09 |      2.8614818e+09 |  4.43e-01 |      39.4 |       3.1 |      42.7 |  4.39e-09 |     2450.5 |
|  16 |  582 6313 |       2.0096427e+09 |      2.8614818e+09 |  4.24e-01 |      43.7 |      4.16 |      48.1 |  1.42e-09 |      10175 |
|  17 |  685 7476 |       2.0563994e+09 |      2.8614818e+09 |  3.92e-01 |      48.8 |      5.47 |      54.5 |  8.62e-10 |     5088.8 |
|  18 |  824 8977 |       2.0699412e+09 |      2.8614818e+09 |  3.82e-01 |      54.4 |      7.07 |      61.7 |  1.20e-09 |     6167.5 |
|  19 |  993 11105 |       2.0903423e+09 |      2.8614818e+09 |  3.69e-01 |      59.3 |      9.79 |      69.3 |  6.70e-09 |     9770.6 |
|  20 | 1233 13417 |       2.1237845e+09 |      2.8614818e+09 |  3.47e-01 |      65.5 |      13.9 |      79.7 |  6.97e-09 |     8301.4 |
|  21 | 1410 15160 |        2.157475e+09 |      2.8614818e+09 |  3.26e-01 |      71.4 |      19.7 |      91.3 |  4.93e-09 |      61445 |
|  22 | 1676 17413 |       2.1920675e+09 |      2.8614818e+09 |  3.05e-01 |        77 |      27.8 |       105 |  1.14e-09 |     6385.9 |
|  23 | 2001 20677 |       2.2456624e+09 |      2.8614818e+09 |  2.74e-01 |      83.1 |      39.4 |       123 |  6.64e-09 |      20660 |
|  24 | 2260 23062 |       2.2882757e+09 |      2.8614818e+09 |  2.50e-01 |      89.5 |      55.2 |       145 |  6.78e-09 | 1.2922e+05 |
|  25 | 2585 26113 |        2.309434e+09 |      2.8614818e+09 |  2.39e-01 |      95.1 |      70.4 |       166 |  7.78e-09 |       6962 |
|  26 | 2912 28899 |       2.3418972e+09 |      2.8614818e+09 |  2.22e-01 |       100 |      91.7 |       192 |  3.06e-09 |      19437 |
|  27 | 3263 31914 |       2.3866051e+09 |      2.8614818e+09 |  1.99e-01 |       104 |       119 |       223 |  6.10e-09 | 1.3452e+05 |
|  28 | 3608 35224 |       2.4158914e+09 |      2.8614818e+09 |  1.84e-01 |       108 |       133 |       241 |  2.74e-09 |      12008 |
|  29 | 3953 38213 |       2.4471849e+09 |      2.8614818e+09 |  1.69e-01 |       112 |       149 |       261 |  1.02e-08 |      17782 |
|  30 | 4431 43910 |       2.4698807e+09 |      2.8614818e+09 |  1.59e-01 |       115 |       166 |       282 |  1.89e-09 |      15019 |
|  31 | 4940 49853 |       2.4887175e+09 |      2.7729463e+09 |  1.14e-01 |       120 |       196 |       316 |  5.68e-09 |      71115 |
|  32 | 5479 55591 |       2.5083814e+09 |      2.7729463e+09 |  1.05e-01 |       124 |       239 |       364 |  1.02e-09 |      16617 |
|  33 | 6002 61197 |       2.5162928e+09 |      2.7729463e+09 |  1.02e-01 |       127 |       291 |       419 |  2.84e-09 | 1.2477e+05 |
|  34 | 6622 68858 |       2.5318648e+09 |      2.7215022e+09 |  7.49e-02 |       131 |       346 |       478 |  5.38e-09 | 1.5596e+05 |
|  35 | 7347 76460 |       2.5499254e+09 |      2.7116781e+09 |  6.34e-02 |       135 |       392 |       527 |  5.60e-09 |      95440 |
|  36 | 8061 83560 |       2.5620136e+09 |      2.6845461e+09 |  4.78e-02 |       139 |       437 |       577 |  4.50e-09 | 2.2318e+05 |
|  37 | 8790 89752 |       2.5699982e+09 |      2.6257376e+09 |  2.17e-02 |       143 |       490 |       634 |  1.14e-09 |      78032 |
|  38 | 9638 95797 |       2.5778874e+09 |      2.6079889e+09 |  1.17e-02 |       147 |       556 |       704 |  1.31e-09 | 2.2714e+05 |
|  39 | 10569 102198 |        2.584144e+09 |      2.6076983e+09 |  9.11e-03 |       150 |       613 |       764 |  3.13e-09 |      81608 |
|  40 | 11392 107467 |       2.5872746e+09 |      2.5983554e+09 |  4.28e-03 |       154 |       682 |       836 |  4.66e-10 |      67053 |
|  41 | 12078 111943 |       2.5891559e+09 |      2.5953265e+09 |  2.38e-03 |       157 |       769 |       927 |  3.25e-10 |      56699 |
|  42 | 12708 115788 |        2.590573e+09 |       2.594599e+09 |  1.55e-03 |       161 |       847 |  1.01e+03 |  3.27e-10 | 2.7543e+05 |
|  43 | 13250 118887 |       2.5910819e+09 |      2.5930965e+09 |  7.78e-04 |       164 |       915 |  1.08e+03 |  5.38e-10 | 3.8342e+05 |
|  44 | 13772 121672 |       2.5913306e+09 |      2.5922174e+09 |  3.42e-04 |       167 |       983 |  1.15e+03 |  1.22e-08 |      88207 |
|  45 | 14128 123691 |       2.5914694e+09 |      2.5919159e+09 |  1.72e-04 |       169 |  1.05e+03 |  1.22e+03 |  2.56e-09 | 1.9031e+05 |
|  46 | 14400 125219 |       2.5915467e+09 |      2.5918033e+09 |  9.90e-05 |       172 |  1.13e+03 |   1.3e+03 |  1.30e-08 | 3.4244e+05 |
|-----+-----------+---------------------+--------------------+-----------+-----------+-----------+-----------+-----------+------------|
*  46 | 14400 125219 |       2.5915467e+09 |      2.5918033e+09 |   9.9e-05 |       172 |  1.13e+03 |   1.3e+03 |   1.3e-08 | 3.4244e+05 | OMP_OPTIMAL
|-----+-----------+---------------------+--------------------+-----------+-----------+-----------+-----------+-----------+------------|
STATS_BZ_NITERATIONS 46
STATS_BZ_SOLVETIME 1298.120000
STATS_BZ_PRICINGTIME 171.830000
STATS_BZ_MASTERTIME 1125.500000
STATS_BZ_NPARTITIONS 14400
STATS_NCUTS 0
STATS_NCUT_ROUNDS 0


          |------------------------------------------------------------|
          |       BZ SOLUTION QUALITY INFORMATION                      |
          |------------------------------------------------------------|
          |                                | PP-AGG Sol  |  Orig Sol   |
          |--------------------------------+-------------+-------------|
          | Const. violation (max 3.0e+05) |  1.3039e-08 |  1.3039e-08 |
          | Prec violation   (max 1.0e-05) |  0.0000e+00 |  0.0000e+00 |
          | Bounds violation (max 1.0e-05) |  0.0000e+00 |  0.0000e+00 |
          | Is Feasible?                   |     Yes     |     Yes     |
          |--------------------------------+-------------+-------------|
          | W. Int. Viol.    (max 1.0e-02) |  4.9955e-01 |  4.9955e-01 |
          | S. Int. Viol.    (max 1.0e-02) |  4.9955e-01 |  4.9955e-01 |
          | Is Integer (weak)?             |     No      |     No      |
          | Is Integer (strong)?           |     No      |     No      |
          |--------------------------------+-------------+-------------|
          | Objective Value                |  2.5915e+09 |  2.5915e+09 |
          |--------------------------------+-------------+-------------|
          | Best Previous LP Solution      |-1.7977e+308 |-1.7977e+308 |
          | Replace Best LP Solution?      |     Yes     |     Yes     |
          |------------------------------------------------------------|
          | Best Previous IP Solution      |-1.7977e+308 |-1.7977e+308 |
          | Replace Best IP Solution?      |     No      |     No      |
          |------------------------------------------------------------|
            BZ SOLUTION written to Agricola60_Agricola60_underground2022.BZ.lp.sol

          |------+------------------+---------+---------|
          |  t   |    Objval[t]     | Perc[t] |  Acc[t] | 
          |------+------------------+---------+---------|
          |    0 |    38131283.0000 |   1.47% |   1.47% |
          |    1 |    39298204.0786 |   1.52% |   2.99% |
          |    2 |    47949806.9225 |   1.85% |   4.84% |
          |    3 |    50081886.5025 |   1.93% |   6.77% |
          |    4 |    49799378.7386 |   1.92% |   8.69% |
          |    5 |    44188157.9159 |   1.71% |  10.40% |
          |    6 |    44297448.6493 |   1.71% |  12.11% |
          |    7 |    48697664.5447 |   1.88% |  13.99% |
          |    8 |    45118170.3742 |   1.74% |  15.73% |
          |    9 |    51160342.7202 |   1.97% |  17.70% |
          |   10 |    48287557.2653 |   1.86% |  19.56% |
          |   11 |    44550230.8435 |   1.72% |  21.28% |
          |   12 |    39728651.6986 |   1.53% |  22.82% |
          |   13 |    38628563.6258 |   1.49% |  24.31% |
          |   14 |    34569283.0600 |   1.33% |  25.64% |
          |   15 |    37859472.5294 |   1.46% |  27.10% |
          |   16 |    44257600.4313 |   1.71% |  28.81% |
          |   17 |    48911773.1981 |   1.89% |  30.70% |
          |   18 |    43510699.3134 |   1.68% |  32.38% |
          |   19 |    46879515.6153 |   1.81% |  34.18% |
          |   20 |    47823510.4747 |   1.85% |  36.03% |
          |   21 |    47695605.0723 |   1.84% |  37.87% |
          |   22 |    42743510.9588 |   1.65% |  39.52% |
          |   23 |    47324871.3136 |   1.83% |  41.35% |
          |   24 |    38175585.6664 |   1.47% |  42.82% |
          |   25 |    34113552.2431 |   1.32% |  44.14% |
          |   26 |    33809981.4747 |   1.30% |  45.44% |
          |   27 |    36140405.2988 |   1.39% |  46.83% |
          |   28 |    36571066.1719 |   1.41% |  48.25% |
          |   29 |    35541998.5165 |   1.37% |  49.62% |
          |   30 |    32803393.2992 |   1.27% |  50.88% |
          |   31 |    31311629.9177 |   1.21% |  52.09% |
          |   32 |    33075501.9552 |   1.28% |  53.37% |
          |   33 |    32484862.0256 |   1.25% |  54.62% |
          |   34 |    40032054.0128 |   1.54% |  56.17% |
          |   35 |    37070272.3467 |   1.43% |  57.60% |
          |   36 |    27774805.3842 |   1.07% |  58.67% |
          |   37 |    29038498.6194 |   1.12% |  59.79% |
          |   38 |    27035307.7784 |   1.04% |  60.83% |
          |   39 |    25231003.8902 |   0.97% |  61.80% |
          |   40 |    23889059.0336 |   0.92% |  62.73% |
          |   41 |    20136502.8747 |   0.78% |  63.50% |
          |   42 |    22361507.3362 |   0.86% |  64.37% |
          |   43 |    29031797.4832 |   1.12% |  65.49% |
          |   44 |    27100268.4200 |   1.05% |  66.53% |
          |   45 |    29547471.7841 |   1.14% |  67.67% |
          |   46 |    25818766.9379 |   1.00% |  68.67% |
          |   47 |    24197297.3492 |   0.93% |  69.60% |
          |   48 |    22964138.5708 |   0.89% |  70.49% |
          |   49 |    18418717.7031 |   0.71% |  71.20% |
          |   50 |    23465326.1720 |   0.91% |  72.10% |
          |   51 |    22346645.7105 |   0.86% |  72.97% |
          |   52 |    20717044.1018 |   0.80% |  73.77% |
          |   53 |    24384370.6083 |   0.94% |  74.71% |
          |   54 |    23506422.7290 |   0.91% |  75.61% |
          |   55 |    20115638.7541 |   0.78% |  76.39% |
          |   56 |    22601230.2671 |   0.87% |  77.26% |
          |   57 |    18070107.8863 |   0.70% |  77.96% |
          |   58 |    18888410.5631 |   0.73% |  78.69% |
          |   59 |    19456620.7308 |   0.75% |  79.44% |
          |   60 |    17796864.6774 |   0.69% |  80.13% |
          |   61 |    19992441.1712 |   0.77% |  80.90% |
          |   62 |    16127504.1844 |   0.62% |  81.52% |
          |   63 |    19040102.3124 |   0.73% |  82.26% |
          |   64 |    16176938.7876 |   0.62% |  82.88% |
          |   65 |    15578689.2273 |   0.60% |  83.48% |
          |   66 |    15549070.8465 |   0.60% |  84.08% |
          |   67 |    17490930.3661 |   0.67% |  84.76% |
          |   68 |    17441755.5197 |   0.67% |  85.43% |
          |   69 |    13167881.0894 |   0.51% |  85.94% |
          |   70 |    14718945.1534 |   0.57% |  86.50% |
          |   71 |    13317563.8294 |   0.51% |  87.02% |
          |   72 |    15769996.8944 |   0.61% |  87.63% |
          |   73 |    10679266.0249 |   0.41% |  88.04% |
          |   74 |    12872440.5075 |   0.50% |  88.54% |
          |   75 |    12275965.9377 |   0.47% |  89.01% |
          |   76 |    13738489.6607 |   0.53% |  89.54% |
          |   77 |    11319918.7091 |   0.44% |  89.98% |
          |   78 |    12727835.9383 |   0.49% |  90.47% |
          |   79 |    12947664.6895 |   0.50% |  90.97% |
          |   80 |    10554412.8746 |   0.41% |  91.37% |
          |   81 |     7341609.9427 |   0.28% |  91.66% |
          |   82 |     9814355.5780 |   0.38% |  92.04% |
          |   83 |    11834153.4350 |   0.46% |  92.49% |
          |   84 |    10818129.7636 |   0.42% |  92.91% |
          |   85 |    10485480.1388 |   0.40% |  93.31% |
          |   86 |     7417694.3169 |   0.29% |  93.60% |
          |   87 |     9091684.7859 |   0.35% |  93.95% |
          |   88 |     9771777.9471 |   0.38% |  94.33% |
          |   89 |     9367500.2335 |   0.36% |  94.69% |
          |   90 |     8561977.2509 |   0.33% |  95.02% |
          |   91 |     8149158.7225 |   0.31% |  95.34% |
          |   92 |     7699460.1918 |   0.30% |  95.63% |
          |   93 |     8516958.9865 |   0.33% |  95.96% |
          |   94 |     7178420.1613 |   0.28% |  96.24% |
          |   95 |     8153656.5198 |   0.31% |  96.55% |
          |   96 |     5210923.6003 |   0.20% |  96.75% |
          |   97 |     6629274.1790 |   0.26% |  97.01% |
          |   98 |     6079235.5568 |   0.23% |  97.24% |
          |   99 |     6242772.1903 |   0.24% |  97.49% |
          |  100 |     4037058.7434 |   0.16% |  97.64% |
          |  101 |     8210670.8076 |   0.32% |  97.96% |
          |  102 |     7565965.1613 |   0.29% |  98.25% |
          |  103 |     2812993.0636 |   0.11% |  98.36% |
          |  104 |     5093325.8478 |   0.20% |  98.55% |
          |  105 |     4066590.7844 |   0.16% |  98.71% |
          |  106 |     2135092.0109 |   0.08% |  98.79% |
          |  107 |     1956795.5500 |   0.08% |  98.87% |
          |  108 |      755984.7148 |   0.03% |  98.90% |
          |  109 |     1730960.5137 |   0.07% |  98.97% |
          |  110 |     4913241.6936 |   0.19% |  99.15% |
          |  111 |     2941073.8333 |   0.11% |  99.27% |
          |  112 |     2350472.8550 |   0.09% |  99.36% |
          |  113 |     1689788.0798 |   0.07% |  99.42% |
          |  114 |     1488549.1068 |   0.06% |  99.48% |
          |  115 |     2109351.9982 |   0.08% |  99.56% |
          |  116 |     3220610.3858 |   0.12% |  99.69% |
          |  117 |     2185629.5698 |   0.08% |  99.77% |
          |  118 |     3005094.0374 |   0.12% |  99.89% |
          |  119 |     2908129.0753 |   0.11% | 100.00% |
          |------+------------------+---------+---------|
          | tot  |  2591546732.1980 | 100.00% | 100.00% |
          |------+------------------+---------+---------|


|-----+--------------------------------+--------------------------------+--------------------------------|
|  t  |         CONSTRAINT:  0         |         CONSTRAINT:  1         |         CONSTRAINT:  2         |
|-----+--------------------------------+--------------------------------+--------------------------------|
|   0 |     348580.00 <=     360000.00 |     181341.00 <=     192000.00 |         99.00 <=        300.00 |
|   1 |     360000.00 <=     360000.00 |     165599.90 <=     192000.00 |         93.00 <=        300.00 |
|   2 |     360000.00 <=     360000.00 |     177780.46 <=     192000.00 |        120.00 <=        300.00 |
|   3 |     360000.00 <=     360000.00 |     176795.50 <=     192000.00 |        117.67 <=        300.00 |
|   4 |     360000.00 <=     360000.00 |     188412.30 <=     192000.00 |        108.08 <=        300.00 |
|   5 |     360000.00 <=     360000.00 |     175930.79 <=     192000.00 |        113.49 <=        300.00 |
|   6 |     360000.00 <=     360000.00 |     178835.31 <=     192000.00 |        145.91 <=        300.00 |
|   7 |     360000.00 <=     360000.00 |     182024.00 <=     192000.00 |         53.38 <=        300.00 |
|   8 |     360000.00 <=     360000.00 |     176660.42 <=     192000.00 |         60.70 <=        300.00 |
|   9 |     360000.00 <=     360000.00 |     184000.42 <=     192000.00 |        185.18 <=        300.00 |
|  10 |     360000.00 <=     360000.00 |     185207.26 <=     192000.00 |        121.48 <=        300.00 |
|  11 |     360000.00 <=     360000.00 |     183155.29 <=     192000.00 |        152.64 <=        300.00 |
|  12 |     360000.00 <=     360000.00 |     176031.50 <=     192000.00 |        166.81 <=        300.00 |
|  13 |     360000.00 <=     360000.00 |     178944.63 <=     192000.00 |        181.45 <=        300.00 |
|  14 |     360000.00 <=     360000.00 |     184326.94 <=     192000.00 |        174.43 <=        300.00 |
|  15 |     360000.00 <=     360000.00 |     178987.78 <=     192000.00 |        227.26 <=        300.00 |
|  16 |     360000.00 <=     360000.00 |     182671.48 <=     192000.00 |        185.32 <=        300.00 |
|  17 |     360000.00 <=     360000.00 |     183311.34 <=     192000.00 |        166.66 <=        300.00 |
|  18 |     360000.00 <=     360000.00 |     185144.48 <=     192000.00 |        201.91 <=        300.00 |
|  19 |     360000.00 <=     360000.00 |     189316.81 <=     192000.00 |        172.69 <=        300.00 |
|  20 |     360000.00 <=     360000.00 |     179650.08 <=     192000.00 |        166.64 <=        300.00 |
|  21 |     360000.00 <=     360000.00 |     188916.60 <=     192000.00 |        242.84 <=        300.00 |
|  22 |     360000.00 <=     360000.00 |     177471.01 <=     192000.00 |        207.80 <=        300.00 |
|  23 |     360000.00 <=     360000.00 |     181152.87 <=     192000.00 |        234.27 <=        300.00 |
|  24 |     360000.00 <=     360000.00 |     177626.90 <=     192000.00 |        201.61 <=        300.00 |
|  25 |     360000.00 <=     360000.00 |     175173.39 <=     192000.00 |        171.81 <=        300.00 |
|  26 |     360000.00 <=     360000.00 |     166399.86 <=     192000.00 |        137.65 <=        300.00 |
|  27 |     360000.00 <=     360000.00 |     177870.50 <=     192000.00 |        151.35 <=        300.00 |
|  28 |     360000.00 <=     360000.00 |     172972.64 <=     192000.00 |        157.44 <=        300.00 |
|  29 |     360000.00 <=     360000.00 |     181501.26 <=     192000.00 |        177.20 <=        300.00 |
|  30 |     360000.00 <=     360000.00 |     184234.82 <=     192000.00 |        198.35 <=        300.00 |
|  31 |     360000.00 <=     360000.00 |     182544.73 <=     192000.00 |        235.08 <=        300.00 |
|  32 |     360000.00 <=     360000.00 |     189351.74 <=     192000.00 |        181.06 <=        300.00 |
|  33 |     360000.00 <=     360000.00 |     186282.26 <=     192000.00 |        152.70 <=        300.00 |
|  34 |     360000.00 <=     360000.00 |     191296.21 <=     192000.00 |        160.06 <=        300.00 |
|  35 |     360000.00 <=     360000.00 |     186397.54 <=     192000.00 |        149.58 <=        300.00 |
|  36 |     360000.00 <=     360000.00 |     174005.56 <=     192000.00 |        133.63 <=        300.00 |
|  37 |     360000.00 <=     360000.00 |     178073.78 <=     192000.00 |        174.37 <=        300.00 |
|  38 |     360000.00 <=     360000.00 |     171011.30 <=     192000.00 |        154.00 <=        300.00 |
|  39 |     360000.00 <=     360000.00 |     169961.51 <=     192000.00 |        145.68 <=        300.00 |
|  40 |     360000.00 <=     360000.00 |     170914.78 <=     192000.00 |        166.65 <=        300.00 |
|  41 |     360000.00 <=     360000.00 |     159573.03 <=     192000.00 |        174.70 <=        300.00 |
|  42 |     360000.00 <=     360000.00 |     154129.18 <=     192000.00 |        116.20 <=        300.00 |
|  43 |     360000.00 <=     360000.00 |     169435.15 <=     192000.00 |         80.20 <=        300.00 |
|  44 |     360000.00 <=     360000.00 |     174653.12 <=     192000.00 |        141.08 <=        300.00 |
|  45 |     360000.00 <=     360000.00 |     186092.72 <=     192000.00 |        158.80 <=        300.00 |
|  46 |     360000.00 <=     360000.00 |     177575.69 <=     192000.00 |         91.89 <=        300.00 |
|  47 |     360000.00 <=     360000.00 |     172387.18 <=     192000.00 |        105.67 <=        300.00 |
|  48 |     360000.00 <=     360000.00 |     161145.67 <=     192000.00 |        124.33 <=        300.00 |
|  49 |     360000.00 <=     360000.00 |     156783.92 <=     192000.00 |         94.73 <=        300.00 |
|  50 |     360000.00 <=     360000.00 |     171551.62 <=     192000.00 |         77.42 <=        300.00 |
|  51 |     360000.00 <=     360000.00 |     171428.41 <=     192000.00 |         42.59 <=        300.00 |
|  52 |     360000.00 <=     360000.00 |     171920.06 <=     192000.00 |         53.88 <=        300.00 |
|  53 |     360000.00 <=     360000.00 |     181604.68 <=     192000.00 |         37.72 <=        300.00 |
|  54 |     360000.00 <=     360000.00 |     176661.99 <=     192000.00 |         75.81 <=        300.00 |
|  55 |     360000.00 <=     360000.00 |     168439.69 <=     192000.00 |         67.98 <=        300.00 |
|  56 |     360000.00 <=     360000.00 |     172717.35 <=     192000.00 |         66.33 <=        300.00 |
|  57 |     360000.00 <=     360000.00 |     166329.12 <=     192000.00 |        133.90 <=        300.00 |
|  58 |     360000.00 <=     360000.00 |     169721.01 <=     192000.00 |        119.26 <=        300.00 |
|  59 |     360000.00 <=     360000.00 |     168175.58 <=     192000.00 |        134.04 <=        300.00 |
|  60 |     360000.00 <=     360000.00 |     166162.54 <=     192000.00 |        123.64 <=        300.00 |
|  61 |     360000.00 <=     360000.00 |     171051.41 <=     192000.00 |        170.85 <=        300.00 |
|  62 |     360000.00 <=     360000.00 |     162994.56 <=     192000.00 |        136.35 <=        300.00 |
|  63 |     360000.00 <=     360000.00 |     176539.61 <=     192000.00 |        130.73 <=        300.00 |
|  64 |     360000.00 <=     360000.00 |     167576.19 <=     192000.00 |        198.99 <=        300.00 |
|  65 |     360000.00 <=     360000.00 |     157822.45 <=     192000.00 |        173.75 <=        300.00 |
|  66 |     360000.00 <=     360000.00 |     163037.37 <=     192000.00 |        176.82 <=        300.00 |
|  67 |     360000.00 <=     360000.00 |     177182.46 <=     192000.00 |        235.60 <=        300.00 |
|  68 |     360000.00 <=     360000.00 |     174630.28 <=     192000.00 |        151.79 <=        300.00 |
|  69 |     360000.00 <=     360000.00 |     163019.13 <=     192000.00 |        172.52 <=        300.00 |
|  70 |     360000.00 <=     360000.00 |     166889.82 <=     192000.00 |        190.78 <=        300.00 |
|  71 |     360000.00 <=     360000.00 |     158725.17 <=     192000.00 |        204.89 <=        300.00 |
|  72 |     360000.00 <=     360000.00 |     158373.63 <=     192000.00 |        144.47 <=        300.00 |
|  73 |     360000.00 <=     360000.00 |     136589.68 <=     192000.00 |        148.86 <=        300.00 |
|  74 |     360000.00 <=     360000.00 |     157996.61 <=     192000.00 |        137.88 <=        300.00 |
|  75 |     360000.00 <=     360000.00 |     160190.00 <=     192000.00 |        175.36 <=        300.00 |
|  76 |     360000.00 <=     360000.00 |     161970.85 <=     192000.00 |        181.72 <=        300.00 |
|  77 |     360000.00 <=     360000.00 |     159625.38 <=     192000.00 |        140.95 <=        300.00 |
|  78 |     360000.00 <=     360000.00 |     163851.36 <=     192000.00 |        189.11 <=        300.00 |
|  79 |     360000.00 <=     360000.00 |     154515.35 <=     192000.00 |        171.14 <=        300.00 |
|  80 |     360000.00 <=     360000.00 |     155377.59 <=     192000.00 |        226.46 <=        300.00 |
|  81 |     360000.00 <=     360000.00 |     132016.73 <=     192000.00 |        149.34 <=        300.00 |
|  82 |     360000.00 <=     360000.00 |     149128.29 <=     192000.00 |        116.64 <=        300.00 |
|  83 |     360000.00 <=     360000.00 |     164478.20 <=     192000.00 |        119.63 <=        300.00 |
|  84 |     360000.00 <=     360000.00 |     168519.75 <=     192000.00 |        151.47 <=        300.00 |
|  85 |     360000.00 <=     360000.00 |     158100.70 <=     192000.00 |        155.42 <=        300.00 |
|  86 |     360000.00 <=     360000.00 |     133016.43 <=     192000.00 |        151.13 <=        300.00 |
|  87 |     360000.00 <=     360000.00 |     164925.07 <=     192000.00 |        211.33 <=        300.00 |
|  88 |     360000.00 <=     360000.00 |     169467.08 <=     192000.00 |        265.58 <=        300.00 |
|  89 |     360000.00 <=     360000.00 |     166929.66 <=     192000.00 |        262.06 <=        300.00 |
|  90 |     360000.00 <=     360000.00 |     143897.50 <=     192000.00 |        200.19 <=        300.00 |
|  91 |     360000.00 <=     360000.00 |     154640.87 <=     192000.00 |        182.18 <=        300.00 |
|  92 |     360000.00 <=     360000.00 |     154227.96 <=     192000.00 |        174.54 <=        300.00 |
|  93 |     360000.00 <=     360000.00 |     162864.36 <=     192000.00 |        242.26 <=        300.00 |
|  94 |     360000.00 <=     360000.00 |     150969.28 <=     192000.00 |        157.97 <=        300.00 |
|  95 |     360000.00 <=     360000.00 |     153693.83 <=     192000.00 |        200.57 <=        300.00 |
|  96 |     360000.00 <=     360000.00 |     142217.58 <=     192000.00 |        204.99 <=        300.00 |
|  97 |     360000.00 <=     360000.00 |     147474.27 <=     192000.00 |        199.93 <=        300.00 |
|  98 |     360000.00 <=     360000.00 |     145756.88 <=     192000.00 |        236.16 <=        300.00 |
|  99 |     354163.79 <=     360000.00 |     133962.05 <=     192000.00 |        203.11 <=        300.00 |
| 100 |     266917.48 <=     360000.00 |      97142.23 <=     192000.00 |        114.35 <=        300.00 |
| 101 |     305568.78 <=     360000.00 |     139806.79 <=     192000.00 |        201.60 <=        300.00 |
| 102 |     299331.66 <=     360000.00 |     146400.00 <=     192000.00 |        226.64 <=        300.00 |
| 103 |     176723.16 <=     360000.00 |      65872.49 <=     192000.00 |         88.48 <=        300.00 |
| 104 |     222633.32 <=     360000.00 |     101068.21 <=     192000.00 |        154.67 <=        300.00 |
| 105 |     179266.17 <=     360000.00 |      86762.42 <=     192000.00 |        143.88 <=        300.00 |
| 106 |     137972.46 <=     360000.00 |      55027.89 <=     192000.00 |         95.17 <=        300.00 |
| 107 |     160374.13 <=     360000.00 |      51261.09 <=     192000.00 |        109.23 <=        300.00 |
| 108 |     107339.67 <=     360000.00 |      31185.51 <=     192000.00 |         42.61 <=        300.00 |
| 109 |     118508.70 <=     360000.00 |      50103.34 <=     192000.00 |         96.53 <=        300.00 |
| 110 |     196981.71 <=     360000.00 |      98373.49 <=     192000.00 |        207.51 <=        300.00 |
| 111 |     144798.12 <=     360000.00 |      65733.05 <=     192000.00 |        118.85 <=        300.00 |
| 112 |     104800.37 <=     360000.00 |      52429.67 <=     192000.00 |         58.01 <=        300.00 |
| 113 |     102869.37 <=     360000.00 |      34335.73 <=     192000.00 |         33.00 <=        300.00 |
| 114 |      96642.29 <=     360000.00 |      41911.29 <=     192000.00 |         47.09 <=        300.00 |
| 115 |     111719.23 <=     360000.00 |      55045.91 <=     192000.00 |         94.64 <=        300.00 |
| 116 |     145934.60 <=     360000.00 |      68438.80 <=     192000.00 |         84.26 <=        300.00 |
| 117 |      80156.88 <=     360000.00 |      44460.17 <=     192000.00 |         28.43 <=        300.00 |
| 118 |     123389.12 <=     360000.00 |      69917.83 <=     192000.00 |         98.57 <=        300.00 |
| 119 |     116314.00 <=     360000.00 |      68958.00 <=     192000.00 |         72.00 <=        300.00 |
|-----+--------------------------------+--------------------------------+--------------------------------|



Done with solving LP relaxation in 1298.980000 seconds. Time elapsed: 1300.040000 in orsolver_internal (/home/cmoreno/code/OMP/code/src/orsolver.c:1517)

***************************** TOPOSORT *****************************

TOPOSORT: Problem has all knapsack constraints. Proceeding with toposort algorithms.
TOPOSORT: Use binary toposort = Yes.
TOPOSORT: Use fractional toposort = No .
TOPOSORT: Use mixed toposort = No .
TOPOSORT: Use alpha-points toposort = Yes (nalpha_points=50).
TOPOSORT: Use opt-destination = Yes.
Running TOPOSORT with (1) Expected Time (2) Original obj.
TOPOSORT: Toposort found solution with value 2575272357.479877.
TOPOSORT: Optimize destination fix previous solution with value 2575272357.479877.
Running TOPOSORT with (1) Expected Time (2) Discounted original obj.
TOPOSORT: Toposort found solution with value 2575272357.479877.
TOPOSORT: Optimize destination fix previous solution with value 2575272357.479877.
Running TOPOSORT with (1) Expected Time (2) Duals from by
TOPOSORT: Toposort found solution with value 2577086061.348426.
TOPOSORT: Optimize destination fix previous solution with value 2577086061.348426.
Running TOPOSORT with (1) Alpha points=0.020000 (2) Original obj.
TOPOSORT: Toposort found solution with value 2564732492.991235.
TOPOSORT: Optimize destination fix previous solution with value 2564732492.991235.
Running TOPOSORT with (1) Alpha points=0.020000 (2) Discounted original obj.
TOPOSORT: Toposort found solution with value 2561550019.277060.
TOPOSORT: Optimize destination fix previous solution with value 2561550019.277060.
Running TOPOSORT with (1) Alpha points=0.020000 (2) Duals from by
TOPOSORT: Toposort found solution with value 2557930219.131273.
TOPOSORT: Optimize destination fix previous solution with value 2557930219.131273.
Running TOPOSORT with (1) Alpha points=0.040000 (2) Original obj.
TOPOSORT: Toposort found solution with value 2565956231.915667.
TOPOSORT: Optimize destination fix previous solution with value 2565956231.915667.
Running TOPOSORT with (1) Alpha points=0.040000 (2) Discounted original obj.
TOPOSORT: Toposort found solution with value 2562309679.769834.
TOPOSORT: Optimize destination fix previous solution with value 2562309679.769834.
Running TOPOSORT with (1) Alpha points=0.040000 (2) Duals from by
TOPOSORT: Toposort found solution with value 2558224397.780847.
TOPOSORT: Optimize destination fix previous solution with value 2558224397.780847.
Running TOPOSORT with (1) Alpha points=0.060000 (2) Original obj.
TOPOSORT: Toposort found solution with value 2565956231.915667.
TOPOSORT: Optimize destination fix previous solution with value 2565956231.915667.
Running TOPOSORT with (1) Alpha points=0.060000 (2) Discounted original obj.
TOPOSORT: Toposort found solution with value 2562309679.769834.
TOPOSORT: Optimize destination fix previous solution with value 2562309679.769834.
Running TOPOSORT with (1) Alpha points=0.060000 (2) Duals from by
TOPOSORT: Toposort found solution with value 2558224397.780847.
TOPOSORT: Optimize destination fix previous solution with value 2558224397.780847.
Running TOPOSORT with (1) Alpha points=0.080000 (2) Original obj.
TOPOSORT: Toposort found solution with value 2557450195.612280.
TOPOSORT: Optimize destination fix previous solution with value 2557450195.612280.
Running TOPOSORT with (1) Alpha points=0.080000 (2) Discounted original obj.
TOPOSORT: Toposort found solution with value 2567486175.705578.
TOPOSORT: Optimize destination fix previous solution with value 2567486175.705578.
Running TOPOSORT with (1) Alpha points=0.080000 (2) Duals from by
TOPOSORT: Toposort found solution with value 2564885747.458965.
TOPOSORT: Optimize destination fix previous solution with value 2564885747.458965.
Running TOPOSORT with (1) Alpha points=0.100000 (2) Original obj.
TOPOSORT: Toposort found solution with value 2562154769.976845.
TOPOSORT: Optimize destination fix previous solution with value 2562154769.976845.
Running TOPOSORT with (1) Alpha points=0.100000 (2) Discounted original obj.
TOPOSORT: Toposort found solution with value 2564754396.913640.
TOPOSORT: Optimize destination fix previous solution with value 2564754396.913640.
Running TOPOSORT with (1) Alpha points=0.100000 (2) Duals from by
TOPOSORT: Toposort found solution with value 2570463961.924432.
TOPOSORT: Optimize destination fix previous solution with value 2570463961.924432.
Running TOPOSORT with (1) Alpha points=0.120000 (2) Original obj.
TOPOSORT: Toposort found solution with value 2562969621.120424.
TOPOSORT: Optimize destination fix previous solution with value 2562969621.120424.
Running TOPOSORT with (1) Alpha points=0.120000 (2) Discounted original obj.
TOPOSORT: Toposort found solution with value 2566324723.904809.
TOPOSORT: Optimize destination fix previous solution with value 2566324723.904809.
Running TOPOSORT with (1) Alpha points=0.120000 (2) Duals from by
TOPOSORT: Toposort found solution with value 2568541095.503641.
TOPOSORT: Optimize destination fix previous solution with value 2568541095.503641.
Running TOPOSORT with (1) Alpha points=0.140000 (2) Original obj.
TOPOSORT: Toposort found solution with value 2562969621.120424.
TOPOSORT: Optimize destination fix previous solution with value 2562969621.120424.
Running TOPOSORT with (1) Alpha points=0.140000 (2) Discounted original obj.
TOPOSORT: Toposort found solution with value 2566324723.904809.
TOPOSORT: Optimize destination fix previous solution with value 2566324723.904809.
Running TOPOSORT with (1) Alpha points=0.140000 (2) Duals from by
TOPOSORT: Toposort found solution with value 2568541095.503641.
TOPOSORT: Optimize destination fix previous solution with value 2568541095.503641.
Running TOPOSORT with (1) Alpha points=0.160000 (2) Original obj.
TOPOSORT: Toposort found solution with value 2564389209.960028.
TOPOSORT: Optimize destination fix previous solution with value 2564389209.960028.
Running TOPOSORT with (1) Alpha points=0.160000 (2) Discounted original obj.
TOPOSORT: Toposort found solution with value 2561436041.321944.
TOPOSORT: Optimize destination fix previous solution with value 2561436041.321944.
Running TOPOSORT with (1) Alpha points=0.160000 (2) Duals from by
TOPOSORT: Toposort found solution with value 2568570403.946818.
TOPOSORT: Optimize destination fix previous solution with value 2568570403.946818.
Running TOPOSORT with (1) Alpha points=0.180000 (2) Original obj.
TOPOSORT: Toposort found solution with value 2564389209.960028.
TOPOSORT: Optimize destination fix previous solution with value 2564389209.960028.
Running TOPOSORT with (1) Alpha points=0.180000 (2) Discounted original obj.
TOPOSORT: Toposort found solution with value 2561436041.321944.
TOPOSORT: Optimize destination fix previous solution with value 2561436041.321944.
Running TOPOSORT with (1) Alpha points=0.180000 (2) Duals from by
TOPOSORT: Toposort found solution with value 2568570403.946818.
TOPOSORT: Optimize destination fix previous solution with value 2568570403.946818.
Running TOPOSORT with (1) Alpha points=0.200000 (2) Original obj.
TOPOSORT: Toposort found solution with value 2558752006.624393.
TOPOSORT: Optimize destination fix previous solution with value 2558752006.624393.
Running TOPOSORT with (1) Alpha points=0.200000 (2) Discounted original obj.
TOPOSORT: Toposort found solution with value 2562476143.807415.
TOPOSORT: Optimize destination fix previous solution with value 2562476143.807415.
Running TOPOSORT with (1) Alpha points=0.200000 (2) Duals from by
TOPOSORT: Toposort found solution with value 2568791304.696640.
TOPOSORT: Optimize destination fix previous solution with value 2568791304.696640.
Running TOPOSORT with (1) Alpha points=0.220000 (2) Original obj.
TOPOSORT: Toposort found solution with value 2558752006.624393.
TOPOSORT: Optimize destination fix previous solution with value 2558752006.624393.
Running TOPOSORT with (1) Alpha points=0.220000 (2) Discounted original obj.
TOPOSORT: Toposort found solution with value 2562476143.807415.
TOPOSORT: Optimize destination fix previous solution with value 2562476143.807415.
Running TOPOSORT with (1) Alpha points=0.220000 (2) Duals from by
TOPOSORT: Toposort found solution with value 2568791304.696640.
TOPOSORT: Optimize destination fix previous solution with value 2568791304.696640.
Running TOPOSORT with (1) Alpha points=0.240000 (2) Original obj.
TOPOSORT: Toposort found solution with value 2558817508.039464.
TOPOSORT: Optimize destination fix previous solution with value 2558817508.039464.
Running TOPOSORT with (1) Alpha points=0.240000 (2) Discounted original obj.
TOPOSORT: Toposort found solution with value 2562440170.680299.
TOPOSORT: Optimize destination fix previous solution with value 2562440170.680299.
Running TOPOSORT with (1) Alpha points=0.240000 (2) Duals from by
TOPOSORT: Toposort found solution with value 2568803119.097180.
TOPOSORT: Optimize destination fix previous solution with value 2568803119.097180.
Running TOPOSORT with (1) Alpha points=0.260000 (2) Original obj.
TOPOSORT: Toposort found solution with value 2558862806.016056.
TOPOSORT: Optimize destination fix previous solution with value 2558862806.016056.
Running TOPOSORT with (1) Alpha points=0.260000 (2) Discounted original obj.
TOPOSORT: Toposort found solution with value 2562483260.178313.
TOPOSORT: Optimize destination fix previous solution with value 2562483260.178313.
Running TOPOSORT with (1) Alpha points=0.260000 (2) Duals from by
TOPOSORT: Toposort found solution with value 2568507343.867655.
TOPOSORT: Optimize destination fix previous solution with value 2568507343.867655.
Running TOPOSORT with (1) Alpha points=0.280000 (2) Original obj.
TOPOSORT: Toposort found solution with value 2558862806.016056.
TOPOSORT: Optimize destination fix previous solution with value 2558862806.016056.
Running TOPOSORT with (1) Alpha points=0.280000 (2) Discounted original obj.
TOPOSORT: Toposort found solution with value 2562483260.178313.
TOPOSORT: Optimize destination fix previous solution with value 2562483260.178313.
Running TOPOSORT with (1) Alpha points=0.280000 (2) Duals from by
TOPOSORT: Toposort found solution with value 2568507343.867655.
TOPOSORT: Optimize destination fix previous solution with value 2568507343.867655.
Running TOPOSORT with (1) Alpha points=0.300000 (2) Original obj.
TOPOSORT: Toposort found solution with value 2561851798.590417.
TOPOSORT: Optimize destination fix previous solution with value 2561851798.590417.
Running TOPOSORT with (1) Alpha points=0.300000 (2) Discounted original obj.
TOPOSORT: Toposort found solution with value 2563030706.658708.
TOPOSORT: Optimize destination fix previous solution with value 2563030706.658708.
Running TOPOSORT with (1) Alpha points=0.300000 (2) Duals from by
TOPOSORT: Toposort found solution with value 2572383482.119044.
TOPOSORT: Optimize destination fix previous solution with value 2572383482.119044.
Running TOPOSORT with (1) Alpha points=0.320000 (2) Original obj.
TOPOSORT: Toposort found solution with value 2559708858.747982.
TOPOSORT: Optimize destination fix previous solution with value 2559708858.747982.
Running TOPOSORT with (1) Alpha points=0.320000 (2) Discounted original obj.
TOPOSORT: Toposort found solution with value 2560682420.211556.
TOPOSORT: Optimize destination fix previous solution with value 2560682420.211556.
Running TOPOSORT with (1) Alpha points=0.320000 (2) Duals from by
TOPOSORT: Toposort found solution with value 2571216272.196018.
TOPOSORT: Optimize destination fix previous solution with value 2571216272.196018.
Running TOPOSORT with (1) Alpha points=0.340000 (2) Original obj.
TOPOSORT: Toposort found solution with value 2559708858.747982.
TOPOSORT: Optimize destination fix previous solution with value 2559708858.747982.
Running TOPOSORT with (1) Alpha points=0.340000 (2) Discounted original obj.
TOPOSORT: Toposort found solution with value 2560682420.211556.
TOPOSORT: Optimize destination fix previous solution with value 2560682420.211556.
Running TOPOSORT with (1) Alpha points=0.340000 (2) Duals from by
TOPOSORT: Toposort found solution with value 2571216272.196018.
TOPOSORT: Optimize destination fix previous solution with value 2571216272.196018.
Running TOPOSORT with (1) Alpha points=0.360000 (2) Original obj.
TOPOSORT: Toposort found solution with value 2559708858.747982.
TOPOSORT: Optimize destination fix previous solution with value 2559708858.747982.
Running TOPOSORT with (1) Alpha points=0.360000 (2) Discounted original obj.
TOPOSORT: Toposort found solution with value 2560682420.211556.
TOPOSORT: Optimize destination fix previous solution with value 2560682420.211556.
Running TOPOSORT with (1) Alpha points=0.360000 (2) Duals from by
TOPOSORT: Toposort found solution with value 2571216272.196018.
TOPOSORT: Optimize destination fix previous solution with value 2571216272.196018.
Running TOPOSORT with (1) Alpha points=0.380000 (2) Original obj.
TOPOSORT: Toposort found solution with value 2559708858.747982.
TOPOSORT: Optimize destination fix previous solution with value 2559708858.747982.
Running TOPOSORT with (1) Alpha points=0.380000 (2) Discounted original obj.
TOPOSORT: Toposort found solution with value 2560682420.211556.
TOPOSORT: Optimize destination fix previous solution with value 2560682420.211556.
Running TOPOSORT with (1) Alpha points=0.380000 (2) Duals from by
TOPOSORT: Toposort found solution with value 2571216272.196018.
TOPOSORT: Optimize destination fix previous solution with value 2571216272.196018.
Running TOPOSORT with (1) Alpha points=0.400000 (2) Original obj.
TOPOSORT: Toposort found solution with value 2559708858.747982.
TOPOSORT: Optimize destination fix previous solution with value 2559708858.747982.
Running TOPOSORT with (1) Alpha points=0.400000 (2) Discounted original obj.
TOPOSORT: Toposort found solution with value 2560682420.211556.
TOPOSORT: Optimize destination fix previous solution with value 2560682420.211556.
Running TOPOSORT with (1) Alpha points=0.400000 (2) Duals from by
TOPOSORT: Toposort found solution with value 2571216272.196018.
TOPOSORT: Optimize destination fix previous solution with value 2571216272.196018.
Running TOPOSORT with (1) Alpha points=0.420000 (2) Original obj.
TOPOSORT: Toposort found solution with value 2567681901.938730.
TOPOSORT: Optimize destination fix previous solution with value 2567681901.938730.
Running TOPOSORT with (1) Alpha points=0.420000 (2) Discounted original obj.
TOPOSORT: Toposort found solution with value 2567374690.079408.
TOPOSORT: Optimize destination fix previous solution with value 2567374690.079408.
Running TOPOSORT with (1) Alpha points=0.420000 (2) Duals from by
TOPOSORT: Toposort found solution with value 2574510503.152975.
TOPOSORT: Optimize destination fix previous solution with value 2574510503.152975.
Running TOPOSORT with (1) Alpha points=0.440000 (2) Original obj.
TOPOSORT: Toposort found solution with value 2573042412.599171.
TOPOSORT: Optimize destination fix previous solution with value 2573042412.599171.
Running TOPOSORT with (1) Alpha points=0.440000 (2) Discounted original obj.
TOPOSORT: Toposort found solution with value 2572927545.050438.
TOPOSORT: Optimize destination fix previous solution with value 2572927545.050438.
Running TOPOSORT with (1) Alpha points=0.440000 (2) Duals from by
TOPOSORT: Toposort found solution with value 2573984277.759716.
TOPOSORT: Optimize destination fix previous solution with value 2573984277.759716.
Running TOPOSORT with (1) Alpha points=0.460000 (2) Original obj.
TOPOSORT: Toposort found solution with value 2574974251.636679.
TOPOSORT: Optimize destination fix previous solution with value 2574974251.636679.
Running TOPOSORT with (1) Alpha points=0.460000 (2) Discounted original obj.
TOPOSORT: Toposort found solution with value 2574171622.781699.
TOPOSORT: Optimize destination fix previous solution with value 2574171622.781699.
Running TOPOSORT with (1) Alpha points=0.460000 (2) Duals from by
TOPOSORT: Toposort found solution with value 2574284783.053115.
TOPOSORT: Optimize destination fix previous solution with value 2574284783.053115.
Running TOPOSORT with (1) Alpha points=0.480000 (2) Original obj.
TOPOSORT: Toposort found solution with value 2573705523.055335.
TOPOSORT: Optimize destination fix previous solution with value 2573705523.055335.
Running TOPOSORT with (1) Alpha points=0.480000 (2) Discounted original obj.
TOPOSORT: Toposort found solution with value 2573954185.462018.
TOPOSORT: Optimize destination fix previous solution with value 2573954185.462018.
Running TOPOSORT with (1) Alpha points=0.480000 (2) Duals from by
TOPOSORT: Toposort found solution with value 2574454823.820446.
TOPOSORT: Optimize destination fix previous solution with value 2574454823.820446.
Running TOPOSORT with (1) Alpha points=0.500000 (2) Original obj.
TOPOSORT: Toposort found solution with value 2572916986.170631.
TOPOSORT: Optimize destination fix previous solution with value 2572916986.170631.
Running TOPOSORT with (1) Alpha points=0.500000 (2) Discounted original obj.
TOPOSORT: Toposort found solution with value 2574189876.473748.
TOPOSORT: Optimize destination fix previous solution with value 2574189876.473748.
Running TOPOSORT with (1) Alpha points=0.500000 (2) Duals from by
TOPOSORT: Toposort found solution with value 2574997389.155632.
TOPOSORT: Optimize destination fix previous solution with value 2574997389.155632.
Running TOPOSORT with (1) Alpha points=0.520000 (2) Original obj.
TOPOSORT: Toposort found solution with value 2574238607.070704.
TOPOSORT: Optimize destination fix previous solution with value 2574238607.070704.
Running TOPOSORT with (1) Alpha points=0.520000 (2) Discounted original obj.
TOPOSORT: Toposort found solution with value 2574623852.844931.
TOPOSORT: Optimize destination fix previous solution with value 2574623852.844931.
Running TOPOSORT with (1) Alpha points=0.520000 (2) Duals from by
TOPOSORT: Toposort found solution with value 2574628578.774724.
TOPOSORT: Optimize destination fix previous solution with value 2574628578.774724.
Running TOPOSORT with (1) Alpha points=0.540000 (2) Original obj.
TOPOSORT: Toposort found solution with value 2574297677.681962.
TOPOSORT: Optimize destination fix previous solution with value 2574297677.681962.
Running TOPOSORT with (1) Alpha points=0.540000 (2) Discounted original obj.
TOPOSORT: Toposort found solution with value 2574657687.503336.
TOPOSORT: Optimize destination fix previous solution with value 2574657687.503336.
Running TOPOSORT with (1) Alpha points=0.540000 (2) Duals from by
TOPOSORT: Toposort found solution with value 2574596093.299278.
TOPOSORT: Optimize destination fix previous solution with value 2574596093.299278.
Running TOPOSORT with (1) Alpha points=0.560000 (2) Original obj.
TOPOSORT: Toposort found solution with value 2572325301.172871.
TOPOSORT: Optimize destination fix previous solution with value 2572325301.172871.
Running TOPOSORT with (1) Alpha points=0.560000 (2) Discounted original obj.
TOPOSORT: Toposort found solution with value 2571987046.191652.
TOPOSORT: Optimize destination fix previous solution with value 2571987046.191652.
Running TOPOSORT with (1) Alpha points=0.560000 (2) Duals from by
TOPOSORT: Toposort found solution with value 2572392465.678108.
TOPOSORT: Optimize destination fix previous solution with value 2572392465.678108.
Running TOPOSORT with (1) Alpha points=0.580000 (2) Original obj.
TOPOSORT: Toposort found solution with value 2570393276.393547.
TOPOSORT: Optimize destination fix previous solution with value 2570393276.393547.
Running TOPOSORT with (1) Alpha points=0.580000 (2) Discounted original obj.
TOPOSORT: Toposort found solution with value 2570834736.390422.
TOPOSORT: Optimize destination fix previous solution with value 2570834736.390422.
Running TOPOSORT with (1) Alpha points=0.580000 (2) Duals from by
TOPOSORT: Toposort found solution with value 2569926302.707343.
TOPOSORT: Optimize destination fix previous solution with value 2569926302.707343.
Running TOPOSORT with (1) Alpha points=0.600000 (2) Original obj.
TOPOSORT: Toposort found solution with value 2567841798.403531.
TOPOSORT: Optimize destination fix previous solution with value 2567841798.403531.
Running TOPOSORT with (1) Alpha points=0.600000 (2) Discounted original obj.
TOPOSORT: Toposort found solution with value 2570338863.753180.
TOPOSORT: Optimize destination fix previous solution with value 2570338863.753180.
Running TOPOSORT with (1) Alpha points=0.600000 (2) Duals from by
TOPOSORT: Toposort found solution with value 2573904010.605994.
TOPOSORT: Optimize destination fix previous solution with value 2573904010.605994.
Running TOPOSORT with (1) Alpha points=0.620000 (2) Original obj.
TOPOSORT: Toposort found solution with value 2566422727.553668.
TOPOSORT: Optimize destination fix previous solution with value 2566422727.553668.
Running TOPOSORT with (1) Alpha points=0.620000 (2) Discounted original obj.
TOPOSORT: Toposort found solution with value 2572320676.775591.
TOPOSORT: Optimize destination fix previous solution with value 2572320676.775591.
Running TOPOSORT with (1) Alpha points=0.620000 (2) Duals from by
TOPOSORT: Toposort found solution with value 2573562144.637780.
TOPOSORT: Optimize destination fix previous solution with value 2573562144.637780.
Running TOPOSORT with (1) Alpha points=0.640000 (2) Original obj.
TOPOSORT: Toposort found solution with value 2571851193.174572.
TOPOSORT: Optimize destination fix previous solution with value 2571851193.174572.
Running TOPOSORT with (1) Alpha points=0.640000 (2) Discounted original obj.
TOPOSORT: Toposort found solution with value 2569811993.078914.
TOPOSORT: Optimize destination fix previous solution with value 2569811993.078914.
Running TOPOSORT with (1) Alpha points=0.640000 (2) Duals from by
TOPOSORT: Toposort found solution with value 2573339232.133550.
TOPOSORT: Optimize destination fix previous solution with value 2573339232.133550.
Running TOPOSORT with (1) Alpha points=0.660000 (2) Original obj.
TOPOSORT: Toposort found solution with value 2567082631.206964.
TOPOSORT: Optimize destination fix previous solution with value 2567082631.206964.
Running TOPOSORT with (1) Alpha points=0.660000 (2) Discounted original obj.
TOPOSORT: Toposort found solution with value 2569948315.752319.
TOPOSORT: Optimize destination fix previous solution with value 2569948315.752319.
Running TOPOSORT with (1) Alpha points=0.660000 (2) Duals from by
TOPOSORT: Toposort found solution with value 2574165400.422760.
TOPOSORT: Optimize destination fix previous solution with value 2574165400.422760.
Running TOPOSORT with (1) Alpha points=0.680000 (2) Original obj.
TOPOSORT: Toposort found solution with value 2567808997.544401.
TOPOSORT: Optimize destination fix previous solution with value 2567808997.544401.
Running TOPOSORT with (1) Alpha points=0.680000 (2) Discounted original obj.
TOPOSORT: Toposort found solution with value 2568325965.061431.
TOPOSORT: Optimize destination fix previous solution with value 2568325965.061431.
Running TOPOSORT with (1) Alpha points=0.680000 (2) Duals from by
TOPOSORT: Toposort found solution with value 2571868548.912387.
TOPOSORT: Optimize destination fix previous solution with value 2571868548.912387.
Running TOPOSORT with (1) Alpha points=0.700000 (2) Original obj.
TOPOSORT: Toposort found solution with value 2568511454.161724.
TOPOSORT: Optimize destination fix previous solution with value 2568511454.161724.
Running TOPOSORT with (1) Alpha points=0.700000 (2) Discounted original obj.
TOPOSORT: Toposort found solution with value 2568795043.518085.
TOPOSORT: Optimize destination fix previous solution with value 2568795043.518085.
Running TOPOSORT with (1) Alpha points=0.700000 (2) Duals from by
TOPOSORT: Toposort found solution with value 2572916313.145390.
TOPOSORT: Optimize destination fix previous solution with value 2572916313.145390.
Running TOPOSORT with (1) Alpha points=0.720000 (2) Original obj.
TOPOSORT: Toposort found solution with value 2571064786.097601.
TOPOSORT: Optimize destination fix previous solution with value 2571064786.097601.
Running TOPOSORT with (1) Alpha points=0.720000 (2) Discounted original obj.
TOPOSORT: Toposort found solution with value 2568915392.093536.
TOPOSORT: Optimize destination fix previous solution with value 2568915392.093536.
Running TOPOSORT with (1) Alpha points=0.720000 (2) Duals from by
TOPOSORT: Toposort found solution with value 2568589661.716511.
TOPOSORT: Optimize destination fix previous solution with value 2568589661.716511.
Running TOPOSORT with (1) Alpha points=0.740000 (2) Original obj.
TOPOSORT: Toposort found solution with value 2567097984.064136.
TOPOSORT: Optimize destination fix previous solution with value 2567097984.064136.
Running TOPOSORT with (1) Alpha points=0.740000 (2) Discounted original obj.
TOPOSORT: Toposort found solution with value 2565402216.875227.
TOPOSORT: Optimize destination fix previous solution with value 2565402216.875227.
Running TOPOSORT with (1) Alpha points=0.740000 (2) Duals from by
TOPOSORT: Toposort found solution with value 2571141686.596283.
TOPOSORT: Optimize destination fix previous solution with value 2571141686.596283.
Running TOPOSORT with (1) Alpha points=0.760000 (2) Original obj.
TOPOSORT: Toposort found solution with value 2565913974.227298.
TOPOSORT: Optimize destination fix previous solution with value 2565913974.227298.
Running TOPOSORT with (1) Alpha points=0.760000 (2) Discounted original obj.
TOPOSORT: Toposort found solution with value 2565621804.906886.
TOPOSORT: Optimize destination fix previous solution with value 2565621804.906886.
Running TOPOSORT with (1) Alpha points=0.760000 (2) Duals from by
TOPOSORT: Toposort found solution with value 2571238717.985373.
TOPOSORT: Optimize destination fix previous solution with value 2571238717.985373.
Running TOPOSORT with (1) Alpha points=0.780000 (2) Original obj.
TOPOSORT: Toposort found solution with value 2569173892.553138.
TOPOSORT: Optimize destination fix previous solution with value 2569173892.553138.
Running TOPOSORT with (1) Alpha points=0.780000 (2) Discounted original obj.
TOPOSORT: Toposort found solution with value 2566717850.610597.
TOPOSORT: Optimize destination fix previous solution with value 2566717850.610597.
Running TOPOSORT with (1) Alpha points=0.780000 (2) Duals from by
TOPOSORT: Toposort found solution with value 2567958826.908773.
TOPOSORT: Optimize destination fix previous solution with value 2567958826.908773.
Running TOPOSORT with (1) Alpha points=0.800000 (2) Original obj.
TOPOSORT: Toposort found solution with value 2565281826.038426.
TOPOSORT: Optimize destination fix previous solution with value 2565281826.038426.
Running TOPOSORT with (1) Alpha points=0.800000 (2) Discounted original obj.
TOPOSORT: Toposort found solution with value 2563958080.822952.
TOPOSORT: Optimize destination fix previous solution with value 2563958080.822952.
Running TOPOSORT with (1) Alpha points=0.800000 (2) Duals from by
TOPOSORT: Toposort found solution with value 2574284384.246168.
TOPOSORT: Optimize destination fix previous solution with value 2574284384.246168.
Running TOPOSORT with (1) Alpha points=0.820000 (2) Original obj.
TOPOSORT: Toposort found solution with value 2565281826.038426.
TOPOSORT: Optimize destination fix previous solution with value 2565281826.038426.
Running TOPOSORT with (1) Alpha points=0.820000 (2) Discounted original obj.
TOPOSORT: Toposort found solution with value 2563958080.822952.
TOPOSORT: Optimize destination fix previous solution with value 2563958080.822952.
Running TOPOSORT with (1) Alpha points=0.820000 (2) Duals from by
TOPOSORT: Toposort found solution with value 2574284384.246168.
TOPOSORT: Optimize destination fix previous solution with value 2574284384.246168.
Running TOPOSORT with (1) Alpha points=0.840000 (2) Original obj.
TOPOSORT: Toposort found solution with value 2563573365.958445.
TOPOSORT: Optimize destination fix previous solution with value 2563573365.958445.
Running TOPOSORT with (1) Alpha points=0.840000 (2) Discounted original obj.
TOPOSORT: Toposort found solution with value 2563831351.030417.
TOPOSORT: Optimize destination fix previous solution with value 2563831351.030417.
Running TOPOSORT with (1) Alpha points=0.840000 (2) Duals from by
TOPOSORT: Toposort found solution with value 2574577561.229112.
TOPOSORT: Optimize destination fix previous solution with value 2574577561.229112.
Running TOPOSORT with (1) Alpha points=0.860000 (2) Original obj.
TOPOSORT: Toposort found solution with value 2563754371.059989.
TOPOSORT: Optimize destination fix previous solution with value 2563754371.059989.
Running TOPOSORT with (1) Alpha points=0.860000 (2) Discounted original obj.
TOPOSORT: Toposort found solution with value 2566254670.512506.
TOPOSORT: Optimize destination fix previous solution with value 2566254670.512506.
Running TOPOSORT with (1) Alpha points=0.860000 (2) Duals from by
TOPOSORT: Toposort found solution with value 2574584121.270145.
TOPOSORT: Optimize destination fix previous solution with value 2574584121.270145.
Running TOPOSORT with (1) Alpha points=0.880000 (2) Original obj.
TOPOSORT: Toposort found solution with value 2565720146.718463.
TOPOSORT: Optimize destination fix previous solution with value 2565720146.718463.
Running TOPOSORT with (1) Alpha points=0.880000 (2) Discounted original obj.
TOPOSORT: Toposort found solution with value 2564257330.248046.
TOPOSORT: Optimize destination fix previous solution with value 2564257330.248046.
Running TOPOSORT with (1) Alpha points=0.880000 (2) Duals from by
TOPOSORT: Toposort found solution with value 2572525520.286166.
TOPOSORT: Optimize destination fix previous solution with value 2572525520.286166.
Running TOPOSORT with (1) Alpha points=0.900000 (2) Original obj.
TOPOSORT: Toposort found solution with value 2565585387.839870.
TOPOSORT: Optimize destination fix previous solution with value 2565585387.839870.
Running TOPOSORT with (1) Alpha points=0.900000 (2) Discounted original obj.
TOPOSORT: Toposort found solution with value 2564068077.908565.
TOPOSORT: Optimize destination fix previous solution with value 2564068077.908565.
Running TOPOSORT with (1) Alpha points=0.900000 (2) Duals from by
TOPOSORT: Toposort found solution with value 2575129199.739790.
TOPOSORT: Optimize destination fix previous solution with value 2575129199.739790.
Running TOPOSORT with (1) Alpha points=0.920000 (2) Original obj.
TOPOSORT: Toposort found solution with value 2564443680.427512.
TOPOSORT: Optimize destination fix previous solution with value 2564443680.427512.
Running TOPOSORT with (1) Alpha points=0.920000 (2) Discounted original obj.
TOPOSORT: Toposort found solution with value 2566612363.971802.
TOPOSORT: Optimize destination fix previous solution with value 2566612363.971802.
Running TOPOSORT with (1) Alpha points=0.920000 (2) Duals from by
TOPOSORT: Toposort found solution with value 2574515631.016838.
TOPOSORT: Optimize destination fix previous solution with value 2574515631.016838.
Running TOPOSORT with (1) Alpha points=0.940000 (2) Original obj.
TOPOSORT: Toposort found solution with value 2565607840.715837.
TOPOSORT: Optimize destination fix previous solution with value 2565607840.715837.
Running TOPOSORT with (1) Alpha points=0.940000 (2) Discounted original obj.
TOPOSORT: Toposort found solution with value 2560984128.796593.
TOPOSORT: Optimize destination fix previous solution with value 2560984128.796593.
Running TOPOSORT with (1) Alpha points=0.940000 (2) Duals from by
TOPOSORT: Toposort found solution with value 2566522845.949089.
TOPOSORT: Optimize destination fix previous solution with value 2566522845.949089.
Running TOPOSORT with (1) Alpha points=0.960000 (2) Original obj.
TOPOSORT: Toposort found solution with value 2566456199.518466.
TOPOSORT: Optimize destination fix previous solution with value 2566456199.518466.
Running TOPOSORT with (1) Alpha points=0.960000 (2) Discounted original obj.
TOPOSORT: Toposort found solution with value 2564613440.706171.
TOPOSORT: Optimize destination fix previous solution with value 2564613440.706171.
Running TOPOSORT with (1) Alpha points=0.960000 (2) Duals from by
TOPOSORT: Toposort found solution with value 2570909686.668208.
TOPOSORT: Optimize destination fix previous solution with value 2570909686.668208.
Running TOPOSORT with (1) Alpha points=0.980000 (2) Original obj.
TOPOSORT: Toposort found solution with value 2578540721.102784.
TOPOSORT: Optimize destination fix previous solution with value 2578540721.102784.
Running TOPOSORT with (1) Alpha points=0.980000 (2) Discounted original obj.
TOPOSORT: Toposort found solution with value 2576985075.107771.
TOPOSORT: Optimize destination fix previous solution with value 2576985075.107771.
Running TOPOSORT with (1) Alpha points=0.980000 (2) Duals from by
TOPOSORT: Toposort found solution with value 2577356828.847256.
TOPOSORT: Optimize destination fix previous solution with value 2577356828.847256.
Running TOPOSORT with (1) Alpha points=1.000000 (2) Original obj.
TOPOSORT: Toposort found solution with value 2577864376.355750.
TOPOSORT: Optimize destination fix previous solution with value 2577864376.355750.
Running TOPOSORT with (1) Alpha points=1.000000 (2) Discounted original obj.
TOPOSORT: Toposort found solution with value 2577477816.363852.
TOPOSORT: Optimize destination fix previous solution with value 2577477816.363852.
Running TOPOSORT with (1) Alpha points=1.000000 (2) Duals from by
TOPOSORT: Toposort found solution with value 2577517279.420029.
TOPOSORT: Optimize destination fix previous solution with value 2577517279.420029.
STATS_TOPOSORT_OBJVAL 2578540721.102784
STATS_TOPOSORT_TIME 22.290000


          |------------------------------------------------------------|
          |       TOPOSORT SOLUTION QUALITY INFORMATION                |
          |------------------------------------------------------------|
          |                                | PP-AGG Sol  |  Orig Sol   |
          |--------------------------------+-------------+-------------|
          | Const. violation (max 3.0e+05) |  0.0000e+00 |  0.0000e+00 |
          | Prec violation   (max 1.0e-05) |  0.0000e+00 |  0.0000e+00 |
          | Bounds violation (max 1.0e-05) |  0.0000e+00 |  0.0000e+00 |
          | Is Feasible?                   |     Yes     |     Yes     |
          |--------------------------------+-------------+-------------|
          | W. Int. Viol.    (max 1.0e-02) |  0.0000e+00 |  0.0000e+00 |
          | S. Int. Viol.    (max 1.0e-02) |  0.0000e+00 |  0.0000e+00 |
          | Is Integer (weak)?             |     Yes     |     Yes     |
          | Is Integer (strong)?           |     Yes     |     Yes     |
          |--------------------------------+-------------+-------------|
          | Objective Value                |  2.5785e+09 |  2.5785e+09 |
          |--------------------------------+-------------+-------------|
          | Best Previous LP Solution      |  2.5915e+09 |  2.5915e+09 |
          | Replace Best LP Solution?      |     No      |     No      |
          |------------------------------------------------------------|
          | Best Previous IP Solution      |-1.7977e+308 |-1.7977e+308 |
          | Replace Best IP Solution?      |     Yes     |     Yes     |
          |--------------------------------+-------------+-------------|
          | Best known Upper Bound         |             |  2.5918e+09 |
          | Integrality Gap                |             |      0.5%   |
          |------------------------------------------------------------|
            TOPOSORT SOLUTION written to Agricola60_Agricola60_underground2022.TOPOSORT.ip.sol

          |------+------------------+---------+---------|
          |  t   |    Objval[t]     | Perc[t] |  Acc[t] | 
          |------+------------------+---------+---------|
          |    0 |    38131283.0000 |   1.48% |   1.48% |
          |    1 |    39206207.9414 |   1.52% |   3.00% |
          |    2 |    47791920.5287 |   1.85% |   4.85% |
          |    3 |    49563410.1883 |   1.92% |   6.77% |
          |    4 |    48135506.9570 |   1.87% |   8.64% |
          |    5 |    46089441.6904 |   1.79% |  10.43% |
          |    6 |    42322521.9860 |   1.64% |  12.07% |
          |    7 |    49060203.7700 |   1.90% |  13.97% |
          |    8 |    42655051.6110 |   1.65% |  15.63% |
          |    9 |    49629691.6146 |   1.92% |  17.55% |
          |   10 |    47431327.7059 |   1.84% |  19.39% |
          |   11 |    43351999.1647 |   1.68% |  21.07% |
          |   12 |    38354002.2961 |   1.49% |  22.56% |
          |   13 |    43283084.3159 |   1.68% |  24.24% |
          |   14 |    35268740.0429 |   1.37% |  25.61% |
          |   15 |    38781799.4089 |   1.50% |  27.11% |
          |   16 |    38721158.9506 |   1.50% |  28.61% |
          |   17 |    52477061.4893 |   2.04% |  30.65% |
          |   18 |    45293677.6212 |   1.76% |  32.40% |
          |   19 |    45059099.1737 |   1.75% |  34.15% |
          |   20 |    49282010.0283 |   1.91% |  36.06% |
          |   21 |    44310226.1893 |   1.72% |  37.78% |
          |   22 |    42535496.2370 |   1.65% |  39.43% |
          |   23 |    47320135.8104 |   1.84% |  41.27% |
          |   24 |    39459258.6903 |   1.53% |  42.80% |
          |   25 |    31185472.4776 |   1.21% |  44.01% |
          |   26 |    29589122.8321 |   1.15% |  45.15% |
          |   27 |    32578147.7159 |   1.26% |  46.42% |
          |   28 |    36834740.3412 |   1.43% |  47.84% |
          |   29 |    36491396.9532 |   1.42% |  49.26% |
          |   30 |    35606586.6635 |   1.38% |  50.64% |
          |   31 |    32551415.0939 |   1.26% |  51.90% |
          |   32 |    30698952.6819 |   1.19% |  53.09% |
          |   33 |    31148401.1130 |   1.21% |  54.30% |
          |   34 |    34879589.6670 |   1.35% |  55.65% |
          |   35 |    38736341.6110 |   1.50% |  57.16% |
          |   36 |    31678732.8774 |   1.23% |  58.39% |
          |   37 |    31693823.3298 |   1.23% |  59.61% |
          |   38 |    26732740.1561 |   1.04% |  60.65% |
          |   39 |    26288132.1931 |   1.02% |  61.67% |
          |   40 |    29956577.0905 |   1.16% |  62.83% |
          |   41 |    19271347.8718 |   0.75% |  63.58% |
          |   42 |    18989783.9908 |   0.74% |  64.32% |
          |   43 |    29805313.8836 |   1.16% |  65.47% |
          |   44 |    25138441.1181 |   0.97% |  66.45% |
          |   45 |    31561682.1634 |   1.22% |  67.67% |
          |   46 |    25421888.1859 |   0.99% |  68.66% |
          |   47 |    24344148.3200 |   0.94% |  69.60% |
          |   48 |    22229765.2618 |   0.86% |  70.46% |
          |   49 |    14952778.4196 |   0.58% |  71.04% |
          |   50 |    20347908.2742 |   0.79% |  71.83% |
          |   51 |    23996120.6768 |   0.93% |  72.76% |
          |   52 |    22439030.2422 |   0.87% |  73.63% |
          |   53 |    25372449.6574 |   0.98% |  74.62% |
          |   54 |    20902420.9729 |   0.81% |  75.43% |
          |   55 |    21741446.9204 |   0.84% |  76.27% |
          |   56 |    21668722.1221 |   0.84% |  77.11% |
          |   57 |    17795234.4243 |   0.69% |  77.80% |
          |   58 |    20052646.1597 |   0.78% |  78.58% |
          |   59 |    15648741.7022 |   0.61% |  79.19% |
          |   60 |    20237093.9743 |   0.78% |  79.97% |
          |   61 |    16766243.6903 |   0.65% |  80.62% |
          |   62 |    16755649.8027 |   0.65% |  81.27% |
          |   63 |    20159237.8591 |   0.78% |  82.05% |
          |   64 |    14979527.5776 |   0.58% |  82.63% |
          |   65 |    17645178.2147 |   0.68% |  83.32% |
          |   66 |    13281265.7932 |   0.52% |  83.83% |
          |   67 |    17918652.4031 |   0.69% |  84.53% |
          |   68 |    17330022.0695 |   0.67% |  85.20% |
          |   69 |    13854152.0283 |   0.54% |  85.74% |
          |   70 |    13059829.0218 |   0.51% |  86.24% |
          |   71 |    12794761.2081 |   0.50% |  86.74% |
          |   72 |    14286845.7504 |   0.55% |  87.29% |
          |   73 |    15114400.9739 |   0.59% |  87.88% |
          |   74 |    10164172.0743 |   0.39% |  88.27% |
          |   75 |    12128427.6258 |   0.47% |  88.74% |
          |   76 |    12243249.1637 |   0.47% |  89.22% |
          |   77 |    13866250.7643 |   0.54% |  89.76% |
          |   78 |    12365316.5370 |   0.48% |  90.24% |
          |   79 |    14590334.1725 |   0.57% |  90.80% |
          |   80 |    11109911.6222 |   0.43% |  91.23% |
          |   81 |     7817945.2472 |   0.30% |  91.54% |
          |   82 |     7639598.5586 |   0.30% |  91.83% |
          |   83 |    12069272.6884 |   0.47% |  92.30% |
          |   84 |    12571144.5614 |   0.49% |  92.79% |
          |   85 |     8797227.4049 |   0.34% |  93.13% |
          |   86 |    10336301.8877 |   0.40% |  93.53% |
          |   87 |     7782574.7052 |   0.30% |  93.83% |
          |   88 |     8082269.2610 |   0.31% |  94.15% |
          |   89 |     9459695.3998 |   0.37% |  94.51% |
          |   90 |     8930115.4898 |   0.35% |  94.86% |
          |   91 |     9939363.1530 |   0.39% |  95.24% |
          |   92 |     7290391.8603 |   0.28% |  95.53% |
          |   93 |     9048519.1666 |   0.35% |  95.88% |
          |   94 |     7803055.8852 |   0.30% |  96.18% |
          |   95 |     5636693.7898 |   0.22% |  96.40% |
          |   96 |     7223109.4647 |   0.28% |  96.68% |
          |   97 |     3754461.1386 |   0.15% |  96.83% |
          |   98 |     8317550.9874 |   0.32% |  97.15% |
          |   99 |     5217225.0755 |   0.20% |  97.35% |
          |  100 |     6659894.3342 |   0.26% |  97.61% |
          |  101 |     3648172.2911 |   0.14% |  97.75% |
          |  102 |     7451517.6477 |   0.29% |  98.04% |
          |  103 |     8398871.7759 |   0.33% |  98.36% |
          |  104 |     2679234.6253 |   0.10% |  98.47% |
          |  105 |     3889272.9102 |   0.15% |  98.62% |
          |  106 |     4133262.7254 |   0.16% |  98.78% |
          |  107 |     2755432.1564 |   0.11% |  98.89% |
          |  108 |     2542036.5392 |   0.10% |  98.99% |
          |  109 |      977626.0976 |   0.04% |  99.02% |
          |  110 |     1058087.0629 |   0.04% |  99.06% |
          |  111 |     4952011.5394 |   0.19% |  99.26% |
          |  112 |     3449962.9913 |   0.13% |  99.39% |
          |  113 |     2227737.3829 |   0.09% |  99.48% |
          |  114 |     1670764.0411 |   0.06% |  99.54% |
          |  115 |     1325667.7835 |   0.05% |  99.59% |
          |  116 |     2763845.2739 |   0.11% |  99.70% |
          |  117 |     3053747.7644 |   0.12% |  99.82% |
          |  118 |     1768715.4617 |   0.07% |  99.89% |
          |  119 |     2923463.0707 |   0.11% | 100.00% |
          |------+------------------+---------+---------|
          | tot  |  2578540721.1028 | 100.00% | 100.00% |
          |------+------------------+---------+---------|


|-----+--------------------------------+--------------------------------+--------------------------------|
|  t  |         CONSTRAINT:  0         |         CONSTRAINT:  1         |         CONSTRAINT:  2         |
|-----+--------------------------------+--------------------------------+--------------------------------|
|   0 |     348580.00 <=     360000.00 |     181341.00 <=     192000.00 |         99.00 <=        300.00 |
|   1 |     359995.00 <=     360000.00 |     165432.00 <=     192000.00 |         93.00 <=        300.00 |
|   2 |     359960.00 <=     360000.00 |     176847.00 <=     192000.00 |        120.00 <=        300.00 |
|   3 |     359971.00 <=     360000.00 |     175962.00 <=     192000.00 |        124.00 <=        300.00 |
|   4 |     358332.00 <=     360000.00 |     185123.00 <=     192000.00 |        108.00 <=        300.00 |
|   5 |     359765.00 <=     360000.00 |     181116.00 <=     192000.00 |        112.00 <=        300.00 |
|   6 |     359839.00 <=     360000.00 |     167998.00 <=     192000.00 |        128.00 <=        300.00 |
|   7 |     359616.00 <=     360000.00 |     179386.00 <=     192000.00 |         76.00 <=        300.00 |
|   8 |     359702.00 <=     360000.00 |     172306.00 <=     192000.00 |         56.00 <=        300.00 |
|   9 |     359048.00 <=     360000.00 |     179262.00 <=     192000.00 |        185.00 <=        300.00 |
|  10 |     359495.00 <=     360000.00 |     184056.00 <=     192000.00 |        145.00 <=        300.00 |
|  11 |     359987.00 <=     360000.00 |     180122.00 <=     192000.00 |        138.00 <=        300.00 |
|  12 |     358739.00 <=     360000.00 |     182310.00 <=     192000.00 |        160.00 <=        300.00 |
|  13 |     359785.00 <=     360000.00 |     180848.00 <=     192000.00 |        189.00 <=        300.00 |
|  14 |     357391.00 <=     360000.00 |     182688.00 <=     192000.00 |        182.00 <=        300.00 |
|  15 |     358256.00 <=     360000.00 |     178478.00 <=     192000.00 |        209.00 <=        300.00 |
|  16 |     358012.00 <=     360000.00 |     180316.00 <=     192000.00 |        164.00 <=        300.00 |
|  17 |     357344.00 <=     360000.00 |     180073.00 <=     192000.00 |        157.00 <=        300.00 |
|  18 |     358824.00 <=     360000.00 |     184731.00 <=     192000.00 |        197.00 <=        300.00 |
|  19 |     357498.00 <=     360000.00 |     186896.00 <=     192000.00 |        182.00 <=        300.00 |
|  20 |     356687.00 <=     360000.00 |     181555.00 <=     192000.00 |        178.00 <=        300.00 |
|  21 |     359067.00 <=     360000.00 |     180412.00 <=     192000.00 |        243.00 <=        300.00 |
|  22 |     356283.00 <=     360000.00 |     176995.00 <=     192000.00 |        205.00 <=        300.00 |
|  23 |     358278.00 <=     360000.00 |     182314.00 <=     192000.00 |        242.00 <=        300.00 |
|  24 |     358757.00 <=     360000.00 |     171771.00 <=     192000.00 |        206.00 <=        300.00 |
|  25 |     335229.00 <=     360000.00 |     167896.00 <=     192000.00 |        120.00 <=        300.00 |
|  26 |     338368.00 <=     360000.00 |     153946.00 <=     192000.00 |         97.00 <=        300.00 |
|  27 |     359387.00 <=     360000.00 |     175022.00 <=     192000.00 |        158.00 <=        300.00 |
|  28 |     359989.00 <=     360000.00 |     178294.00 <=     192000.00 |        158.00 <=        300.00 |
|  29 |     359932.00 <=     360000.00 |     183369.00 <=     192000.00 |        180.00 <=        300.00 |
|  30 |     359657.00 <=     360000.00 |     185948.00 <=     192000.00 |        182.00 <=        300.00 |
|  31 |     359993.00 <=     360000.00 |     179671.00 <=     192000.00 |        227.00 <=        300.00 |
|  32 |     359761.00 <=     360000.00 |     184005.00 <=     192000.00 |        177.00 <=        300.00 |
|  33 |     359404.00 <=     360000.00 |     180387.00 <=     192000.00 |        143.00 <=        300.00 |
|  34 |     359742.00 <=     360000.00 |     182208.00 <=     192000.00 |        112.00 <=        300.00 |
|  35 |     352708.00 <=     360000.00 |     191188.00 <=     192000.00 |        173.00 <=        300.00 |
|  36 |     359715.00 <=     360000.00 |     184206.00 <=     192000.00 |        149.00 <=        300.00 |
|  37 |     359648.00 <=     360000.00 |     186141.00 <=     192000.00 |        177.00 <=        300.00 |
|  38 |     359808.00 <=     360000.00 |     175532.00 <=     192000.00 |        193.00 <=        300.00 |
|  39 |     359706.00 <=     360000.00 |     169772.00 <=     192000.00 |        145.00 <=        300.00 |
|  40 |     359718.00 <=     360000.00 |     190251.00 <=     192000.00 |        193.00 <=        300.00 |
|  41 |     358560.00 <=     360000.00 |     156976.00 <=     192000.00 |        221.00 <=        300.00 |
|  42 |     350506.00 <=     360000.00 |     138742.00 <=     192000.00 |        118.00 <=        300.00 |
|  43 |     352620.00 <=     360000.00 |     171650.00 <=     192000.00 |         83.00 <=        300.00 |
|  44 |     359241.00 <=     360000.00 |     169132.00 <=     192000.00 |        164.00 <=        300.00 |
|  45 |     359467.00 <=     360000.00 |     190254.00 <=     192000.00 |        136.00 <=        300.00 |
|  46 |     359840.00 <=     360000.00 |     176607.00 <=     192000.00 |        116.00 <=        300.00 |
|  47 |     359994.00 <=     360000.00 |     178568.00 <=     192000.00 |        102.00 <=        300.00 |
|  48 |     359767.00 <=     360000.00 |     159431.00 <=     192000.00 |        141.00 <=        300.00 |
|  49 |     359947.00 <=     360000.00 |     148171.00 <=     192000.00 |         83.00 <=        300.00 |
|  50 |     346251.00 <=     360000.00 |     156260.00 <=     192000.00 |         55.00 <=        300.00 |
|  51 |     359042.00 <=     360000.00 |     176763.00 <=     192000.00 |         37.00 <=        300.00 |
|  52 |     358708.00 <=     360000.00 |     177863.00 <=     192000.00 |         38.00 <=        300.00 |
|  53 |     358952.00 <=     360000.00 |     191781.00 <=     192000.00 |         20.00 <=        300.00 |
|  54 |     351682.00 <=     360000.00 |     159483.00 <=     192000.00 |         62.00 <=        300.00 |
|  55 |     358762.00 <=     360000.00 |     172882.00 <=     192000.00 |         53.00 <=        300.00 |
|  56 |     358736.00 <=     360000.00 |     174162.00 <=     192000.00 |         72.00 <=        300.00 |
|  57 |     352564.00 <=     360000.00 |     154712.00 <=     192000.00 |        113.00 <=        300.00 |
|  58 |     359937.00 <=     360000.00 |     173911.00 <=     192000.00 |         95.00 <=        300.00 |
|  59 |     317550.00 <=     360000.00 |     152183.00 <=     192000.00 |        134.00 <=        300.00 |
|  60 |     359321.00 <=     360000.00 |     166162.00 <=     192000.00 |        131.00 <=        300.00 |
|  61 |     339899.00 <=     360000.00 |     154637.00 <=     192000.00 |        134.00 <=        300.00 |
|  62 |     356906.00 <=     360000.00 |     161410.00 <=     192000.00 |         93.00 <=        300.00 |
|  63 |     359745.00 <=     360000.00 |     179721.00 <=     192000.00 |        129.00 <=        300.00 |
|  64 |     347740.00 <=     360000.00 |     157477.00 <=     192000.00 |        165.00 <=        300.00 |
|  65 |     359594.00 <=     360000.00 |     166748.00 <=     192000.00 |        244.00 <=        300.00 |
|  66 |     358694.00 <=     360000.00 |     149898.00 <=     192000.00 |        140.00 <=        300.00 |
|  67 |     359044.00 <=     360000.00 |     182749.00 <=     192000.00 |        253.00 <=        300.00 |
|  68 |     358805.00 <=     360000.00 |     172912.00 <=     192000.00 |        168.00 <=        300.00 |
|  69 |     359311.00 <=     360000.00 |     164682.00 <=     192000.00 |        189.00 <=        300.00 |
|  70 |     348718.00 <=     360000.00 |     160374.00 <=     192000.00 |        185.00 <=        300.00 |
|  71 |     358835.00 <=     360000.00 |     157759.00 <=     192000.00 |        236.00 <=        300.00 |
|  72 |     358306.00 <=     360000.00 |     158716.00 <=     192000.00 |        174.00 <=        300.00 |
|  73 |     359979.00 <=     360000.00 |     142524.00 <=     192000.00 |        126.00 <=        300.00 |
|  74 |     359304.00 <=     360000.00 |     149665.00 <=     192000.00 |        126.00 <=        300.00 |
|  75 |     359652.00 <=     360000.00 |     151126.00 <=     192000.00 |        141.00 <=        300.00 |
|  76 |     357556.00 <=     360000.00 |     169073.00 <=     192000.00 |        207.00 <=        300.00 |
|  77 |     359361.00 <=     360000.00 |     157514.00 <=     192000.00 |        109.00 <=        300.00 |
|  78 |     359939.00 <=     360000.00 |     163311.00 <=     192000.00 |        177.00 <=        300.00 |
|  79 |     358596.00 <=     360000.00 |     168784.00 <=     192000.00 |        238.00 <=        300.00 |
|  80 |     359973.00 <=     360000.00 |     150088.00 <=     192000.00 |        167.00 <=        300.00 |
|  81 |     351923.00 <=     360000.00 |     145362.00 <=     192000.00 |        198.00 <=        300.00 |
|  82 |     359070.00 <=     360000.00 |     127166.00 <=     192000.00 |        122.00 <=        300.00 |
|  83 |     359873.00 <=     360000.00 |     165225.00 <=     192000.00 |        122.00 <=        300.00 |
|  84 |     359014.00 <=     360000.00 |     170498.00 <=     192000.00 |        134.00 <=        300.00 |
|  85 |     356264.00 <=     360000.00 |     150042.00 <=     192000.00 |        125.00 <=        300.00 |
|  86 |     359598.00 <=     360000.00 |     160873.00 <=     192000.00 |        189.00 <=        300.00 |
|  87 |     359193.00 <=     360000.00 |     149747.00 <=     192000.00 |        153.00 <=        300.00 |
|  88 |     354261.00 <=     360000.00 |     149712.00 <=     192000.00 |        210.00 <=        300.00 |
|  89 |     353484.00 <=     360000.00 |     167000.00 <=     192000.00 |        248.00 <=        300.00 |
|  90 |     358444.00 <=     360000.00 |     155990.00 <=     192000.00 |        257.00 <=        300.00 |
|  91 |     359967.00 <=     360000.00 |     156575.00 <=     192000.00 |        247.00 <=        300.00 |
|  92 |     359104.00 <=     360000.00 |     149423.00 <=     192000.00 |        128.00 <=        300.00 |
|  93 |     359979.00 <=     360000.00 |     166154.00 <=     192000.00 |        183.00 <=        300.00 |
|  94 |     359836.00 <=     360000.00 |     157947.00 <=     192000.00 |        249.00 <=        300.00 |
|  95 |     322330.00 <=     360000.00 |     132363.00 <=     192000.00 |        139.00 <=        300.00 |
|  96 |     359743.00 <=     360000.00 |     143901.00 <=     192000.00 |        223.00 <=        300.00 |
|  97 |     359324.00 <=     360000.00 |     134439.00 <=     192000.00 |        188.00 <=        300.00 |
|  98 |     359432.00 <=     360000.00 |     161537.00 <=     192000.00 |        237.00 <=        300.00 |
|  99 |     354228.00 <=     360000.00 |     136627.00 <=     192000.00 |        194.00 <=        300.00 |
| 100 |     347373.00 <=     360000.00 |     136841.00 <=     192000.00 |        208.00 <=        300.00 |
| 101 |     254950.00 <=     360000.00 |      95215.00 <=     192000.00 |        103.00 <=        300.00 |
| 102 |     276996.00 <=     360000.00 |     121775.00 <=     192000.00 |        181.00 <=        300.00 |
| 103 |     298951.00 <=     360000.00 |     152948.00 <=     192000.00 |        244.00 <=        300.00 |
| 104 |     197080.00 <=     360000.00 |      72981.00 <=     192000.00 |        116.00 <=        300.00 |
| 105 |     183330.00 <=     360000.00 |      76418.00 <=     192000.00 |        111.00 <=        300.00 |
| 106 |     195661.00 <=     360000.00 |      92093.00 <=     192000.00 |        149.00 <=        300.00 |
| 107 |     180461.00 <=     360000.00 |      70365.00 <=     192000.00 |        122.00 <=        300.00 |
| 108 |     144939.00 <=     360000.00 |      57650.00 <=     192000.00 |        125.00 <=        300.00 |
| 109 |     118583.00 <=     360000.00 |      38568.00 <=     192000.00 |         59.00 <=        300.00 |
| 110 |     108341.00 <=     360000.00 |      35564.00 <=     192000.00 |         60.00 <=        300.00 |
| 111 |     189555.00 <=     360000.00 |     100857.00 <=     192000.00 |        209.00 <=        300.00 |
| 112 |     148289.00 <=     360000.00 |      70840.00 <=     192000.00 |        114.00 <=        300.00 |
| 113 |     101157.00 <=     360000.00 |      49835.00 <=     192000.00 |         75.00 <=        300.00 |
| 114 |     114396.00 <=     360000.00 |      37512.00 <=     192000.00 |         22.00 <=        300.00 |
| 115 |      89352.00 <=     360000.00 |      39950.00 <=     192000.00 |         55.00 <=        300.00 |
| 116 |     117331.00 <=     360000.00 |      61254.00 <=     192000.00 |         84.00 <=        300.00 |
| 117 |     147203.00 <=     360000.00 |      67861.00 <=     192000.00 |         87.00 <=        300.00 |
| 118 |      79925.00 <=     360000.00 |      40940.00 <=     192000.00 |         39.00 <=        300.00 |
| 119 |     112457.00 <=     360000.00 |      67268.00 <=     192000.00 |         88.00 <=        300.00 |
|-----+--------------------------------+--------------------------------+--------------------------------|



Done with Toposort in 23.040000 seconds. Time elapsed: 1323.080000 in orsolver_internal (/home/cmoreno/code/OMP/code/src/orsolver.c:1590)

Done with Optimize Destination in 0.000000 seconds. Time elapsed: 1323.080000 in orsolver_internal (/home/cmoreno/code/OMP/code/src/orsolver.c:1659)
Not performing naive heuristic

Done with Naive in 0.000000 seconds. Time elapsed: 1323.080000 in orsolver_internal (/home/cmoreno/code/OMP/code/src/orsolver.c:1776)

Done with CP in 0.000000 seconds. Time elapsed: 1323.080000 in orsolver_internal (/home/cmoreno/code/OMP/code/src/orsolver.c:1924)
STATS_HEURISTICS_OBJVAL 2578540721.102784
STATS_HEURISTICS_TIME 23.040000

Done with ORSOLVER in 1323.080000 seconds. in orsolver_internal (/home/cmoreno/code/OMP/code/src/orsolver.c:2176)

HEADER: name param nbins_orig nblocks_orig ndest_orig nperiods_orig narcs_orig nbins_pp nblocks_pp ndestinations_pp nperiods_pp narcs_pp nconstraints nidx_at_orig nidx_at_pp nidx_by_pp time_input_testing time_preprocessing time_aggregation time_init_structs time_input_sol time_hotstart time_cuts time_LP time_topo time_naive time_rtw time_bb time_cp total_time cg_master_time cg_pricing_time cg_iterations bz_out_npartitions out_npartitions_bz out_nrounds_rootcp bb_niter lp_objval_orig lp_objval_pp lp_ubound ip_objval_orig ip_objval_pp ip_ubound toposort_objval naive_objval naive_od_objval rtw_objval

SUMMARY: Agricola60_Agricola60_underground2022 underground2022.params 13616 13616 1 120 46316 12992 12992 1 120 44436 4 1093247 1045040 1045040 0.030000 0.040000 0.000000 0.990000 0.000000 0.000000 0.000000 1298.980000 23.040000 0.000000 0.000000 0.000000 0.000000 1323.080000 1125.500000 171.830000 46 14400 0 0 0 2591546732.198003 2591546732.198003 2591803309.994947 2578540721.102784 2578540721.102784 2591803309.994947 2578540721.102784 * * *


Finished OMP-ORSOLVER in 1323.220000 seconds.

STATS_TOTAL_TIME 1323.220000



SLURM_JOB_ID: 125181
SLURM_CPUS_ON_NODE: 1
SLURM_CPUS_PER_TASK: 1
SLURM_JOB_CPUS_PER_NODE: 1
SLURM_JOB_NAME: Agricola60_OMP_SOLVER_consuelo_underground2022
SLURM_JOB_NODELIST: compute-slim-0-2
SLURMD_NODENAME: compute-slim-0-2
SLURM_JOB_NUM_NODES: 1
SLURM_JOB_PARTITION: compute-slim
SLURM_SUBMIT_DIR: /home/icipriano/alicantool_branchtest/alicantools
SBATCH_TIMELIMIT:
SBATCH_SIGNAL:
