2022-02-08 22:40:32 - INFO - Invokation arguments: /home/icipriano/BINARIO_TONHO_7FEB -u /home/icipriano/MinesRepo2/Dominion3/omp/Dominion3.prob -b /home/icipriano/MinesRepo2/Dominion3/omp/Dominion3.blocks -y /home/icipriano/MinesRepo2/Dominion3/omp/Dominion3.delay -r /home/icipriano/MinesRepo2/Dominion3/omp/Dominion3.fpp -n -w out_ompWcmp_9Feb_Dominion3 
2022-02-08 22:40:32 - REPORT - Reading the omp file /home/icipriano/MinesRepo2/Dominion3/omp/Dominion3.prob
2022-02-08 22:40:32 - INFO - NPERIODS: 1200
2022-02-08 22:40:32 - INFO - NDESTINATIONS: 1
2022-02-08 22:40:32 - INFO - OBJECTIVE: 0 2
2022-02-08 22:40:32 - INFO - DURATION: 1
2022-02-08 22:40:32 - INFO - DISCOUNT_RATE: 0.0006001200079999158
2022-02-08 22:40:32 - INFO - NCONSTRAINTS: 8
2022-02-08 22:40:32 - INFO - CONSTRAINT: 0 3 P * L 33000.0
2022-02-08 22:40:32 - INFO - CONSTRAINT: 1 4 P * L 7500.0
2022-02-08 22:40:32 - INFO - CONSTRAINT: 2 5 P * L 15000.0
2022-02-08 22:40:32 - INFO - CONSTRAINT: 3 6 P * L 7500.0
2022-02-08 22:40:32 - INFO - CONSTRAINT: 4 7 P * L 465.0
2022-02-08 22:40:32 - INFO - CONSTRAINT: 5 8 P * L 6000.0
2022-02-08 22:40:32 - INFO - CONSTRAINT: 6 9 P * L 18000.0
2022-02-08 22:40:32 - INFO - CONSTRAINT: 7 10 P * L 3.0
2022-02-08 22:40:32 - REPORT - Loading the .prob file: 0.00215 seconds.
2022-02-08 22:40:32 - REPORT - Reading the omp file /home/icipriano/MinesRepo2/Dominion3/omp/Dominion3.blocks
2022-02-08 22:40:32 - REPORT - Loading the blocks file: 0.490 seconds.
2022-02-08 22:40:32 - REPORT - Reading the omp precedences file /home/icipriano/MinesRepo2/Dominion3/omp/Dominion3.fpp
2022-02-08 22:40:32 - REPORT - Loading the .prec file: 0.0204 seconds.
2022-02-08 22:40:32 - REPORT - Reading the omp delays file /home/icipriano/MinesRepo2/Dominion3/omp/Dominion3.delay
2022-02-08 22:40:32 - REPORT - Loading the .delay file: 0.0273 seconds.
2022-02-08 22:40:32 - INFO - Created processor node for OMP destination 0
2022-02-08 22:40:32 - INFO - Created Source Node SN_0
2022-02-08 22:40:32 - INFO - Created arc between source node SN_0 and the process node PN0
2022-02-08 22:40:32 - INFO - Created time subdivision TS
2022-02-08 22:40:32 - INFO - Created time subdivision RHS_TS
2022-02-08 22:40:32 - INFO - Created time subdivision LHS_TS
2022-02-08 22:40:32 - REPORT - Creating parcels, categories and mining blocks from OMP Data.
2022-02-08 22:40:33 - REPORT - Creating parcels, categories and mining blocks from OMP Data: 1.05 seconds.
2022-02-08 22:40:33 - REPORT - Creating precedences from OMP data.
2022-02-08 22:40:33 - REPORT - Adding precedences from OMP Data: 0.0283 seconds.
2022-02-08 22:40:33 - REPORT - Parsing of the input files: 1.92 seconds.
2022-02-08 22:40:34 - INFO - Source node SN_0 contains 28883 categories.
2022-02-08 22:40:34 - REPORT - ************ Running Upit Preprocess ************
2022-02-08 22:40:34 - REPORT - Number of blocks in uPit: 22931 of a total of 28883
2022-02-08 22:40:34 - REPORT - Value of the Upit: 226,213,302.400
2022-02-08 22:40:34 - REPORT - +-----------------------------------------------------------------------------------------------------------------------------+
2022-02-08 22:40:34 - REPORT - |          |                                 Iteration                                 |              Accumulated             |
2022-02-08 22:40:34 - REPORT - |----------+---------------------------------------------------------------------------+--------------------------------------|
2022-02-08 22:40:34 - REPORT - |  # iter  |  # period  |  Undiscounted Objval  |    Discounted Objval  |        Time  |    Discounted Objval  |        Time  |
2022-02-08 22:40:34 - REPORT - |----------+------------+-----------------------+-----------------------+--------------+-----------------------+--------------|
2022-02-08 22:40:34 - INFO - Starting iteration 1 with first valid time 0
2022-02-08 22:40:34 - INFO - ************ Generating Reduced OPP ****************
2022-02-08 22:40:34 - INFO - Created time subdivision TS
2022-02-08 22:40:34 - INFO - Created time subdivision RHS_TS
2022-02-08 22:40:34 - INFO - Created time subdivision LHS_TS
2022-02-08 22:40:34 - INFO - Source node SN_0 contains 22931 categories.
2022-02-08 22:40:35 - INFO - Aggregation pattern attempt 0
2022-02-08 22:40:35 - INFO - Using aggregation pattern 1, 1, 1, 1, 1, 1, 1, 1, 1, 1, 1, 1, 1, 1, 1, 1, 1, 1, 1, 1, 1, 1, 1, 1, 1, 1, 1, 1, 1, 1, 1, 1, 1, 1, 1, 1, 1, 1, 1, 1, 1, 1, 1, 1, 1, 1, 1, 1, 1, 1, 1, 1, 1, 1, 1, 1, 1, 1, 1, 1, 1, 1, 1, 1, 1, 1, 1, 1, 1, 1, 1, 1, 1, 1, 1, 1, 1, 1, 1, 1, 1, 1, 1, 1, 1, 1, 1, 1, 1, 1, 1, 1, 1, 1, 1, 1, 1, 1, 1, 1, 1, 1, 1, 1, 1, 1, 1, 1, 1, 1, 1, 1, 1, 1, 1, 1, 1, 1, 1, 1, 1, 1, 1, 1, 1, 1, 1, 1, 1, 1, 1, 1, 1, 1, 1, 1, 1, 1, 1, 1, 1, 1, 1, 1, 1, 1, 1, 1, 1, 1, 1, 1, 1, 1, 1, 1, 1, 1, 1, 1, 1, 1, 1, 1, 1, 1, 1, 1, 1, 1, 1, 1, 1, 1, 1, 1, 1, 1, 1, 1, 1, 1, 1, 1, 1, 1, 1, 1, 1, 1, 1, 1, 1, 1, 1, 1, 1, 1, 1, 1, 1, 1, 1, 1, 1, 1, 1, 1, 1, 1, 1, 1, 1, 1, 1, 1, 1, 1, 1, 1, 1, 1, 1, 1, 1, 1, 1, 1, 1, 1, 1, 1, 1, 1, 1, 1, 1, 1, 1, 1, 1, 1, 1, 1, 1, 1, 1, 1, 1, 1, 1, 1, 1, 1, 1, 1, 1, 1, 1, 1, 1, 1, 1, 1, 1, 1, 1, 1, 1, 1, 1, 1, 1, 1, 1, 1, 1, 1, 1, 1, 1, 1, 1, 1, 1, 1, 1, 1, 1, 1, 1, 1, 1, 1, 1, 1, 1, 1, 1, 1, 1, 1, 1, 1, 1, 1, 1, 1, 1, 1, 1, 1, 1, 1, 1, 1, 1, 1, 1, 1, 1, 1, 1, 1, 1, 1, 1, 1, 1, 1, 1, 1, 1, 1, 1, 1, 1, 1, 1, 1, 1, 1, 1, 1, 1, 1, 1, 1, 1, 1, 1, 1, 1, 1, 1, 1, 1, 1, 1, 1, 1, 1, 1, 1, 1, 1, 1, 1, 1, 1, 1, 1, 1, 1, 1, 1, 1, 1, 1, 1, 1, 1, 1, 1, 1, 1, 1, 1, 1, 1, 1, 1, 1, 1, 1, 1, 1, 1, 1, 1, 1, 1, 1, 1, 1, 1, 1, 1, 1, 1, 1, 1, 1, 1, 1, 1, 1, 1, 1, 1, 1, 1, 1, 1, 1, 1, 1, 1, 1, 1, 1, 1, 1, 1, 1, 1, 1, 1, 1, 1, 1, 1, 1, 1, 1, 1, 1, 1, 1, 1, 1, 1, 1, 1, 1, 1, 1, 1, 1, 1, 1, 1, 1, 1, 1, 1, 1, 1, 1, 1, 1, 1, 1, 1, 1, 1, 1, 1, 1, 1, 1, 1, 1, 1, 1, 1, 1, 1, 1, 1, 1, 1, 1, 1, 1, 1, 1, 1, 1, 1, 1, 1, 1, 1, 1, 1, 1, 1, 1, 1, 1, 1, 1, 1, 1, 1, 1, 1, 1, 1, 1, 1, 1, 1, 1, 1, 1, 1, 1, 1, 1, 1, 1, 1, 1, 1, 1, 1, 1, 1, 1, 1, 1, 1, 1, 1, 1, 1, 1, 1, 1, 1, 1, 1, 1, 1, 1, 1, 1, 1, 1, 1, 1, 1, 1, 1, 1, 1, 1, 1, 1, 1, 1, 1, 1, 1, 1, 1, 1, 1, 1, 1, 1, 1, 1, 1, 1, 1, 1, 1, 1, 1, 1, 1, 1, 1, 1, 1, 1, 1, 1, 1, 1, 1, 1, 1, 1, 1, 1, 1, 1, 1, 1, 1, 1, 1, 1, 1, 1, 1, 1, 1, 1, 1, 1, 1, 1, 1, 1, 1, 1, 1, 1, 1, 1, 1, 1, 1, 1, 1, 1, 1, 1, 1, 1, 1, 1, 1, 1, 1, 1, 1, 1, 1, 1, 1, 1, 1, 1, 1, 1, 1, 1, 1, 1, 1, 1, 1, 1, 1, 1, 1, 1, 1, 1, 1, 1, 1, 1, 1, 1, 1, 1, 1, 1, 1, 1, 1, 1, 1, 1, 1, 1, 1, 1, 1, 1, 1, 1, 1, 1, 1, 1, 1, 1, 1, 1, 1, 1, 1, 1, 1, 1, 1, 1, 1, 1, 1, 1, 1, 1, 1, 1, 1, 1, 1, 1, 1, 1, 1, 1, 1, 1, 1, 1, 1, 1, 1, 1, 1, 1, 1, 1, 1, 1, 1, 1, 1, 1, 1, 1, 1, 1, 1, 1, 1, 1, 1, 1, 1, 1, 1, 1, 1, 1, 1, 1, 1, 1, 1, 1, 1, 1, 1, 1, 1, 1, 1, 1, 1, 1, 1, 1, 1, 1, 1, 1, 1, 1, 1, 1, 1, 1, 1, 1, 1, 1, 1, 1, 1, 1, 1, 1, 1, 1, 1, 1, 1, 1, 1, 1, 1, 1, 1, 1, 1, 1, 1, 1, 1, 1, 1, 1, 1, 1, 1, 1, 1, 1, 1, 1, 1, 1, 1, 1, 1, 1, 1, 1, 1, 1, 1, 1, 1, 1, 1, 1, 1, 1, 1, 1, 1, 1, 1, 1, 1, 1, 1, 1, 1, 1, 1, 1, 1, 1, 1, 1, 1, 1, 1, 1, 1, 1, 1, 1, 1, 1, 1, 1, 1, 1, 1, 1, 1, 1, 1, 1, 1, 1, 1, 1, 1, 1, 1, 1, 1, 1, 1, 1, 1, 1, 1, 1, 1, 1, 1, 1, 1, 1, 1, 1, 1, 1, 1, 1, 1, 1, 1, 1, 1, 1, 1, 1, 1, 1, 1, 1, 1, 1, 1, 1, 1, 1, 1, 1, 1, 1, 1, 1, 1, 1, 1, 1, 1, 1, 1, 1, 1, 1, 1, 1, 1, 1, 1, 1, 1, 1, 1, 1, 1, 1, 1, 1, 1, 1, 1, 1, 1, 1, 1, 1, 1, 1, 1, 1, 1, 1, 1, 1, 1, 1, 1, 1, 1, 1, 1, 1, 1, 1, 1, 1, 1, 1, 1, 1, 1, 1, 1, 1, 1, 1, 1, 1, 1, 1, 1, 1, 1, 1, 1, 1, 1, 1, 1, 1, 1, 1, 1, 1, 1, 1, 1, 1, 1, 1, 1, 1, 1, 1, 1, 1, 1, 1, 1, 1, 1, 1, 1, 1, 1, 1, 1, 1, 1, 1, 1, 1, 1, 1, 1, 1, 1, 1, 1, 1, 1, 1, 1, 1, 1, 1, 1, 1, 1, 1, 1, 1, 1, 1, 1, 1, 1, 1, 1, 1, 1, 1, 1, 1, 1, 1, 1, 1, 1, 1, 1, 1, 1, 1, 1, 1, 1, 1, 1, 1, 1, 1, 1, 1, 1, 1, 1, 1, 1, 1, 1, 1, 1, 1, 1, 1, 1, 1, 1, 1, 1, 1, 1, 1, 1, 1, 1, 1, 1, 1, 1, 1, 1, 1, 1, 1, 1, 1, 1, 1, 1, 1, 1, 1, 1, 1, 1, 1, 1, 1, 1, 1, 1, 1, 1, 1, 1, 1, 1, 1, 1, 1, 1, 1, 1, 1, 1, 1, 1, 1, 1, 1, 1, 1, 1, 1, 1, 1, 1, 1, 1, 1, 1, 1, 1, 1, 1, 1, 1, 1, 1, 1, 1, 1, 1, 1, 1, 1, 1, 1, 1, 1, 1, 1, 1 to create the time subdivision.
2022-02-08 22:40:35 - INFO - 
2022-02-08 22:40:35 - INFO - ************ Generating PSP Instance of the problem ****************
2022-02-09 01:20:03 - INFO - Full PSP generation: 9,568 seconds.
2022-02-09 01:20:24 - INFO - Reduced PSP generation: 20.9 seconds.
2022-02-09 01:20:27 - INFO - Generation of PSP, PreProcessing and Reduction took: 9,592 seconds.
2022-02-09 01:20:30 - INFO - ************** Solving the LP Relaxation of the PSP. **************
2022-02-09 02:47:13 - INFO - OR Solver: loaded problem with 18468456 vars, 9547 constraints, 64948259 non-zero coefficients.
2022-02-09 02:47:13 - INFO - Parameters:
2022-02-09 02:47:13 - INFO - 	 Target gap: 1.000000e-04
2022-02-09 02:47:13 - INFO - 	 Use Master hotstart: 1
2022-02-09 02:47:13 - INFO - 	 Use Pricing hotstart: 1
2022-02-09 02:47:22 - INFO - |-----+-----------+---------------------+--------------------+-----------+-----------+-----------+-----------+-----------+------------|
2022-02-09 02:47:22 - INFO - | BIENSTOCK-ZUCKERBERG ALGORITHM: Target gap = 1.00e-04.  Target eps = 1.00e-06.  Starting phase = Phase II.                          |
2022-02-09 02:47:22 - INFO - | Number of variables: tot = 18478003, x = 18468456, y = 0, s = 9547
2022-02-09 02:47:22 - INFO - |-----+-----------+---------------------+--------------------+-----------+-----------+-----------+-----------+-----------+------------|
2022-02-09 02:47:22 - INFO - |Iter.|#Part.     |    Primal Value     |  Lagrangian Value  |    Gap    | Pri. Time | Mas. Time | Tot. Time | Pri. Eps. |   Kappa    |
2022-02-09 02:47:22 - INFO - |-----+-----------+---------------------+--------------------+-----------+-----------+-----------+-----------+-----------+------------|
2022-02-09 02:49:04 - INFO - |   1 |    2 9548 |            17021032 |      1.6869427e+08 |  8.91e+00 |      92.7 |       8.4 |       102 |  0.00e+00 |     1.1021 |
2022-02-09 02:49:44 - INFO - |   2 |    3 9550 |            17456378 |      1.6869427e+08 |  8.66e+00 |       125 |      16.6 |       142 |  0.00e+00 |     1.1278 |
2022-02-09 02:50:40 - INFO - |   3 |    4 9552 |            24533157 |      1.6869427e+08 |  5.88e+00 |       172 |      24.9 |       198 |  0.00e+00 |     1.8796 |
2022-02-09 02:51:47 - INFO - |   4 |    5 9555 |            29724454 |      1.6869427e+08 |  4.68e+00 |       230 |      33.1 |       265 |  0.00e+00 |     3.9765 |
2022-02-09 02:52:52 - INFO - |   5 |    6 9559 |            32238049 |      1.6869427e+08 |  4.23e+00 |       287 |      41.3 |       330 |  0.00e+00 |     5.0281 |
2022-02-09 02:53:57 - INFO - |   6 |    7 9563 |            37680563 |      1.6869427e+08 |  3.48e+00 |       344 |      49.6 |       395 |  2.27e-13 |     5.8723 |
2022-02-09 02:55:05 - INFO - |   7 |    8 9568 |            41265497 |      1.6869427e+08 |  3.09e+00 |       404 |      57.1 |       463 |  9.09e-13 |     3.5921 |
2022-02-09 02:56:12 - INFO - |   8 |    9 9573 |            45659682 |      1.6869427e+08 |  2.69e+00 |       463 |      64.9 |       530 |  3.89e-12 |     4.9893 |
2022-02-09 02:57:11 - INFO - |   9 |   11 9580 |            50109494 |      1.6869427e+08 |  2.37e+00 |       516 |      71.6 |       590 |  5.41e-11 |     5.6297 |
2022-02-09 02:58:25 - INFO - |  10 |   12 9586 |            52128949 |      1.6869427e+08 |  2.24e+00 |       584 |      77.2 |       664 |  1.82e-12 |     29.152 |
2022-02-09 02:59:51 - INFO - |  11 |   14 9595 |            57527405 |      1.6869427e+08 |  1.93e+00 |       663 |      84.1 |       749 |  9.09e-13 |     52.942 |
2022-02-09 03:01:37 - INFO - |  12 |   19 9618 |            58924970 |      1.6869427e+08 |  1.86e+00 |       761 |        91 |       855 |  9.09e-13 |     10.771 |
2022-02-09 03:02:58 - INFO - |  13 |   25 9645 |            62456683 |      1.6869427e+08 |  1.70e+00 |       834 |      98.4 |       936 |  1.82e-12 |     38.221 |
2022-02-09 03:04:29 - INFO - |  14 |   36 9710 |            64434749 |      1.6869427e+08 |  1.62e+00 |       918 |       106 |  1.03e+03 |  1.59e-12 |     200.52 |
2022-02-09 03:06:37 - INFO - |  15 |   61 9859 |            67046634 |      1.6869427e+08 |  1.52e+00 |  1.04e+03 |       114 |  1.15e+03 |  2.47e-12 |     224.63 |
2022-02-09 03:07:57 - INFO - |  16 |  102 10119 |            69803072 |      1.6869427e+08 |  1.42e+00 |  1.11e+03 |       121 |  1.24e+03 |  3.79e-12 |     1337.6 |
2022-02-09 03:09:46 - INFO - |  17 |  165 10559 |            74013195 |      1.6869427e+08 |  1.28e+00 |  1.21e+03 |       130 |  1.34e+03 |  1.22e-12 |     540.06 |
2022-02-09 03:11:42 - INFO - |  18 |  249 11136 |            80004123 |      1.6869427e+08 |  1.11e+00 |  1.32e+03 |       139 |  1.46e+03 |  1.31e-11 |     408.38 |
2022-02-09 03:13:47 - INFO - |  19 |  341 11629 |            85150848 |      1.6869427e+08 |  9.81e-01 |  1.43e+03 |       147 |  1.58e+03 |  1.81e-11 |     2109.3 |
2022-02-09 03:16:03 - INFO - |  20 |  378 11825 |            87517349 |      1.6869427e+08 |  9.28e-01 |  1.56e+03 |       156 |  1.72e+03 |  2.99e-11 |     919.33 |
2022-02-09 03:18:10 - INFO - |  21 |  418 12030 |            90500214 |      1.6869427e+08 |  8.64e-01 |  1.68e+03 |       165 |  1.85e+03 |  6.48e-12 |     792.97 |
2022-02-09 03:20:15 - INFO - |  22 |  510 12401 |            94697577 |      1.6869427e+08 |  7.81e-01 |   1.8e+03 |       172 |  1.97e+03 |  1.01e-11 |     2673.6 |
2022-02-09 03:21:53 - INFO - |  23 |  575 12807 |            98467509 |      1.6869427e+08 |  7.13e-01 |  1.89e+03 |       179 |  2.07e+03 |  6.47e-08 | 2.6067e+08 |
2022-02-09 03:24:13 - INFO - |  24 |  615 13134 |       1.0167848e+08 |      1.6869427e+08 |  6.59e-01 |  2.02e+03 |       187 |  2.21e+03 |  1.38e-11 |     1642.5 |
2022-02-09 03:26:21 - INFO - |  25 |  743 13878 |       1.0500423e+08 |      1.6869427e+08 |  6.07e-01 |  2.14e+03 |       198 |  2.34e+03 |  6.14e-12 |     6073.1 |
2022-02-09 03:28:51 - INFO - |  26 |  797 14243 |       1.0835876e+08 |      1.6869427e+08 |  5.57e-01 |  2.27e+03 |       209 |  2.49e+03 |  4.32e-11 |      22070 |
2022-02-09 03:31:34 - INFO - |  27 | 1004 15837 |       1.1111635e+08 |      1.6869427e+08 |  5.18e-01 |  2.42e+03 |       223 |  2.65e+03 |  6.36e-08 | 2.1454e+09 |
2022-02-09 03:34:43 - INFO - |  28 | 1210 17405 |       1.1387511e+08 |      1.6869427e+08 |  4.81e-01 |   2.6e+03 |       237 |  2.84e+03 |  2.23e-07 |  1.159e+09 |
2022-02-09 03:37:44 - INFO - |  29 | 1479 19888 |       1.1619895e+08 |      1.6869427e+08 |  4.52e-01 |  2.76e+03 |       256 |  3.02e+03 |  3.34e-07 | 9.3785e+08 |
2022-02-09 03:40:46 - INFO - |  30 | 1709 21166 |       1.1823279e+08 |      1.6869427e+08 |  4.27e-01 |  2.92e+03 |       274 |   3.2e+03 |  7.33e-08 | 2.5573e+09 |
2022-02-09 03:44:06 - INFO - |  31 | 2210 25399 |       1.2021978e+08 |      1.6869427e+08 |  4.03e-01 |  3.09e+03 |       309 |   3.4e+03 |  6.51e-08 | 1.1857e+10 |
2022-02-09 03:47:40 - INFO - |  32 | 2803 30070 | !     1.2415166e+08 |      1.6869427e+08 |  3.59e-01 |  3.25e+03 |       360 |  3.62e+03 | !1.69e-06 | 6.0807e+10 |
2022-02-09 03:51:58 - INFO - |  33 | 3551 35970 | !     1.2792112e+08 |      1.6869427e+08 |  3.19e-01 |  3.43e+03 |       445 |  3.88e+03 | !1.43e-04 | 2.0808e+11 |
2022-02-09 03:57:36 - INFO - |  34 | 4457 43409 | !     1.3082974e+08 |      1.6869427e+08 |  2.89e-01 |  3.61e+03 |       592 |  4.21e+03 | !1.57e-04 | 9.6036e+10 |
2022-02-09 04:05:38 - INFO - |  35 | 5525 49452 | !     1.3430529e+08 |      1.6869427e+08 |  2.56e-01 |  3.82e+03 |       867 |   4.7e+03 | !4.55e-06 | 2.6191e+11 |
2022-02-09 04:14:36 - INFO - |  36 | 6568 55199 | !      1.375491e+08 |      1.6869427e+08 |  2.26e-01 |  4.01e+03 |  1.22e+03 |  5.23e+03 | !1.86e-05 | 1.3294e+11 |
2022-02-09 04:23:39 - INFO - |  37 | 7115 58094 | !     1.4020859e+08 |      1.6869427e+08 |  2.03e-01 |  4.22e+03 |  1.55e+03 |  5.78e+03 | !3.22e-04 | 1.4607e+11 |
2022-02-09 04:33:43 - INFO - |  38 | 7945 62746 | !     1.4271076e+08 |      1.6869427e+08 |  1.82e-01 |  4.42e+03 |  1.95e+03 |  6.38e+03 | !4.31e-05 |  4.055e+11 |
2022-02-09 04:44:51 - INFO - |  39 | 8958 68109 | !     1.4503951e+08 |      1.6869427e+08 |  1.63e-01 |  4.62e+03 |  2.42e+03 |  7.05e+03 | !2.68e-05 | 3.0945e+11 |
2022-02-09 04:59:25 - INFO - |  40 | 10306 74957 | !     1.4771896e+08 |      1.6869427e+08 |  1.42e-01 |  4.85e+03 |  3.06e+03 |  7.92e+03 | !1.37e-05 | 3.9936e+11 |
2022-02-09 05:15:31 - INFO - |  41 | 11025 78374 | !     1.5002286e+08 |      1.6869427e+08 |  1.24e-01 |  5.04e+03 |  3.84e+03 |  8.89e+03 | !3.17e-06 | 1.0516e+11 |
2022-02-09 05:34:14 - INFO - |  42 | 11445 80891 | !     1.5185665e+08 |      1.6869427e+08 |  1.11e-01 |  5.26e+03 |  4.75e+03 |     1e+04 | !5.34e-05 | 1.3513e+11 |
2022-02-09 05:51:35 - INFO - |  43 | 12136 84890 | !     1.5333527e+08 |      1.6869427e+08 |  1.00e-01 |  5.43e+03 |  5.61e+03 |  1.11e+04 | !7.19e-05 | 1.8477e+11 |
2022-02-09 06:08:59 - INFO - |  44 | 12521 87141 | !      1.547369e+08 |      1.6869427e+08 |  9.02e-02 |  5.58e+03 |  6.51e+03 |  1.21e+04 | !9.36e-04 | 3.1156e+11 |
2022-02-09 06:28:58 - INFO - |  45 | 12982 90112 | !     1.5602385e+08 |      1.6869427e+08 |  8.12e-02 |  5.73e+03 |  7.55e+03 |  1.33e+04 | !8.97e-05 | 1.8669e+11 |
2022-02-09 06:49:55 - INFO - |  46 | 13537 93083 | !     1.5736316e+08 |      1.6869427e+08 |  7.20e-02 |  5.88e+03 |  8.66e+03 |  1.46e+04 | !2.37e-05 | 2.2587e+11 |
2022-02-09 07:11:49 - INFO - |  47 | 14031 96313 | !     1.5875189e+08 |      1.6869427e+08 |  6.26e-02 |  6.02e+03 |  9.84e+03 |  1.59e+04 | !2.32e-05 | 1.9689e+11 |
2022-02-09 07:36:36 - INFO - |  48 | 14667 101152 | !     1.5961795e+08 |      1.6869427e+08 |  5.69e-02 |  6.18e+03 |  1.12e+04 |  1.74e+04 | !2.67e-04 | 1.7407e+11 |
2022-02-09 08:14:06 - INFO - |  49 | 16552 113635 | !     1.6029729e+08 |      1.6869427e+08 |  5.24e-02 |  6.33e+03 |  1.33e+04 |  1.96e+04 | !7.36e-06 | 3.6934e+10 |
2022-02-09 08:55:10 - INFO - |  50 | 18405 126348 | !     1.6103147e+08 |      1.6869427e+08 |  4.76e-02 |  6.48e+03 |  1.56e+04 |  2.21e+04 | !2.46e-05 | 3.5695e+10 |
2022-02-09 09:37:35 - INFO - |  51 | 20514 140651 | !     1.6164402e+08 |      1.6869427e+08 |  4.36e-02 |  6.61e+03 |   1.8e+04 |  2.46e+04 | !1.41e-06 | 1.5123e+12 |
2022-02-09 10:31:36 - INFO - |  52 | 22660 154597 | !     1.6207669e+08 |      1.6869427e+08 |  4.08e-02 |  6.79e+03 |  2.11e+04 |  2.79e+04 | !8.35e-05 | 1.4602e+11 |
2022-02-09 11:39:55 - INFO - |  53 | 24772 167911 | !     1.6247574e+08 |      1.6869427e+08 |  3.83e-02 |  6.98e+03 |   2.5e+04 |   3.2e+04 | !2.29e-05 | 2.9377e+11 |
2022-02-09 13:02:55 - INFO - |  54 | 27161 183117 | !     1.6292543e+08 |      1.6869427e+08 |  3.54e-02 |  7.16e+03 |  2.98e+04 |  3.69e+04 | !1.14e-05 | 3.2246e+10 |
2022-02-09 22:49:45 - INFO - |  55 | 29935 199484 |       1.6340681e+08 |      1.6869427e+08 |  3.24e-02 |  7.34e+03 |  6.48e+04 |  7.21e+04 |  5.35e-07 | 3.0831e+11 |
2022-02-10 00:13:12 - INFO - |  56 | 32571 214530 | !     1.6374994e+08 |      1.6869427e+08 |  3.02e-02 |   7.5e+03 |  6.96e+04 |  7.72e+04 | !7.19e-06 | 9.5327e+10 |
2022-02-10 01:42:57 - INFO - |  57 | 35669 231519 | !     1.6403973e+08 |      1.6840735e+08 |  2.66e-02 |  7.67e+03 |  7.49e+04 |  8.25e+04 | !9.97e-05 | 1.6508e+11 |
2022-02-10 03:34:04 - INFO - |  58 | 38587 247099 | !     1.6424951e+08 |      1.6702226e+08 |  1.69e-02 |  7.86e+03 |  8.13e+04 |  8.92e+04 | !2.16e-05 | 2.4018e+11 |
2022-02-10 05:58:32 - INFO - |  59 | 41865 263288 | !     1.6440734e+08 |      1.6632455e+08 |  1.17e-02 |  8.08e+03 |  8.98e+04 |  9.79e+04 | !9.11e-06 |  3.102e+11 |
2022-02-10 08:10:31 - INFO - |  60 | 44837 276978 | !     1.6457912e+08 |      1.6592551e+08 |  8.18e-03 |  8.28e+03 |  9.75e+04 |  1.06e+05 | !7.43e-06 | 6.3342e+11 |
2022-02-10 10:18:42 - INFO - |  61 | 48080 291874 | !     1.6469087e+08 |      1.6589217e+08 |  7.29e-03 |  8.45e+03 |  1.05e+05 |  1.13e+05 | !1.50e-06 | 6.8944e+11 |
2022-02-10 13:04:29 - INFO - |  62 | 51118 304904 |       1.6478056e+08 |      1.6555418e+08 |  4.69e-03 |  8.67e+03 |  1.15e+05 |  1.23e+05 |  1.79e-07 | 7.2689e+11 |
2022-02-10 15:41:10 - INFO - |  63 | 54067 317608 | !     1.6483934e+08 |      1.6549912e+08 |  4.00e-03 |   8.9e+03 |  1.24e+05 |  1.33e+05 | !5.90e-06 | 1.3989e+12 |
2022-02-10 19:51:09 - INFO - |  64 | 56737 329209 | !     1.6489267e+08 |      1.6537713e+08 |  2.94e-03 |  9.12e+03 |  1.39e+05 |  1.48e+05 | !3.91e-06 | 2.2064e+11 |
2022-02-11 02:02:26 - INFO - |  65 | 59566 341362 |       1.6492775e+08 |      1.6532174e+08 |  2.39e-03 |  9.31e+03 |  1.61e+05 |   1.7e+05 |  3.45e-08 | 5.1105e+11 |
2022-02-11 07:42:22 - INFO - |  66 | 62244 352202 | !     1.6496147e+08 |      1.6523667e+08 |  1.67e-03 |  9.56e+03 |  1.81e+05 |  1.91e+05 | !1.06e-06 | 3.3364e+11 |
2022-02-11 07:42:22 - INFO - |-----+-----------+---------------------+--------------------+-----------+-----------+-----------+-----------+-----------+------------|
2022-02-11 07:42:22 - INFO - *  66 | 62244 352202 |       1.6496147e+08 |      1.6523667e+08 |   0.00167 |  9.56e+03 |  1.81e+05 |  1.91e+05 |   1.1e-06 | 3.3364e+11 | OMP_FEAS_TIME_LIMIT
2022-02-11 07:42:22 - INFO - |-----+-----------+---------------------+--------------------+-----------+-----------+-----------+-----------+-----------+------------|
2022-02-11 07:42:23 - INFO - BZsolval = 164,961,469.351934 (upper bound = 165,236,671.586144)
2022-02-11 07:42:33 - INFO - PSP-SM: UB updated. New UB: 164961469.351465
2022-02-11 07:42:35 - INFO - PSP-SM: Solution BZ with value 164961469.351465 inserted as relaxed solution 
2022-02-11 07:42:36 - INFO - ************** Applying Toposort Heuristic for PSP. **************
