2022-02-08 22:40:32 - INFO - Invokation arguments: /home/icipriano/BINARIO_TONHO_7FEB -u /home/icipriano/MinesRepo2/Dominion5/omp/Dominion5.prob -b /home/icipriano/MinesRepo2/Dominion5/omp/Dominion5.blocks -y /home/icipriano/MinesRepo2/Dominion5/omp/Dominion5.delay -r /home/icipriano/MinesRepo2/Dominion5/omp/Dominion5.fpp -n -w out_ompWcmp_9Feb_Dominion5 
2022-02-08 22:40:32 - REPORT - Reading the omp file /home/icipriano/MinesRepo2/Dominion5/omp/Dominion5.prob
2022-02-08 22:40:32 - INFO - NPERIODS: 720
2022-02-08 22:40:32 - INFO - NDESTINATIONS: 1
2022-02-08 22:40:32 - INFO - OBJECTIVE: 0 2
2022-02-08 22:40:32 - INFO - DURATION: 1
2022-02-08 22:40:32 - INFO - DISCOUNT_RATE: 0.0010004000800079016
2022-02-08 22:40:32 - INFO - NCONSTRAINTS: 8
2022-02-08 22:40:32 - INFO - CONSTRAINT: 0 3 P * L 55000.0
2022-02-08 22:40:32 - INFO - CONSTRAINT: 1 4 P * L 12500.0
2022-02-08 22:40:32 - INFO - CONSTRAINT: 2 5 P * L 25000.0
2022-02-08 22:40:32 - INFO - CONSTRAINT: 3 6 P * L 12500.0
2022-02-08 22:40:32 - INFO - CONSTRAINT: 4 7 P * L 775.0
2022-02-08 22:40:32 - INFO - CONSTRAINT: 5 8 P * L 10000.0
2022-02-08 22:40:32 - INFO - CONSTRAINT: 6 9 P * L 30000.0
2022-02-08 22:40:32 - INFO - CONSTRAINT: 7 10 P * L 5.0
2022-02-08 22:40:32 - REPORT - Loading the .prob file: 0.00232 seconds.
2022-02-08 22:40:32 - REPORT - Reading the omp file /home/icipriano/MinesRepo2/Dominion5/omp/Dominion5.blocks
2022-02-08 22:40:32 - REPORT - Loading the blocks file: 0.460 seconds.
2022-02-08 22:40:32 - REPORT - Reading the omp precedences file /home/icipriano/MinesRepo2/Dominion5/omp/Dominion5.fpp
2022-02-08 22:40:32 - REPORT - Loading the .prec file: 0.0244 seconds.
2022-02-08 22:40:32 - REPORT - Reading the omp delays file /home/icipriano/MinesRepo2/Dominion5/omp/Dominion5.delay
2022-02-08 22:40:32 - REPORT - Loading the .delay file: 0.0285 seconds.
2022-02-08 22:40:32 - INFO - Created processor node for OMP destination 0
2022-02-08 22:40:32 - INFO - Created Source Node SN_0
2022-02-08 22:40:32 - INFO - Created arc between source node SN_0 and the process node PN0
2022-02-08 22:40:32 - INFO - Created time subdivision TS
2022-02-08 22:40:32 - INFO - Created time subdivision RHS_TS
2022-02-08 22:40:32 - INFO - Created time subdivision LHS_TS
2022-02-08 22:40:32 - REPORT - Creating parcels, categories and mining blocks from OMP Data.
2022-02-08 22:40:33 - REPORT - Creating parcels, categories and mining blocks from OMP Data: 1.21 seconds.
2022-02-08 22:40:33 - REPORT - Creating precedences from OMP data.
2022-02-08 22:40:33 - REPORT - Adding precedences from OMP Data: 0.0573 seconds.
2022-02-08 22:40:34 - REPORT - Parsing of the input files: 2.19 seconds.
2022-02-08 22:40:34 - INFO - Source node SN_0 contains 28883 categories.
2022-02-08 22:40:34 - REPORT - ************ Running Upit Preprocess ************
2022-02-08 22:40:35 - REPORT - Number of blocks in uPit: 22931 of a total of 28883
2022-02-08 22:40:35 - REPORT - Value of the Upit: 226,213,302.400
2022-02-08 22:40:35 - REPORT - +-----------------------------------------------------------------------------------------------------------------------------+
2022-02-08 22:40:35 - REPORT - |          |                                 Iteration                                 |              Accumulated             |
2022-02-08 22:40:35 - REPORT - |----------+---------------------------------------------------------------------------+--------------------------------------|
2022-02-08 22:40:35 - REPORT - |  # iter  |  # period  |  Undiscounted Objval  |    Discounted Objval  |        Time  |    Discounted Objval  |        Time  |
2022-02-08 22:40:35 - REPORT - |----------+------------+-----------------------+-----------------------+--------------+-----------------------+--------------|
2022-02-08 22:40:35 - INFO - Starting iteration 1 with first valid time 0
2022-02-08 22:40:35 - INFO - ************ Generating Reduced OPP ****************
2022-02-08 22:40:35 - INFO - Created time subdivision TS
2022-02-08 22:40:35 - INFO - Created time subdivision RHS_TS
2022-02-08 22:40:35 - INFO - Created time subdivision LHS_TS
2022-02-08 22:40:35 - INFO - Source node SN_0 contains 22931 categories.
2022-02-08 22:40:36 - INFO - Aggregation pattern attempt 0
2022-02-08 22:40:36 - INFO - Using aggregation pattern 1, 1, 1, 1, 1, 1, 1, 1, 1, 1, 1, 1, 1, 1, 1, 1, 1, 1, 1, 1, 1, 1, 1, 1, 1, 1, 1, 1, 1, 1, 1, 1, 1, 1, 1, 1, 1, 1, 1, 1, 1, 1, 1, 1, 1, 1, 1, 1, 1, 1, 1, 1, 1, 1, 1, 1, 1, 1, 1, 1, 1, 1, 1, 1, 1, 1, 1, 1, 1, 1, 1, 1, 1, 1, 1, 1, 1, 1, 1, 1, 1, 1, 1, 1, 1, 1, 1, 1, 1, 1, 1, 1, 1, 1, 1, 1, 1, 1, 1, 1, 1, 1, 1, 1, 1, 1, 1, 1, 1, 1, 1, 1, 1, 1, 1, 1, 1, 1, 1, 1, 1, 1, 1, 1, 1, 1, 1, 1, 1, 1, 1, 1, 1, 1, 1, 1, 1, 1, 1, 1, 1, 1, 1, 1, 1, 1, 1, 1, 1, 1, 1, 1, 1, 1, 1, 1, 1, 1, 1, 1, 1, 1, 1, 1, 1, 1, 1, 1, 1, 1, 1, 1, 1, 1, 1, 1, 1, 1, 1, 1, 1, 1, 1, 1, 1, 1, 1, 1, 1, 1, 1, 1, 1, 1, 1, 1, 1, 1, 1, 1, 1, 1, 1, 1, 1, 1, 1, 1, 1, 1, 1, 1, 1, 1, 1, 1, 1, 1, 1, 1, 1, 1, 1, 1, 1, 1, 1, 1, 1, 1, 1, 1, 1, 1, 1, 1, 1, 1, 1, 1, 1, 1, 1, 1, 1, 1, 1, 1, 1, 1, 1, 1, 1, 1, 1, 1, 1, 1, 1, 1, 1, 1, 1, 1, 1, 1, 1, 1, 1, 1, 1, 1, 1, 1, 1, 1, 1, 1, 1, 1, 1, 1, 1, 1, 1, 1, 1, 1, 1, 1, 1, 1, 1, 1, 1, 1, 1, 1, 1, 1, 1, 1, 1, 1, 1, 1, 1, 1, 1, 1, 1, 1, 1, 1, 1, 1, 1, 1, 1, 1, 1, 1, 1, 1, 1, 1, 1, 1, 1, 1, 1, 1, 1, 1, 1, 1, 1, 1, 1, 1, 1, 1, 1, 1, 1, 1, 1, 1, 1, 1, 1, 1, 1, 1, 1, 1, 1, 1, 1, 1, 1, 1, 1, 1, 1, 1, 1, 1, 1, 1, 1, 1, 1, 1, 1, 1, 1, 1, 1, 1, 1, 1, 1, 1, 1, 1, 1, 1, 1, 1, 1, 1, 1, 1, 1, 1, 1, 1, 1, 1, 1, 1, 1, 1, 1, 1, 1, 1, 1, 1, 1, 1, 1, 1, 1, 1, 1, 1, 1, 1, 1, 1, 1, 1, 1, 1, 1, 1, 1, 1, 1, 1, 1, 1, 1, 1, 1, 1, 1, 1, 1, 1, 1, 1, 1, 1, 1, 1, 1, 1, 1, 1, 1, 1, 1, 1, 1, 1, 1, 1, 1, 1, 1, 1, 1, 1, 1, 1, 1, 1, 1, 1, 1, 1, 1, 1, 1, 1, 1, 1, 1, 1, 1, 1, 1, 1, 1, 1, 1, 1, 1, 1, 1, 1, 1, 1, 1, 1, 1, 1, 1, 1, 1, 1, 1, 1, 1, 1, 1, 1, 1, 1, 1, 1, 1, 1, 1, 1, 1, 1, 1, 1, 1, 1, 1, 1, 1, 1, 1, 1, 1, 1, 1, 1, 1, 1, 1, 1, 1, 1, 1, 1, 1, 1, 1, 1, 1, 1, 1, 1, 1, 1, 1, 1, 1, 1, 1, 1, 1, 1, 1, 1, 1, 1, 1, 1, 1, 1, 1, 1, 1, 1, 1, 1, 1, 1, 1, 1, 1, 1, 1, 1, 1, 1, 1, 1, 1, 1, 1, 1, 1, 1, 1, 1, 1, 1, 1, 1, 1, 1, 1, 1, 1, 1, 1, 1, 1, 1, 1, 1, 1, 1, 1, 1, 1, 1, 1, 1, 1, 1, 1, 1, 1, 1, 1, 1, 1, 1, 1, 1, 1, 1, 1, 1, 1, 1, 1, 1, 1, 1, 1, 1, 1, 1, 1, 1, 1, 1, 1, 1, 1, 1, 1, 1, 1, 1, 1, 1, 1, 1, 1, 1, 1, 1, 1, 1, 1, 1, 1, 1, 1, 1, 1, 1, 1, 1, 1, 1, 1, 1, 1, 1, 1, 1, 1, 1, 1, 1, 1, 1, 1, 1, 1, 1, 1, 1, 1, 1, 1, 1, 1, 1, 1, 1, 1, 1, 1, 1, 1, 1, 1, 1, 1, 1, 1, 1, 1, 1, 1, 1 to create the time subdivision.
2022-02-08 22:40:36 - INFO - 
2022-02-08 22:40:36 - INFO - ************ Generating PSP Instance of the problem ****************
2022-02-08 23:33:52 - INFO - Full PSP generation: 3,196 seconds.
2022-02-08 23:34:02 - INFO - Reduced PSP generation: 9.74 seconds.
2022-02-08 23:34:03 - INFO - Generation of PSP, PreProcessing and Reduction took: 3,207 seconds.
2022-02-08 23:34:05 - INFO - ************** Solving the LP Relaxation of the PSP. **************
2022-02-09 00:04:19 - INFO - OR Solver: loaded problem with 11085593 vars, 5730 constraints, 38976495 non-zero coefficients.
2022-02-09 00:04:19 - INFO - Parameters:
2022-02-09 00:04:19 - INFO - 	 Target gap: 1.000000e-04
2022-02-09 00:04:19 - INFO - 	 Use Master hotstart: 1
2022-02-09 00:04:19 - INFO - 	 Use Pricing hotstart: 1
2022-02-09 00:04:23 - INFO - |-----+-----------+---------------------+--------------------+-----------+-----------+-----------+-----------+-----------+------------|
2022-02-09 00:04:23 - INFO - | BIENSTOCK-ZUCKERBERG ALGORITHM: Target gap = 1.00e-04.  Target eps = 1.00e-06.  Starting phase = Phase II.                          |
2022-02-09 00:04:23 - INFO - | Number of variables: tot = 11091323, x = 11085593, y = 0, s = 5730
2022-02-09 00:04:23 - INFO - |-----+-----------+---------------------+--------------------+-----------+-----------+-----------+-----------+-----------+------------|
2022-02-09 00:04:23 - INFO - |Iter.|#Part.     |    Primal Value     |  Lagrangian Value  |    Gap    | Pri. Time | Mas. Time | Tot. Time | Pri. Eps. |   Kappa    |
2022-02-09 00:04:23 - INFO - |-----+-----------+---------------------+--------------------+-----------+-----------+-----------+-----------+-----------+------------|
2022-02-09 00:05:15 - INFO - |   1 |    2 5731 |            17480504 |      1.6874456e+08 |  8.65e+00 |      48.1 |       3.2 |      51.6 |  0.00e+00 |     1.3578 |
2022-02-09 00:05:42 - INFO - |   2 |    3 5733 |            18694584 |      1.6874456e+08 |  8.03e+00 |      72.1 |      6.27 |      78.7 |  0.00e+00 |     2.1389 |
2022-02-09 00:06:11 - INFO - |   3 |    4 5736 |            28964459 |      1.6874456e+08 |  4.83e+00 |      97.7 |      9.15 |       107 |  0.00e+00 |     3.3017 |
2022-02-09 00:06:41 - INFO - |   4 |    5 5740 |            35256075 |      1.6874456e+08 |  3.79e+00 |       125 |      12.7 |       138 |  6.37e-12 |     4.7349 |
2022-02-09 00:07:11 - INFO - |   5 |    6 5745 |            41478816 |      1.6874456e+08 |  3.07e+00 |       151 |      15.5 |       167 |  6.37e-12 |     5.3954 |
2022-02-09 00:07:41 - INFO - |   6 |    7 5751 |            49247644 |      1.6874456e+08 |  2.43e+00 |       178 |      18.7 |       198 |  6.37e-12 |     6.3315 |
2022-02-09 00:08:11 - INFO - |   7 |    8 5758 |            53132953 |      1.6874456e+08 |  2.18e+00 |       205 |      21.5 |       227 |  2.47e-12 |     29.007 |
2022-02-09 00:08:53 - INFO - |   8 |   13 5779 |            57414522 |      1.6874456e+08 |  1.94e+00 |       244 |      24.3 |       269 |  9.09e-13 |     20.546 |
2022-02-09 00:09:32 - INFO - |   9 |   24 5823 |            62084290 |      1.6874456e+08 |  1.72e+00 |       280 |      27.7 |       309 |  9.38e-13 |     159.92 |
2022-02-09 00:10:25 - INFO - |  10 |   37 5881 |            63807221 |      1.6874456e+08 |  1.64e+00 |       330 |      31.1 |       362 |  2.70e-12 |     38.005 |
2022-02-09 00:11:06 - INFO - |  11 |   64 6006 |            66200229 |      1.6874456e+08 |  1.55e+00 |       366 |      35.3 |       403 |  2.63e-11 |      320.1 |
2022-02-09 00:12:05 - INFO - |  12 |   95 6150 |            69273983 |      1.6874456e+08 |  1.44e+00 |       421 |      39.1 |       462 |  4.09e-12 |     167.25 |
2022-02-09 00:12:53 - INFO - |  13 |  138 6377 |            73634996 |      1.6874456e+08 |  1.29e+00 |       466 |      42.3 |       510 |  4.55e-12 |     936.74 |
2022-02-09 00:13:57 - INFO - |  14 |  193 6647 |            78877478 |      1.6874456e+08 |  1.14e+00 |       527 |        46 |       574 |  2.65e-11 |     2090.6 |
2022-02-09 00:14:56 - INFO - |  15 |  228 6845 |            82853889 |      1.6874456e+08 |  1.04e+00 |       582 |      49.9 |       633 |  5.34e-12 |     3047.7 |
2022-02-09 00:15:54 - INFO - |  16 |  244 6959 |            85487983 |      1.6874456e+08 |  9.74e-01 |       635 |      53.6 |       691 |  6.49e-10 |     1197.2 |
2022-02-09 00:16:38 - INFO - |  17 |  320 7460 |            88232733 |      1.6874456e+08 |  9.12e-01 |       675 |      57.5 |       734 |  2.30e-11 |     2107.9 |
2022-02-09 00:17:41 - INFO - |  18 |  369 7671 |            92595610 |      1.6874456e+08 |  8.22e-01 |       735 |        61 |       798 |  2.35e-09 | 1.6841e+08 |
2022-02-09 00:18:31 - INFO - |  19 |  411 7885 |            95829944 |      1.6874456e+08 |  7.61e-01 |       780 |      65.2 |       848 |  1.92e-08 | 1.9656e+09 |
2022-02-09 00:19:42 - INFO - |  20 |  459 8150 |            99118927 |      1.6874456e+08 |  7.02e-01 |       847 |      69.5 |       919 |  5.85e-10 | 2.3537e+08 |
2022-02-09 00:20:51 - INFO - |  21 |  506 8497 |       1.0237228e+08 |      1.6874456e+08 |  6.48e-01 |       912 |      73.7 |       988 |  6.45e-10 |     3570.5 |
2022-02-09 00:21:55 - INFO - |  22 |  569 9043 |       1.0467862e+08 |      1.6874456e+08 |  6.12e-01 |       972 |      77.5 |  1.05e+03 |  1.31e-09 | 6.3496e+07 |
2022-02-09 00:23:01 - INFO - |  23 |  665 9524 |       1.0831191e+08 |      1.6874456e+08 |  5.58e-01 |  1.03e+03 |      80.9 |  1.12e+03 |  3.23e-08 | 3.6903e+08 |
2022-02-09 00:24:01 - INFO - |  24 |  816 10968 |       1.1169921e+08 |      1.6874456e+08 |  5.11e-01 |  1.09e+03 |      85.2 |  1.18e+03 |  4.73e-07 | 4.4829e+09 |
2022-02-09 00:25:20 - INFO - |  25 |  953 11968 |       1.1443261e+08 |      1.6874456e+08 |  4.75e-01 |  1.16e+03 |      89.9 |  1.26e+03 |  2.63e-07 | 8.1893e+08 |
2022-02-09 00:26:39 - INFO - |  26 | 1061 12602 | !     1.1603103e+08 |      1.6874456e+08 |  4.54e-01 |  1.24e+03 |      94.3 |  1.34e+03 | !2.05e-06 | 5.3467e+09 |
2022-02-09 00:28:09 - INFO - |  27 | 1274 14208 | !     1.1745116e+08 |      1.6874456e+08 |  4.37e-01 |  1.32e+03 |       100 |  1.43e+03 | !8.83e-06 | 6.2625e+09 |
2022-02-09 00:29:47 - INFO - |  28 | 1602 16891 |       1.1954123e+08 |      1.6874456e+08 |  4.12e-01 |  1.41e+03 |       109 |  1.52e+03 |  9.39e-07 | 1.2383e+10 |
2022-02-09 00:31:17 - INFO - |  29 | 2006 21002 |       1.2170924e+08 |      1.6874456e+08 |  3.86e-01 |  1.49e+03 |       122 |  1.61e+03 |  4.31e-07 | 6.9514e+09 |
2022-02-09 00:33:14 - INFO - |  30 | 2499 25318 |       1.2496222e+08 |      1.6874456e+08 |  3.50e-01 |  1.58e+03 |       150 |  1.73e+03 |  8.84e-07 | 6.5536e+09 |
2022-02-09 00:35:36 - INFO - |  31 | 3123 31186 | !     1.2881129e+08 |      1.6874456e+08 |  3.10e-01 |  1.68e+03 |       189 |  1.87e+03 | !3.14e-05 | 1.0663e+10 |
2022-02-09 00:38:10 - INFO - |  32 | 3919 38992 |       1.3153809e+08 |      1.6874456e+08 |  2.83e-01 |  1.77e+03 |       250 |  2.03e+03 |  6.07e-07 | 1.4635e+11 |
2022-02-09 00:41:25 - INFO - |  33 | 4645 43568 | !     1.3421773e+08 |      1.6874456e+08 |  2.57e-01 |  1.89e+03 |       332 |  2.22e+03 | !5.93e-06 | 4.2966e+10 |
2022-02-09 00:45:03 - INFO - |  34 | 5392 49492 | !     1.3737065e+08 |      1.6874456e+08 |  2.28e-01 |  1.99e+03 |       443 |  2.44e+03 | !5.29e-06 | 1.0368e+11 |
2022-02-09 00:49:28 - INFO - |  35 | 6264 56152 | !     1.3994347e+08 |      1.6874456e+08 |  2.06e-01 |  2.09e+03 |       607 |   2.7e+03 | !7.09e-06 | 7.7811e+10 |
2022-02-09 00:54:13 - INFO - |  36 | 6867 59911 | !     1.4187109e+08 |      1.6874456e+08 |  1.89e-01 |  2.18e+03 |       802 |  2.99e+03 | !1.62e-05 | 9.0303e+10 |
2022-02-09 00:59:14 - INFO - |  37 | 7365 62783 | !     1.4409867e+08 |      1.6874456e+08 |  1.71e-01 |  2.28e+03 |  1.01e+03 |  3.29e+03 | !1.07e-05 | 1.3583e+11 |
2022-02-09 01:04:55 - INFO - |  38 | 7756 65820 | !     1.4621487e+08 |      1.6874456e+08 |  1.54e-01 |  2.37e+03 |  1.26e+03 |  3.63e+03 | !8.07e-06 | 1.0846e+11 |
2022-02-09 01:11:28 - INFO - |  39 | 8393 70375 | !     1.4843445e+08 |      1.6874456e+08 |  1.37e-01 |  2.47e+03 |  1.55e+03 |  4.03e+03 | !5.54e-05 | 9.6082e+10 |
2022-02-09 01:17:49 - INFO - |  40 | 9160 75932 | !     1.5098028e+08 |      1.6874456e+08 |  1.18e-01 |  2.54e+03 |  1.86e+03 |  4.41e+03 | !6.08e-06 | 6.7029e+10 |
2022-02-09 01:26:55 - INFO - |  41 | 10521 85083 | !     1.5374468e+08 |      1.6874456e+08 |  9.76e-02 |  2.61e+03 |  2.33e+03 |  4.95e+03 | !2.08e-05 | 6.5686e+10 |
2022-02-09 01:34:45 - INFO - |  42 | 10916 88086 | !     1.5521803e+08 |      1.6874456e+08 |  8.71e-02 |  2.68e+03 |  2.73e+03 |  5.42e+03 | !3.53e-05 |  8.853e+10 |
2022-02-09 02:10:31 - INFO - |  43 | 11532 91970 | !     1.5672286e+08 |      1.6874456e+08 |  7.67e-02 |  2.73e+03 |  4.83e+03 |  7.57e+03 | !3.22e-06 | 3.0022e+11 |
2022-02-09 02:21:22 - INFO - |  44 | 11857 94388 | !     1.5834575e+08 |      1.6874456e+08 |  6.57e-02 |   2.8e+03 |  5.42e+03 |  8.22e+03 | !7.08e-05 | 6.9075e+10 |
2022-02-09 02:31:00 - INFO - |  45 | 12335 97544 | !     1.5969888e+08 |      1.6874456e+08 |  5.66e-02 |  2.86e+03 |  5.93e+03 |   8.8e+03 | !4.29e-04 | 1.5929e+11 |
2022-02-09 02:43:31 - INFO - |  46 | 13763 107524 | !      1.601411e+08 |      1.6874456e+08 |  5.37e-02 |  2.92e+03 |  6.62e+03 |  9.55e+03 | !4.10e-06 | 4.1111e+10 |
2022-02-09 03:01:47 - INFO - |  47 | 15520 120772 | !     1.6096477e+08 |      1.6874456e+08 |  4.83e-02 |     3e+03 |  7.64e+03 |  1.06e+04 | !6.10e-05 | 6.9273e+10 |
2022-02-09 03:23:51 - INFO - |  48 | 17447 135736 | !     1.6153511e+08 |      1.6874456e+08 |  4.46e-02 |  3.08e+03 |  8.89e+03 |   1.2e+04 | !1.13e-05 | 9.6166e+10 |
2022-02-09 03:48:37 - INFO - |  49 | 19369 150655 | !     1.6200688e+08 |      1.6874456e+08 |  4.16e-02 |  3.16e+03 |  1.03e+04 |  1.35e+04 | !1.70e-05 | 4.7983e+10 |
2022-02-09 04:21:34 - INFO - |  50 | 21270 165670 | !     1.6246444e+08 |      1.6874456e+08 |  3.87e-02 |  3.24e+03 |  1.22e+04 |  1.54e+04 | !2.17e-06 | 4.1839e+10 |
2022-02-09 04:51:59 - INFO - |  51 | 23200 180173 | !     1.6290066e+08 |      1.6874456e+08 |  3.59e-02 |  3.32e+03 |  1.39e+04 |  1.73e+04 | !1.26e-06 | 5.7565e+10 |
2022-02-09 05:21:51 - INFO - |  52 | 25297 196342 |       1.6323449e+08 |      1.6874456e+08 |  3.38e-02 |   3.4e+03 |  1.56e+04 |   1.9e+04 |  4.01e-07 | 7.5002e+10 |
2022-02-09 05:58:36 - INFO - |  53 | 27502 211963 |       1.6359918e+08 |      1.6874456e+08 |  3.15e-02 |  3.48e+03 |  1.78e+04 |  2.13e+04 |  9.06e-07 |   5.68e+10 |
2022-02-09 08:49:39 - INFO - |  54 | 29703 227727 |       1.6392116e+08 |      1.6803953e+08 |  2.51e-02 |  3.56e+03 |  2.79e+04 |  3.15e+04 |  6.56e-07 | 2.3287e+11 |
2022-02-09 09:28:20 - INFO - |  55 | 32344 243679 | !     1.6422295e+08 |      1.6784378e+08 |  2.20e-02 |  3.64e+03 |  3.02e+04 |  3.38e+04 | !6.32e-06 | 1.0025e+11 |
2022-02-09 10:07:11 - INFO - |  56 | 34891 258844 | !      1.644264e+08 |      1.6658891e+08 |  1.32e-02 |  3.72e+03 |  3.24e+04 |  3.62e+04 | !7.69e-06 | 5.0605e+11 |
2022-02-09 10:57:00 - INFO - |  57 | 37530 272933 | !     1.6461912e+08 |      1.6603758e+08 |  8.62e-03 |   3.8e+03 |  3.54e+04 |  3.92e+04 | !2.13e-06 | 2.2249e+11 |
2022-02-09 11:43:43 - INFO - |  58 | 40216 286682 | !     1.6474409e+08 |      1.6587549e+08 |  6.87e-03 |   3.9e+03 |  3.81e+04 |   4.2e+04 | !5.39e-06 | 1.5163e+11 |
2022-02-09 15:33:45 - INFO - |  59 | 42989 299613 |       1.6484935e+08 |      1.6561535e+08 |  4.65e-03 |     4e+03 |  5.18e+04 |  5.58e+04 |  1.01e-07 | 1.0761e+11 |
2022-02-09 17:40:11 - INFO - |  60 | 45460 311062 |       1.6492198e+08 |      1.6543359e+08 |  3.10e-03 |  4.08e+03 |  5.93e+04 |  6.34e+04 |  1.06e-07 | 1.2974e+11 |
2022-02-09 19:00:07 - INFO - |  61 | 47809 321942 | !     1.6496705e+08 |       1.653546e+08 |  2.35e-03 |  4.16e+03 |   6.4e+04 |  6.81e+04 | !1.81e-06 | 1.2583e+11 |
2022-02-09 20:05:51 - INFO - |  62 | 50012 331825 | !     1.6500278e+08 |      1.6529379e+08 |  1.76e-03 |  4.24e+03 |  6.78e+04 |  7.21e+04 | !2.77e-05 | 3.7097e+11 |
2022-02-09 21:21:34 - INFO - |  63 | 51989 340795 |       1.6503169e+08 |       1.652472e+08 |  1.31e-03 |  4.32e+03 |  7.23e+04 |  7.66e+04 |  8.32e-08 | 3.8776e+11 |
2022-02-09 22:29:53 - INFO - |  64 | 53812 349209 |       1.6505497e+08 |      1.6522279e+08 |  1.02e-03 |   4.4e+03 |  7.63e+04 |  8.07e+04 |  7.60e-07 | 3.2071e+11 |
2022-02-09 23:37:06 - INFO - |  65 | 55658 357384 | !      1.650698e+08 |      1.6520322e+08 |  8.08e-04 |  4.49e+03 |  8.03e+04 |  8.48e+04 | !2.13e-06 | 1.5901e+12 |
2022-02-10 00:33:50 - INFO - |  66 | 57169 364711 | !     1.6507909e+08 |       1.651764e+08 |  5.89e-04 |  4.56e+03 |  8.36e+04 |  8.82e+04 | !1.30e-06 | 3.3507e+11 |
2022-02-10 01:33:47 - INFO - |  67 | 58470 370909 |       1.6508647e+08 |      1.6516177e+08 |  4.56e-04 |  4.66e+03 |  8.71e+04 |  9.18e+04 |  6.33e-07 | 6.8047e+11 |
2022-02-10 02:27:18 - INFO - |  68 | 59750 377112 |       1.6509176e+08 |      1.6515231e+08 |  3.67e-04 |  4.72e+03 |  9.02e+04 |   9.5e+04 |  5.88e-07 | 1.2821e+12 |
2022-02-10 03:17:24 - INFO - |  69 | 60869 382838 |       1.6509546e+08 |      1.6514147e+08 |  2.79e-04 |   4.8e+03 |  9.32e+04 |   9.8e+04 |  3.02e-07 | 9.2449e+11 |
2022-02-10 04:06:04 - INFO - |  70 | 61952 388157 |       1.6509861e+08 |      1.6513571e+08 |  2.25e-04 |  4.89e+03 |   9.6e+04 |  1.01e+05 |  2.41e-07 | 9.1036e+11 |
2022-02-10 04:50:32 - INFO - |  71 | 62907 392832 | !     1.6510091e+08 |      1.6513332e+08 |  1.96e-04 |  4.96e+03 |  9.86e+04 |  1.04e+05 | !3.35e-06 | 7.4857e+11 |
2022-02-10 05:31:45 - INFO - |  72 | 63724 396724 |       1.6510292e+08 |      1.6512823e+08 |  1.53e-04 |  5.04e+03 |  1.01e+05 |  1.06e+05 |  5.08e-07 | 1.0012e+12 |
2022-02-10 06:07:46 - INFO - |  73 | 64545 400610 |       1.6510436e+08 |       1.651241e+08 |  1.20e-04 |  5.12e+03 |  1.03e+05 |  1.08e+05 |  2.05e-07 | 5.6442e+12 |
2022-02-10 06:40:30 - INFO - |  74 | 65412 404701 |       1.6510548e+08 |      1.6512208e+08 |  1.01e-04 |  5.19e+03 |  1.05e+05 |   1.1e+05 |  5.32e-07 | 2.2891e+12 |
2022-02-10 07:11:47 - INFO - |  75 | 66078 407986 |       1.6510627e+08 |      1.6511957e+08 |  8.06e-05 |  5.26e+03 |  1.07e+05 |  1.12e+05 |  7.66e-07 | 3.4291e+12 |
2022-02-10 07:11:47 - INFO - |-----+-----------+---------------------+--------------------+-----------+-----------+-----------+-----------+-----------+------------|
2022-02-10 07:11:47 - INFO - *  75 | 66078 407986 |       1.6510627e+08 |      1.6511957e+08 |  8.06e-05 |  5.26e+03 |  1.07e+05 |  1.12e+05 |   7.7e-07 | 3.4291e+12 | OMP_OPTIMAL
2022-02-10 07:11:47 - INFO - |-----+-----------+---------------------+--------------------+-----------+-----------+-----------+-----------+-----------+------------|
2022-02-10 07:11:48 - INFO - BZsolval = 165,106,265.084404 (upper bound = 165,119,569.293467)
2022-02-10 07:11:51 - INFO - PSP-SM: UB updated. New UB: 165106265.084283
2022-02-10 07:11:52 - INFO - PSP-SM: Solution BZ with value 165106265.084283 inserted as relaxed solution 
2022-02-10 07:11:53 - INFO - ************** Applying Toposort Heuristic for PSP. **************
