2022-02-08 21:59:38 - INFO - Invokation arguments: /home/icipriano/BINARIO_TONHO_7FEB -s /home/icipriano/MinesRepo2/Dominion5/opp/Dominion5 -x /home/icipriano/AuditoriaUGwRTW/1_Inputs/emptyParams.params -w out_cmpWcmp_9Feb_Dominion5 
2022-02-08 21:59:38 - REPORT - Reading the following parameters file: /home/icipriano/AuditoriaUGwRTW/1_Inputs/emptyParams.params
2022-02-08 21:59:38 - WARNING - OPP Parser will skip validations of the problem.
2022-02-08 21:59:38 - REPORT - Reading the following json file: /home/icipriano/MinesRepo2/Dominion5/opp/Dominion5.opp
2022-02-08 21:59:38 - REPORT - The file /home/icipriano/MinesRepo2/Dominion5/opp/Dominion5.opp has been read successfully.
2022-02-08 21:59:38 - INFO - Mining block integrality type set to Full
2022-02-08 21:59:38 - INFO - Parcel integrality type set to Multiple
2022-02-08 21:59:38 - INFO - Group integrality type set to Full
2022-02-08 21:59:38 - INFO - Loading time model variables.
2022-02-08 21:59:38 - INFO - Number of periods: 720
2022-02-08 21:59:38 - INFO - Discount rate(s): 0, 0.0010004
2022-02-08 21:59:38 - INFO - Loading Capacity Constraints.
2022-02-08 21:59:38 - INFO - Constraint - Name: constraint0 | Timesubdivision:  | RHS: 55000
2022-02-08 21:59:38 - INFO - Constraint - Name: constraint1 | Timesubdivision:  | RHS: 12500
2022-02-08 21:59:38 - INFO - Constraint - Name: constraint2 | Timesubdivision:  | RHS: 25000
2022-02-08 21:59:38 - INFO - Constraint - Name: constraint3 | Timesubdivision:  | RHS: 12500
2022-02-08 21:59:38 - INFO - Constraint - Name: constraint4 | Timesubdivision:  | RHS: 775
2022-02-08 21:59:38 - INFO - Constraint - Name: constraint5 | Timesubdivision:  | RHS: 10000
2022-02-08 21:59:38 - INFO - Constraint - Name: constraint6 | Timesubdivision:  | RHS: 30000
2022-02-08 21:59:38 - INFO - Constraint - Name: constraint7 | Timesubdivision:  | RHS: 5
2022-02-08 21:59:38 - INFO - The problem doesn't have a .cat file. One category will be created for each parcel.
2022-02-08 21:59:38 - WARNING - Cannot skip validation if no category file is specified.
2022-02-08 21:59:38 - INFO - The problem doesn't have a .mb file. The mining blocks are defined in the parcel file.
2022-02-08 21:59:38 - REPORT - Loading parcels from /home/icipriano/MinesRepo2/Dominion5/opp/Dominion5.parcels
2022-02-08 21:59:38 - REPORT - Parsing of the file /home/icipriano/MinesRepo2/Dominion5/opp/Dominion5.parcels: 0.0770 seconds.
2022-02-08 21:59:38 - REPORT - Creating parcels, mining blocks and categories
2022-02-08 21:59:38 - REPORT - Parsing 28883 lines from file.
2022-02-08 21:59:38 - INFO - Processed 2887 lines: 0.0412 seconds.
2022-02-08 21:59:38 - INFO - Processed 5775 lines: 0.0444 seconds.
2022-02-08 21:59:38 - INFO - Processed 8663 lines: 0.0505 seconds.
2022-02-08 21:59:38 - INFO - Processed 11551 lines: 0.0426 seconds.
2022-02-08 21:59:38 - INFO - Processed 14439 lines: 0.0448 seconds.
2022-02-08 21:59:38 - INFO - Processed 17327 lines: 0.0603 seconds.
2022-02-08 21:59:38 - INFO - Processed 20215 lines: 0.0424 seconds.
2022-02-08 21:59:38 - INFO - Processed 23103 lines: 0.0437 seconds.
2022-02-08 21:59:38 - INFO - Processed 25991 lines: 0.0431 seconds.
2022-02-08 21:59:38 - INFO - Processed 28879 lines: 0.0466 seconds.
2022-02-08 21:59:38 - REPORT - Creating parcels, mining blocks and categories: 0.461 seconds.
2022-02-08 21:59:38 - REPORT - Loading/Creating OPP Precedences
2022-02-08 21:59:38 - INFO - Processed 2888 lines. Time: : 0.0247 seconds.
2022-02-08 21:59:38 - INFO - Processed 5776 lines. Time: : 0.0151 seconds.
2022-02-08 21:59:38 - INFO - Processed 8664 lines. Time: : 0.0149 seconds.
2022-02-08 21:59:38 - INFO - Processed 11552 lines. Time: : 0.0149 seconds.
2022-02-08 21:59:38 - INFO - Processed 14440 lines. Time: : 0.0149 seconds.
2022-02-08 21:59:38 - INFO - Processed 17328 lines. Time: : 0.0148 seconds.
2022-02-08 21:59:38 - INFO - Processed 20216 lines. Time: : 0.0149 seconds.
2022-02-08 21:59:38 - INFO - Processed 23104 lines. Time: : 0.0152 seconds.
2022-02-08 21:59:38 - INFO - Processed 25992 lines. Time: : 0.0150 seconds.
2022-02-08 21:59:38 - INFO - Processed 28880 lines. Time: : 0.0148 seconds.
2022-02-08 21:59:38 - REPORT - Loading/Creating Precedences: 0.164 seconds.
2022-02-08 21:59:38 - REPORT - Parsing of the input files: 0.788 seconds.
2022-02-08 21:59:38 - INFO - Source node Mine contains 28883 categories.
2022-02-08 21:59:39 - REPORT - ************ Running Upit Preprocess ************
2022-02-08 21:59:39 - REPORT - Number of blocks in uPit: 22931 of a total of 28883
2022-02-08 21:59:39 - REPORT - Value of the Upit: 226,213,302.400
2022-02-08 21:59:39 - REPORT - +-----------------------------------------------------------------------------------------------------------------------------+
2022-02-08 21:59:39 - REPORT - |          |                                 Iteration                                 |              Accumulated             |
2022-02-08 21:59:39 - REPORT - |----------+---------------------------------------------------------------------------+--------------------------------------|
2022-02-08 21:59:39 - REPORT - |  # iter  |  # period  |  Undiscounted Objval  |    Discounted Objval  |        Time  |    Discounted Objval  |        Time  |
2022-02-08 21:59:39 - REPORT - |----------+------------+-----------------------+-----------------------+--------------+-----------------------+--------------|
2022-02-08 21:59:39 - INFO - Starting iteration 1 with first valid time 0
2022-02-08 21:59:39 - INFO - ************ Generating Reduced OPP ****************
2022-02-08 21:59:40 - INFO - Source node Mine contains 22931 categories.
2022-02-08 21:59:40 - INFO - Aggregation pattern attempt 0
2022-02-08 21:59:40 - INFO - Using aggregation pattern 1, 1, 1, 1, 1, 1, 1, 1, 1, 1, 1, 1, 1, 1, 1, 1, 1, 1, 1, 1, 1, 1, 1, 1, 1, 1, 1, 1, 1, 1, 1, 1, 1, 1, 1, 1, 1, 1, 1, 1, 1, 1, 1, 1, 1, 1, 1, 1, 1, 1, 1, 1, 1, 1, 1, 1, 1, 1, 1, 1, 1, 1, 1, 1, 1, 1, 1, 1, 1, 1, 1, 1, 1, 1, 1, 1, 1, 1, 1, 1, 1, 1, 1, 1, 1, 1, 1, 1, 1, 1, 1, 1, 1, 1, 1, 1, 1, 1, 1, 1, 1, 1, 1, 1, 1, 1, 1, 1, 1, 1, 1, 1, 1, 1, 1, 1, 1, 1, 1, 1, 1, 1, 1, 1, 1, 1, 1, 1, 1, 1, 1, 1, 1, 1, 1, 1, 1, 1, 1, 1, 1, 1, 1, 1, 1, 1, 1, 1, 1, 1, 1, 1, 1, 1, 1, 1, 1, 1, 1, 1, 1, 1, 1, 1, 1, 1, 1, 1, 1, 1, 1, 1, 1, 1, 1, 1, 1, 1, 1, 1, 1, 1, 1, 1, 1, 1, 1, 1, 1, 1, 1, 1, 1, 1, 1, 1, 1, 1, 1, 1, 1, 1, 1, 1, 1, 1, 1, 1, 1, 1, 1, 1, 1, 1, 1, 1, 1, 1, 1, 1, 1, 1, 1, 1, 1, 1, 1, 1, 1, 1, 1, 1, 1, 1, 1, 1, 1, 1, 1, 1, 1, 1, 1, 1, 1, 1, 1, 1, 1, 1, 1, 1, 1, 1, 1, 1, 1, 1, 1, 1, 1, 1, 1, 1, 1, 1, 1, 1, 1, 1, 1, 1, 1, 1, 1, 1, 1, 1, 1, 1, 1, 1, 1, 1, 1, 1, 1, 1, 1, 1, 1, 1, 1, 1, 1, 1, 1, 1, 1, 1, 1, 1, 1, 1, 1, 1, 1, 1, 1, 1, 1, 1, 1, 1, 1, 1, 1, 1, 1, 1, 1, 1, 1, 1, 1, 1, 1, 1, 1, 1, 1, 1, 1, 1, 1, 1, 1, 1, 1, 1, 1, 1, 1, 1, 1, 1, 1, 1, 1, 1, 1, 1, 1, 1, 1, 1, 1, 1, 1, 1, 1, 1, 1, 1, 1, 1, 1, 1, 1, 1, 1, 1, 1, 1, 1, 1, 1, 1, 1, 1, 1, 1, 1, 1, 1, 1, 1, 1, 1, 1, 1, 1, 1, 1, 1, 1, 1, 1, 1, 1, 1, 1, 1, 1, 1, 1, 1, 1, 1, 1, 1, 1, 1, 1, 1, 1, 1, 1, 1, 1, 1, 1, 1, 1, 1, 1, 1, 1, 1, 1, 1, 1, 1, 1, 1, 1, 1, 1, 1, 1, 1, 1, 1, 1, 1, 1, 1, 1, 1, 1, 1, 1, 1, 1, 1, 1, 1, 1, 1, 1, 1, 1, 1, 1, 1, 1, 1, 1, 1, 1, 1, 1, 1, 1, 1, 1, 1, 1, 1, 1, 1, 1, 1, 1, 1, 1, 1, 1, 1, 1, 1, 1, 1, 1, 1, 1, 1, 1, 1, 1, 1, 1, 1, 1, 1, 1, 1, 1, 1, 1, 1, 1, 1, 1, 1, 1, 1, 1, 1, 1, 1, 1, 1, 1, 1, 1, 1, 1, 1, 1, 1, 1, 1, 1, 1, 1, 1, 1, 1, 1, 1, 1, 1, 1, 1, 1, 1, 1, 1, 1, 1, 1, 1, 1, 1, 1, 1, 1, 1, 1, 1, 1, 1, 1, 1, 1, 1, 1, 1, 1, 1, 1, 1, 1, 1, 1, 1, 1, 1, 1, 1, 1, 1, 1, 1, 1, 1, 1, 1, 1, 1, 1, 1, 1, 1, 1, 1, 1, 1, 1, 1, 1, 1, 1, 1, 1, 1, 1, 1, 1, 1, 1, 1, 1, 1, 1, 1, 1, 1, 1, 1, 1, 1, 1, 1, 1, 1, 1, 1, 1, 1, 1, 1, 1, 1, 1, 1, 1, 1, 1, 1, 1, 1, 1, 1, 1, 1, 1, 1, 1, 1, 1, 1, 1, 1, 1, 1, 1, 1, 1, 1, 1, 1, 1, 1, 1, 1, 1, 1, 1, 1, 1, 1, 1, 1, 1, 1, 1, 1, 1, 1, 1, 1, 1, 1, 1, 1, 1, 1, 1, 1, 1, 1, 1, 1, 1, 1, 1, 1, 1, 1, 1, 1, 1, 1, 1, 1, 1, 1, 1, 1, 1, 1, 1, 1, 1, 1, 1, 1, 1 to create the time subdivision.
2022-02-08 21:59:40 - INFO - 
2022-02-08 21:59:40 - INFO - ************ Generating PSP Instance of the problem ****************
2022-02-08 22:49:01 - INFO - Full PSP generation: 2,961 seconds.
2022-02-08 22:49:11 - INFO - Reduced PSP generation: 9.51 seconds.
2022-02-08 22:49:12 - INFO - Generation of PSP, PreProcessing and Reduction took: 2,972 seconds.
2022-02-08 22:49:14 - INFO - ************** Solving the LP Relaxation of the PSP. **************
2022-02-08 23:20:26 - INFO - OR Solver: loaded problem with 11085593 vars, 5730 constraints, 38976495 non-zero coefficients.
2022-02-08 23:20:26 - INFO - Parameters:
2022-02-08 23:20:26 - INFO - 	 Target gap: 1.000000e-04
2022-02-08 23:20:26 - INFO - 	 Use Master hotstart: 1
2022-02-08 23:20:26 - INFO - 	 Use Pricing hotstart: 1
2022-02-08 23:20:30 - INFO - |-----+-----------+---------------------+--------------------+-----------+-----------+-----------+-----------+-----------+------------|
2022-02-08 23:20:30 - INFO - | BIENSTOCK-ZUCKERBERG ALGORITHM: Target gap = 1.00e-04.  Target eps = 1.00e-06.  Starting phase = Phase II.                          |
2022-02-08 23:20:30 - INFO - | Number of variables: tot = 11091323, x = 11085593, y = 0, s = 5730
2022-02-08 23:20:30 - INFO - |-----+-----------+---------------------+--------------------+-----------+-----------+-----------+-----------+-----------+------------|
2022-02-08 23:20:30 - INFO - |Iter.|#Part.     |    Primal Value     |  Lagrangian Value  |    Gap    | Pri. Time | Mas. Time | Tot. Time | Pri. Eps. |   Kappa    |
2022-02-08 23:20:30 - INFO - |-----+-----------+---------------------+--------------------+-----------+-----------+-----------+-----------+-----------+------------|
2022-02-08 23:21:20 - INFO - |   1 |    2 5731 |            17480504 |      1.6874456e+08 |  8.65e+00 |      46.8 |      3.11 |      50.2 |  0.00e+00 |     1.3578 |
2022-02-08 23:21:48 - INFO - |   2 |    3 5733 |            18694584 |      1.6874456e+08 |  8.03e+00 |      71.4 |      6.08 |      77.9 |  0.00e+00 |     2.1389 |
2022-02-08 23:22:20 - INFO - |   3 |    4 5736 |            28964459 |      1.6874456e+08 |  4.83e+00 |       100 |      9.39 |       110 |  1.82e-12 |     3.3017 |
2022-02-08 23:22:48 - INFO - |   4 |    5 5740 |            35256075 |      1.6874456e+08 |  3.79e+00 |       125 |      12.3 |       138 |  1.82e-12 |     4.7349 |
2022-02-08 23:23:15 - INFO - |   5 |    6 5745 |            41478816 |      1.6874456e+08 |  3.07e+00 |       149 |      15.3 |       165 |  1.82e-12 |     5.3954 |
2022-02-08 23:23:46 - INFO - |   6 |    7 5751 |            49247644 |      1.6874456e+08 |  2.43e+00 |       177 |      18.2 |       196 |  1.82e-12 |     6.3315 |
2022-02-08 23:24:18 - INFO - |   7 |    8 5758 |            53132953 |      1.6874456e+08 |  2.18e+00 |       205 |      21.7 |       228 |  9.09e-13 |     29.007 |
2022-02-08 23:25:07 - INFO - |   8 |   13 5779 |            57414522 |      1.6874456e+08 |  1.94e+00 |       250 |      26.3 |       277 |  4.86e-12 |     20.546 |
2022-02-08 23:25:50 - INFO - |   9 |   24 5823 |            62084290 |      1.6874456e+08 |  1.72e+00 |       289 |        30 |       320 |  1.62e-12 |     129.86 |
2022-02-08 23:26:41 - INFO - |  10 |   37 5881 |            63807221 |      1.6874456e+08 |  1.64e+00 |       335 |      34.2 |       371 |  9.09e-13 |     30.098 |
2022-02-08 23:27:22 - INFO - |  11 |   64 6006 |            66200229 |      1.6874456e+08 |  1.55e+00 |       372 |      38.4 |       412 |  2.05e-12 |     411.68 |
2022-02-08 23:28:22 - INFO - |  12 |   95 6150 |            69273983 |      1.6874456e+08 |  1.44e+00 |       428 |      42.8 |       472 |  1.19e-11 |     322.22 |
2022-02-08 23:29:09 - INFO - |  13 |  138 6377 |            73634996 |      1.6874456e+08 |  1.29e+00 |       470 |      47.1 |       519 |  1.22e-11 |     982.63 |
2022-02-08 23:30:07 - INFO - |  14 |  193 6647 |            78877478 |      1.6874456e+08 |  1.14e+00 |       525 |      51.1 |       577 |  2.27e-11 |       1800 |
2022-02-08 23:30:54 - INFO - |  15 |  228 6845 |            82853889 |      1.6874456e+08 |  1.04e+00 |       567 |      54.7 |       624 |  7.73e-12 |     2771.2 |
2022-02-08 23:31:53 - INFO - |  16 |  244 6959 |            85487983 |      1.6874456e+08 |  9.74e-01 |       622 |      59.1 |       683 |  6.44e-10 |     1153.5 |
2022-02-08 23:32:42 - INFO - |  17 |  320 7460 |            88232733 |      1.6874456e+08 |  9.12e-01 |       667 |      63.6 |       732 |  3.41e-12 |     2010.3 |
2022-02-08 23:33:47 - INFO - |  18 |  369 7671 |            92595610 |      1.6874456e+08 |  8.22e-01 |       727 |      68.1 |       797 |  1.66e-08 | 1.5742e+08 |
2022-02-08 23:34:43 - INFO - |  19 |  412 7888 |            95829971 |      1.6874456e+08 |  7.61e-01 |       779 |      72.4 |       854 |  2.06e-10 | 2.1719e+09 |
2022-02-08 23:35:40 - INFO - |  20 |  460 8154 |            99142741 |      1.6874456e+08 |  7.02e-01 |       832 |      76.3 |       910 |  1.07e-08 | 3.4632e+08 |
2022-02-08 23:36:45 - INFO - |  21 |  518 8545 |       1.0254581e+08 |      1.6874456e+08 |  6.46e-01 |       893 |      79.7 |       975 |  2.99e-09 | 2.0871e+08 |
2022-02-08 23:37:48 - INFO - |  22 |  568 8932 |       1.0610643e+08 |      1.6874456e+08 |  5.90e-01 |       953 |      82.7 |  1.04e+03 |  3.16e-07 | 5.8391e+08 |
2022-02-08 23:38:40 - INFO - |  23 |  629 9391 |       1.0922897e+08 |      1.6874456e+08 |  5.45e-01 |     1e+03 |      85.7 |  1.09e+03 |  1.01e-07 |  9.862e+07 |
2022-02-08 23:39:41 - INFO - |  24 |  748 10023 | !     1.1136176e+08 |      1.6874456e+08 |  5.15e-01 |  1.06e+03 |      88.5 |  1.15e+03 | !1.86e-06 | 4.8013e+08 |
2022-02-08 23:40:44 - INFO - |  25 |  891 11245 |       1.1361197e+08 |      1.6874456e+08 |  4.85e-01 |  1.12e+03 |        92 |  1.21e+03 |  1.13e-07 | 3.9801e+08 |
2022-02-08 23:41:51 - INFO - |  26 | 1048 12325 |       1.1515332e+08 |      1.6874456e+08 |  4.65e-01 |  1.18e+03 |      95.9 |  1.28e+03 |  5.22e-11 |     6860.3 |
2022-02-08 23:42:55 - INFO - |  27 | 1203 13294 |       1.1642075e+08 |      1.6874456e+08 |  4.49e-01 |  1.24e+03 |       100 |  1.34e+03 |  4.91e-09 | 4.3201e+09 |
2022-02-08 23:44:05 - INFO - |  28 | 1472 16157 | !     1.1787232e+08 |      1.6874456e+08 |  4.32e-01 |   1.3e+03 |       107 |  1.42e+03 | !1.09e-06 | 9.4162e+08 |
2022-02-08 23:45:20 - INFO - |  29 | 1867 20118 |        1.205299e+08 |      1.6874456e+08 |  4.00e-01 |  1.37e+03 |       119 |  1.49e+03 |  2.75e-07 |  2.937e+09 |
2022-02-08 23:46:44 - INFO - |  30 | 2297 23789 | !     1.2373769e+08 |      1.6874456e+08 |  3.64e-01 |  1.43e+03 |       136 |  1.57e+03 | !1.97e-06 | 1.3197e+10 |
2022-02-08 23:48:17 - INFO - |  31 | 2848 29247 | !     1.2709026e+08 |      1.6874456e+08 |  3.28e-01 |  1.51e+03 |       156 |  1.67e+03 | !1.90e-05 | 1.9909e+11 |
2022-02-08 23:50:25 - INFO - |  32 | 3564 35317 |       1.2949174e+08 |      1.6874456e+08 |  3.03e-01 |  1.59e+03 |       202 |  1.79e+03 |  4.56e-07 | 3.2037e+11 |
2022-02-08 23:53:02 - INFO - |  33 | 4397 43509 | !     1.3247662e+08 |      1.6874456e+08 |  2.74e-01 |  1.66e+03 |       285 |  1.95e+03 | !7.28e-06 | 2.1219e+10 |
2022-02-08 23:56:01 - INFO - |  34 | 5416 51365 | !     1.3584365e+08 |      1.6874456e+08 |  2.42e-01 |  1.74e+03 |       384 |  2.13e+03 | !2.52e-06 | 3.1719e+10 |
2022-02-08 23:59:57 - INFO - |  35 | 6674 61018 | !     1.3958645e+08 |      1.6874456e+08 |  2.09e-01 |  1.83e+03 |       537 |  2.37e+03 | !1.62e-04 |  9.682e+10 |
2022-02-09 00:03:57 - INFO - |  36 | 7526 66376 | !      1.420636e+08 |      1.6874456e+08 |  1.88e-01 |   1.9e+03 |       701 |  2.61e+03 | !1.58e-05 | 1.5841e+11 |
2022-02-09 00:08:43 - INFO - |  37 | 7996 69195 | !     1.4466602e+08 |      1.6874456e+08 |  1.66e-01 |  1.98e+03 |       908 |  2.89e+03 | !5.62e-05 | 1.1544e+11 |
2022-02-09 00:13:35 - INFO - |  38 | 8650 73198 | !     1.4684858e+08 |      1.6874456e+08 |  1.49e-01 |  2.05e+03 |  1.13e+03 |  3.19e+03 | !6.59e-05 | 9.1721e+10 |
2022-02-09 00:19:24 - INFO - |  39 | 9516 78762 | !     1.4929442e+08 |      1.6874456e+08 |  1.30e-01 |  2.14e+03 |  1.39e+03 |  3.53e+03 | !1.71e-05 |  1.611e+11 |
2022-02-09 00:25:48 - INFO - |  40 | 9999 82340 | !     1.5150909e+08 |      1.6874456e+08 |  1.14e-01 |  2.21e+03 |  1.71e+03 |  3.92e+03 | !6.91e-05 | 7.2347e+10 |
2022-02-09 00:34:20 - INFO - |  41 | 11290 90278 | !     1.5347775e+08 |      1.6874456e+08 |  9.95e-02 |  2.28e+03 |  2.14e+03 |  4.43e+03 | !2.60e-05 |  8.216e+10 |
2022-02-09 00:43:19 - INFO - |  42 | 11769 93198 | !     1.5499217e+08 |      1.6874456e+08 |  8.87e-02 |  2.35e+03 |  2.62e+03 |  4.97e+03 | !4.62e-06 | 1.4166e+11 |
2022-02-09 00:52:41 - INFO - |  43 | 12319 96489 | !     1.5642797e+08 |      1.6874456e+08 |  7.87e-02 |  2.41e+03 |  3.12e+03 |  5.53e+03 | !8.66e-06 | 2.2334e+11 |
2022-02-09 01:34:45 - INFO - |  44 | 12906 100194 |       1.5757154e+08 |      1.6874456e+08 |  7.09e-02 |  2.47e+03 |  5.59e+03 |  8.06e+03 |  8.76e-07 | 3.1677e+11 |
2022-02-09 01:46:30 - INFO - |  45 | 13379 103207 | !     1.5901261e+08 |      1.6874456e+08 |  6.12e-02 |  2.53e+03 |  6.23e+03 |  8.76e+03 | !1.15e-04 |  7.748e+10 |
2022-02-09 01:57:43 - INFO - |  46 | 13966 107266 | !     1.5991427e+08 |      1.6874456e+08 |  5.52e-02 |  2.59e+03 |  6.84e+03 |  9.43e+03 | !4.54e-06 | 2.3775e+10 |
2022-02-09 02:15:04 - INFO - |  47 | 15799 121231 | !     1.6077654e+08 |      1.6874456e+08 |  4.96e-02 |  2.65e+03 |  7.82e+03 |  1.05e+04 | !6.72e-05 | 1.2906e+11 |
2022-02-09 02:36:45 - INFO - |  48 | 17385 133441 | !     1.6151351e+08 |      1.6874456e+08 |  4.48e-02 |  2.73e+03 |  9.04e+03 |  1.18e+04 | !1.73e-05 | 4.0096e+11 |
2022-02-09 02:58:41 - INFO - |  49 | 19099 147550 | !     1.6193813e+08 |      1.6874456e+08 |  4.20e-02 |  2.81e+03 |  1.03e+04 |  1.31e+04 | !1.96e-06 |  7.662e+10 |
2022-02-09 03:24:08 - INFO - |  50 | 21177 162490 | !     1.6233536e+08 |      1.6874456e+08 |  3.95e-02 |  2.89e+03 |  1.17e+04 |  1.46e+04 | !5.55e-06 | 3.9696e+10 |
2022-02-09 05:37:19 - INFO - |  51 | 23193 177237 |       1.6273859e+08 |      1.6874456e+08 |  3.69e-02 |  2.96e+03 |  1.96e+04 |  2.26e+04 |  8.49e-07 | 8.2178e+11 |
2022-02-09 06:05:41 - INFO - |  52 | 25353 192901 | !      1.633261e+08 |      1.6874456e+08 |  3.32e-02 |  3.04e+03 |  2.13e+04 |  2.43e+04 | !4.28e-06 | 1.6493e+11 |
2022-02-09 06:35:01 - INFO - |  53 | 27698 209527 |       1.6375869e+08 |      1.6874456e+08 |  3.04e-02 |   3.1e+03 |   2.3e+04 |  2.61e+04 |  4.74e-07 | 1.5835e+11 |
2022-02-09 07:09:11 - INFO - |  54 | 29684 223926 |       1.6407855e+08 |      1.6779424e+08 |  2.26e-02 |  3.18e+03 |  2.49e+04 |  2.81e+04 |  2.72e-07 | 2.8551e+11 |
2022-02-09 07:38:03 - INFO - |  55 | 32117 239849 |       1.6426027e+08 |      1.6722902e+08 |  1.81e-02 |  3.26e+03 |  2.66e+04 |  2.99e+04 |  4.55e-07 | 3.6193e+11 |
2022-02-09 08:13:33 - INFO - |  56 | 34671 254490 |       1.6442267e+08 |      1.6618262e+08 |  1.07e-02 |  3.33e+03 |  2.86e+04 |   3.2e+04 |  1.79e-07 | 1.2723e+11 |
2022-02-09 08:54:43 - INFO - |  57 | 37226 268109 | !     1.6459785e+08 |      1.6604263e+08 |  8.78e-03 |   3.4e+03 |   3.1e+04 |  3.45e+04 | !4.48e-06 | 2.5969e+11 |
2022-02-09 09:43:32 - INFO - |  58 | 39973 282791 | !     1.6472147e+08 |      1.6596772e+08 |  7.57e-03 |  3.48e+03 |  3.39e+04 |  3.74e+04 | !5.46e-06 | 1.0125e+11 |
2022-02-09 10:24:56 - INFO - |  59 | 42508 294919 |       1.6482269e+08 |      1.6566803e+08 |  5.13e-03 |  3.56e+03 |  3.63e+04 |  3.99e+04 |  7.44e-07 | 5.6042e+11 |
2022-02-09 11:13:27 - INFO - |  60 | 44880 306206 | !     1.6489307e+08 |      1.6548139e+08 |  3.57e-03 |  3.67e+03 |  3.91e+04 |  4.28e+04 | !2.54e-06 | 9.4689e+11 |
2022-02-09 12:32:33 - INFO - |  61 | 46994 316249 | !     1.6495765e+08 |      1.6538615e+08 |  2.60e-03 |  3.75e+03 |  4.38e+04 |  4.75e+04 | !1.71e-05 | 5.8119e+11 |
2022-02-09 13:48:25 - INFO - |  62 | 49413 327098 | !     1.6499536e+08 |      1.6535442e+08 |  2.18e-03 |  3.82e+03 |  4.83e+04 |  5.21e+04 | !1.51e-06 | 2.1779e+11 |
2022-02-09 14:56:45 - INFO - |  63 | 51625 337158 |       1.6502638e+08 |      1.6527916e+08 |  1.53e-03 |  3.89e+03 |  5.23e+04 |  5.62e+04 |  1.06e-07 | 4.4554e+11 |
2022-02-09 16:06:40 - INFO - |  64 | 53474 345738 |       1.6504483e+08 |      1.6521628e+08 |  1.04e-03 |  3.97e+03 |  5.64e+04 |  6.04e+04 |  8.71e-07 | 3.4003e+11 |
2022-02-09 17:16:09 - INFO - |  65 | 55175 353532 |       1.6506135e+08 |      1.6519983e+08 |  8.39e-04 |  4.06e+03 |  6.05e+04 |  6.45e+04 |  4.09e-07 | 2.5578e+11 |
2022-02-09 18:24:43 - INFO - |  66 | 56652 360584 | !     1.6507394e+08 |       1.651826e+08 |  6.58e-04 |  4.12e+03 |  6.45e+04 |  6.87e+04 | !1.57e-06 | 3.1544e+12 |
2022-02-09 19:18:02 - INFO - |  67 | 58076 367087 |       1.6508329e+08 |      1.6516391e+08 |  4.88e-04 |   4.2e+03 |  6.76e+04 |  7.19e+04 |  3.33e-07 | 5.2961e+11 |
2022-02-09 20:07:38 - INFO - |  68 | 59370 373157 |       1.6508924e+08 |      1.6515262e+08 |  3.84e-04 |  4.29e+03 |  7.05e+04 |  7.48e+04 |  7.43e-07 | 1.3149e+11 |
2022-02-09 20:50:47 - INFO - |  69 | 60584 378894 |       1.6509314e+08 |      1.6514379e+08 |  3.07e-04 |  4.36e+03 |  7.31e+04 |  7.74e+04 |  3.62e-07 |  2.471e+12 |
2022-02-09 21:45:10 - INFO - |  70 | 61639 383977 | !      1.650966e+08 |      1.6513531e+08 |  2.35e-04 |  4.44e+03 |  7.62e+04 |  8.07e+04 | !2.87e-06 | 1.1347e+11 |
2022-02-09 22:31:36 - INFO - |  71 | 62664 388836 |       1.6509926e+08 |      1.6513287e+08 |  2.04e-04 |  4.51e+03 |   7.9e+04 |  8.35e+04 |  2.68e-07 | 1.4475e+12 |
2022-02-09 23:13:18 - INFO - |  72 | 63589 393369 |       1.6510137e+08 |      1.6512966e+08 |  1.71e-04 |  4.58e+03 |  8.14e+04 |   8.6e+04 |  6.05e-07 | 1.0794e+12 |
2022-02-09 23:55:48 - INFO - |  73 | 64440 397530 |       1.6510321e+08 |      1.6512793e+08 |  1.50e-04 |  4.66e+03 |  8.39e+04 |  8.85e+04 |  7.56e-07 | 1.2267e+12 |
2022-02-10 00:30:53 - INFO - |  74 | 65202 401426 |       1.6510433e+08 |      1.6512387e+08 |  1.18e-04 |  4.74e+03 |  8.59e+04 |  9.06e+04 |  4.30e-07 | 4.2878e+11 |
2022-02-10 01:05:42 - INFO - |  75 | 65934 405090 |       1.6510533e+08 |      1.6512037e+08 |  9.11e-05 |  4.81e+03 |  8.79e+04 |  9.27e+04 |  6.39e-07 | 3.7035e+12 |
2022-02-10 01:05:42 - INFO - |-----+-----------+---------------------+--------------------+-----------+-----------+-----------+-----------+-----------+------------|
2022-02-10 01:05:42 - INFO - *  75 | 65934 405090 |       1.6510533e+08 |      1.6512037e+08 |  9.11e-05 |  4.81e+03 |  8.79e+04 |  9.27e+04 |   6.4e-07 | 3.7035e+12 | OMP_OPTIMAL
2022-02-10 01:05:42 - INFO - |-----+-----------+---------------------+--------------------+-----------+-----------+-----------+-----------+-----------+------------|
2022-02-10 01:05:43 - INFO - BZsolval = 165,105,331.561865 (upper bound = 165,120,370.613301)
2022-02-10 01:05:47 - INFO - PSP-SM: UB updated. New UB: 165105331.561857
2022-02-10 01:05:47 - INFO - PSP-SM: Solution BZ with value 165105331.561857 inserted as relaxed solution 
2022-02-10 01:05:48 - INFO - ************** Applying Toposort Heuristic for PSP. **************
