2022-02-08 21:59:41 - INFO - Invokation arguments: /home/icipriano/BINARIO_TONHO_7FEB -s /home/icipriano/MinesRepo2/Dominion3/opp/Dominion3 -x /home/icipriano/AuditoriaUGwRTW/1_Inputs/emptyParams.params -w out_cmpWcmp_9Feb_Dominion3 
2022-02-08 21:59:41 - REPORT - Reading the following parameters file: /home/icipriano/AuditoriaUGwRTW/1_Inputs/emptyParams.params
2022-02-08 21:59:41 - WARNING - OPP Parser will skip validations of the problem.
2022-02-08 21:59:41 - REPORT - Reading the following json file: /home/icipriano/MinesRepo2/Dominion3/opp/Dominion3.opp
2022-02-08 21:59:41 - REPORT - The file /home/icipriano/MinesRepo2/Dominion3/opp/Dominion3.opp has been read successfully.
2022-02-08 21:59:41 - INFO - Mining block integrality type set to Full
2022-02-08 21:59:41 - INFO - Parcel integrality type set to Multiple
2022-02-08 21:59:41 - INFO - Group integrality type set to Full
2022-02-08 21:59:41 - INFO - Loading time model variables.
2022-02-08 21:59:41 - INFO - Number of periods: 1200
2022-02-08 21:59:41 - INFO - Discount rate(s): 0, 0.00060012
2022-02-08 21:59:41 - INFO - Loading Capacity Constraints.
2022-02-08 21:59:41 - INFO - Constraint - Name: constraint0 | Timesubdivision:  | RHS: 33000
2022-02-08 21:59:41 - INFO - Constraint - Name: constraint1 | Timesubdivision:  | RHS: 7500
2022-02-08 21:59:41 - INFO - Constraint - Name: constraint2 | Timesubdivision:  | RHS: 15000
2022-02-08 21:59:41 - INFO - Constraint - Name: constraint3 | Timesubdivision:  | RHS: 7500
2022-02-08 21:59:41 - INFO - Constraint - Name: constraint4 | Timesubdivision:  | RHS: 465
2022-02-08 21:59:41 - INFO - Constraint - Name: constraint5 | Timesubdivision:  | RHS: 6000
2022-02-08 21:59:41 - INFO - Constraint - Name: constraint6 | Timesubdivision:  | RHS: 18000
2022-02-08 21:59:41 - INFO - Constraint - Name: constraint7 | Timesubdivision:  | RHS: 3
2022-02-08 21:59:41 - INFO - The problem doesn't have a .cat file. One category will be created for each parcel.
2022-02-08 21:59:41 - WARNING - Cannot skip validation if no category file is specified.
2022-02-08 21:59:41 - INFO - The problem doesn't have a .mb file. The mining blocks are defined in the parcel file.
2022-02-08 21:59:41 - REPORT - Loading parcels from /home/icipriano/MinesRepo2/Dominion3/opp/Dominion3.parcels
2022-02-08 21:59:41 - REPORT - Parsing of the file /home/icipriano/MinesRepo2/Dominion3/opp/Dominion3.parcels: 0.114 seconds.
2022-02-08 21:59:41 - REPORT - Creating parcels, mining blocks and categories
2022-02-08 21:59:41 - REPORT - Parsing 28883 lines from file.
2022-02-08 21:59:41 - INFO - Processed 2887 lines: 0.0405 seconds.
2022-02-08 21:59:41 - INFO - Processed 5775 lines: 0.0367 seconds.
2022-02-08 21:59:41 - INFO - Processed 8663 lines: 0.0403 seconds.
2022-02-08 21:59:41 - INFO - Processed 11551 lines: 0.0347 seconds.
2022-02-08 21:59:41 - INFO - Processed 14439 lines: 0.0373 seconds.
2022-02-08 21:59:41 - INFO - Processed 17327 lines: 0.0467 seconds.
2022-02-08 21:59:41 - INFO - Processed 20215 lines: 0.0366 seconds.
2022-02-08 21:59:41 - INFO - Processed 23103 lines: 0.0368 seconds.
2022-02-08 21:59:41 - INFO - Processed 25991 lines: 0.0395 seconds.
2022-02-08 21:59:41 - INFO - Processed 28879 lines: 0.0376 seconds.
2022-02-08 21:59:41 - REPORT - Creating parcels, mining blocks and categories: 0.388 seconds.
2022-02-08 21:59:41 - REPORT - Loading/Creating OPP Precedences
2022-02-08 21:59:41 - INFO - Processed 2888 lines. Time: : 0.0272 seconds.
2022-02-08 21:59:41 - INFO - Processed 5776 lines. Time: : 0.0105 seconds.
2022-02-08 21:59:41 - INFO - Processed 8664 lines. Time: : 0.0106 seconds.
2022-02-08 21:59:41 - INFO - Processed 11552 lines. Time: : 0.0104 seconds.
2022-02-08 21:59:41 - INFO - Processed 14440 lines. Time: : 0.0104 seconds.
2022-02-08 21:59:41 - INFO - Processed 17328 lines. Time: : 0.0104 seconds.
2022-02-08 21:59:41 - INFO - Processed 20216 lines. Time: : 0.0105 seconds.
2022-02-08 21:59:41 - INFO - Processed 23104 lines. Time: : 0.0105 seconds.
2022-02-08 21:59:41 - INFO - Processed 25992 lines. Time: : 0.0104 seconds.
2022-02-08 21:59:41 - INFO - Processed 28880 lines. Time: : 0.0105 seconds.
2022-02-08 21:59:41 - REPORT - Loading/Creating Precedences: 0.125 seconds.
2022-02-08 21:59:41 - REPORT - Parsing of the input files: 0.744 seconds.
2022-02-08 21:59:41 - INFO - Source node Mine contains 28883 categories.
2022-02-08 21:59:42 - REPORT - ************ Running Upit Preprocess ************
2022-02-08 21:59:42 - REPORT - Number of blocks in uPit: 22931 of a total of 28883
2022-02-08 21:59:42 - REPORT - Value of the Upit: 226,213,302.400
2022-02-08 21:59:42 - REPORT - +-----------------------------------------------------------------------------------------------------------------------------+
2022-02-08 21:59:42 - REPORT - |          |                                 Iteration                                 |              Accumulated             |
2022-02-08 21:59:42 - REPORT - |----------+---------------------------------------------------------------------------+--------------------------------------|
2022-02-08 21:59:42 - REPORT - |  # iter  |  # period  |  Undiscounted Objval  |    Discounted Objval  |        Time  |    Discounted Objval  |        Time  |
2022-02-08 21:59:42 - REPORT - |----------+------------+-----------------------+-----------------------+--------------+-----------------------+--------------|
2022-02-08 21:59:42 - INFO - Starting iteration 1 with first valid time 0
2022-02-08 21:59:42 - INFO - ************ Generating Reduced OPP ****************
2022-02-08 21:59:42 - INFO - Source node Mine contains 22931 categories.
2022-02-08 21:59:43 - INFO - Aggregation pattern attempt 0
2022-02-08 21:59:43 - INFO - Using aggregation pattern 1, 1, 1, 1, 1, 1, 1, 1, 1, 1, 1, 1, 1, 1, 1, 1, 1, 1, 1, 1, 1, 1, 1, 1, 1, 1, 1, 1, 1, 1, 1, 1, 1, 1, 1, 1, 1, 1, 1, 1, 1, 1, 1, 1, 1, 1, 1, 1, 1, 1, 1, 1, 1, 1, 1, 1, 1, 1, 1, 1, 1, 1, 1, 1, 1, 1, 1, 1, 1, 1, 1, 1, 1, 1, 1, 1, 1, 1, 1, 1, 1, 1, 1, 1, 1, 1, 1, 1, 1, 1, 1, 1, 1, 1, 1, 1, 1, 1, 1, 1, 1, 1, 1, 1, 1, 1, 1, 1, 1, 1, 1, 1, 1, 1, 1, 1, 1, 1, 1, 1, 1, 1, 1, 1, 1, 1, 1, 1, 1, 1, 1, 1, 1, 1, 1, 1, 1, 1, 1, 1, 1, 1, 1, 1, 1, 1, 1, 1, 1, 1, 1, 1, 1, 1, 1, 1, 1, 1, 1, 1, 1, 1, 1, 1, 1, 1, 1, 1, 1, 1, 1, 1, 1, 1, 1, 1, 1, 1, 1, 1, 1, 1, 1, 1, 1, 1, 1, 1, 1, 1, 1, 1, 1, 1, 1, 1, 1, 1, 1, 1, 1, 1, 1, 1, 1, 1, 1, 1, 1, 1, 1, 1, 1, 1, 1, 1, 1, 1, 1, 1, 1, 1, 1, 1, 1, 1, 1, 1, 1, 1, 1, 1, 1, 1, 1, 1, 1, 1, 1, 1, 1, 1, 1, 1, 1, 1, 1, 1, 1, 1, 1, 1, 1, 1, 1, 1, 1, 1, 1, 1, 1, 1, 1, 1, 1, 1, 1, 1, 1, 1, 1, 1, 1, 1, 1, 1, 1, 1, 1, 1, 1, 1, 1, 1, 1, 1, 1, 1, 1, 1, 1, 1, 1, 1, 1, 1, 1, 1, 1, 1, 1, 1, 1, 1, 1, 1, 1, 1, 1, 1, 1, 1, 1, 1, 1, 1, 1, 1, 1, 1, 1, 1, 1, 1, 1, 1, 1, 1, 1, 1, 1, 1, 1, 1, 1, 1, 1, 1, 1, 1, 1, 1, 1, 1, 1, 1, 1, 1, 1, 1, 1, 1, 1, 1, 1, 1, 1, 1, 1, 1, 1, 1, 1, 1, 1, 1, 1, 1, 1, 1, 1, 1, 1, 1, 1, 1, 1, 1, 1, 1, 1, 1, 1, 1, 1, 1, 1, 1, 1, 1, 1, 1, 1, 1, 1, 1, 1, 1, 1, 1, 1, 1, 1, 1, 1, 1, 1, 1, 1, 1, 1, 1, 1, 1, 1, 1, 1, 1, 1, 1, 1, 1, 1, 1, 1, 1, 1, 1, 1, 1, 1, 1, 1, 1, 1, 1, 1, 1, 1, 1, 1, 1, 1, 1, 1, 1, 1, 1, 1, 1, 1, 1, 1, 1, 1, 1, 1, 1, 1, 1, 1, 1, 1, 1, 1, 1, 1, 1, 1, 1, 1, 1, 1, 1, 1, 1, 1, 1, 1, 1, 1, 1, 1, 1, 1, 1, 1, 1, 1, 1, 1, 1, 1, 1, 1, 1, 1, 1, 1, 1, 1, 1, 1, 1, 1, 1, 1, 1, 1, 1, 1, 1, 1, 1, 1, 1, 1, 1, 1, 1, 1, 1, 1, 1, 1, 1, 1, 1, 1, 1, 1, 1, 1, 1, 1, 1, 1, 1, 1, 1, 1, 1, 1, 1, 1, 1, 1, 1, 1, 1, 1, 1, 1, 1, 1, 1, 1, 1, 1, 1, 1, 1, 1, 1, 1, 1, 1, 1, 1, 1, 1, 1, 1, 1, 1, 1, 1, 1, 1, 1, 1, 1, 1, 1, 1, 1, 1, 1, 1, 1, 1, 1, 1, 1, 1, 1, 1, 1, 1, 1, 1, 1, 1, 1, 1, 1, 1, 1, 1, 1, 1, 1, 1, 1, 1, 1, 1, 1, 1, 1, 1, 1, 1, 1, 1, 1, 1, 1, 1, 1, 1, 1, 1, 1, 1, 1, 1, 1, 1, 1, 1, 1, 1, 1, 1, 1, 1, 1, 1, 1, 1, 1, 1, 1, 1, 1, 1, 1, 1, 1, 1, 1, 1, 1, 1, 1, 1, 1, 1, 1, 1, 1, 1, 1, 1, 1, 1, 1, 1, 1, 1, 1, 1, 1, 1, 1, 1, 1, 1, 1, 1, 1, 1, 1, 1, 1, 1, 1, 1, 1, 1, 1, 1, 1, 1, 1, 1, 1, 1, 1, 1, 1, 1, 1, 1, 1, 1, 1, 1, 1, 1, 1, 1, 1, 1, 1, 1, 1, 1, 1, 1, 1, 1, 1, 1, 1, 1, 1, 1, 1, 1, 1, 1, 1, 1, 1, 1, 1, 1, 1, 1, 1, 1, 1, 1, 1, 1, 1, 1, 1, 1, 1, 1, 1, 1, 1, 1, 1, 1, 1, 1, 1, 1, 1, 1, 1, 1, 1, 1, 1, 1, 1, 1, 1, 1, 1, 1, 1, 1, 1, 1, 1, 1, 1, 1, 1, 1, 1, 1, 1, 1, 1, 1, 1, 1, 1, 1, 1, 1, 1, 1, 1, 1, 1, 1, 1, 1, 1, 1, 1, 1, 1, 1, 1, 1, 1, 1, 1, 1, 1, 1, 1, 1, 1, 1, 1, 1, 1, 1, 1, 1, 1, 1, 1, 1, 1, 1, 1, 1, 1, 1, 1, 1, 1, 1, 1, 1, 1, 1, 1, 1, 1, 1, 1, 1, 1, 1, 1, 1, 1, 1, 1, 1, 1, 1, 1, 1, 1, 1, 1, 1, 1, 1, 1, 1, 1, 1, 1, 1, 1, 1, 1, 1, 1, 1, 1, 1, 1, 1, 1, 1, 1, 1, 1, 1, 1, 1, 1, 1, 1, 1, 1, 1, 1, 1, 1, 1, 1, 1, 1, 1, 1, 1, 1, 1, 1, 1, 1, 1, 1, 1, 1, 1, 1, 1, 1, 1, 1, 1, 1, 1, 1, 1, 1, 1, 1, 1, 1, 1, 1, 1, 1, 1, 1, 1, 1, 1, 1, 1, 1, 1, 1, 1, 1, 1, 1, 1, 1, 1, 1, 1, 1, 1, 1, 1, 1, 1, 1, 1, 1, 1, 1, 1, 1, 1, 1, 1, 1, 1, 1, 1, 1, 1, 1, 1, 1, 1, 1, 1, 1, 1, 1, 1, 1, 1, 1, 1, 1, 1, 1, 1, 1, 1, 1, 1, 1, 1, 1, 1, 1, 1, 1, 1, 1, 1, 1, 1, 1, 1, 1, 1, 1, 1, 1, 1, 1, 1, 1, 1, 1, 1, 1, 1, 1, 1, 1, 1, 1, 1, 1, 1, 1, 1, 1, 1, 1, 1, 1, 1, 1, 1, 1, 1, 1, 1, 1, 1, 1, 1, 1, 1, 1, 1, 1, 1, 1, 1, 1, 1, 1, 1, 1, 1, 1, 1, 1, 1, 1, 1, 1, 1, 1, 1, 1, 1, 1, 1, 1, 1, 1, 1, 1, 1, 1, 1, 1, 1, 1, 1, 1, 1, 1, 1, 1, 1, 1, 1, 1, 1, 1, 1, 1, 1, 1, 1, 1, 1, 1, 1, 1, 1, 1, 1, 1, 1, 1, 1, 1, 1, 1, 1, 1, 1, 1, 1, 1, 1, 1, 1, 1, 1, 1, 1, 1, 1, 1, 1, 1, 1, 1, 1, 1, 1, 1, 1, 1, 1, 1, 1, 1, 1, 1, 1, 1, 1, 1, 1, 1, 1, 1, 1, 1, 1, 1, 1, 1, 1, 1, 1, 1, 1, 1, 1, 1, 1, 1, 1, 1, 1, 1 to create the time subdivision.
2022-02-08 21:59:43 - INFO - 
2022-02-08 21:59:43 - INFO - ************ Generating PSP Instance of the problem ****************
2022-02-09 00:10:31 - INFO - Full PSP generation: 7,848 seconds.
2022-02-09 00:10:47 - INFO - Reduced PSP generation: 15.7 seconds.
2022-02-09 00:10:49 - INFO - Generation of PSP, PreProcessing and Reduction took: 7,866 seconds.
2022-02-09 00:10:51 - INFO - ************** Solving the LP Relaxation of the PSP. **************
2022-02-09 01:11:30 - INFO - OR Solver: loaded problem with 18468456 vars, 9547 constraints, 64948259 non-zero coefficients.
2022-02-09 01:11:30 - INFO - Parameters:
2022-02-09 01:11:30 - INFO - 	 Target gap: 1.000000e-04
2022-02-09 01:11:30 - INFO - 	 Use Master hotstart: 1
2022-02-09 01:11:30 - INFO - 	 Use Pricing hotstart: 1
2022-02-09 01:11:37 - INFO - |-----+-----------+---------------------+--------------------+-----------+-----------+-----------+-----------+-----------+------------|
2022-02-09 01:11:37 - INFO - | BIENSTOCK-ZUCKERBERG ALGORITHM: Target gap = 1.00e-04.  Target eps = 1.00e-06.  Starting phase = Phase II.                          |
2022-02-09 01:11:37 - INFO - | Number of variables: tot = 18478003, x = 18468456, y = 0, s = 9547
2022-02-09 01:11:37 - INFO - |-----+-----------+---------------------+--------------------+-----------+-----------+-----------+-----------+-----------+------------|
2022-02-09 01:11:37 - INFO - |Iter.|#Part.     |    Primal Value     |  Lagrangian Value  |    Gap    | Pri. Time | Mas. Time | Tot. Time | Pri. Eps. |   Kappa    |
2022-02-09 01:11:37 - INFO - |-----+-----------+---------------------+--------------------+-----------+-----------+-----------+-----------+-----------+------------|
2022-02-09 01:12:56 - INFO - |   1 |    2 9548 |            17021032 |      1.6869427e+08 |  8.91e+00 |      73.5 |      4.85 |      78.8 |  0.00e+00 |     1.1021 |
2022-02-09 01:13:27 - INFO - |   2 |    3 9550 |            17456378 |      1.6869427e+08 |  8.66e+00 |       101 |      9.37 |       111 |  0.00e+00 |     1.1278 |
2022-02-09 01:14:07 - INFO - |   3 |    4 9552 |            24533157 |      1.6869427e+08 |  5.88e+00 |       135 |      14.3 |       150 |  0.00e+00 |     1.8796 |
2022-02-09 01:14:55 - INFO - |   4 |    5 9555 |            29724454 |      1.6869427e+08 |  4.68e+00 |       179 |      18.9 |       198 |  0.00e+00 |     3.9765 |
2022-02-09 01:15:41 - INFO - |   5 |    6 9559 |            32238049 |      1.6869427e+08 |  4.23e+00 |       220 |      23.9 |       244 |  0.00e+00 |     5.0281 |
2022-02-09 01:16:26 - INFO - |   6 |    7 9563 |            37680563 |      1.6869427e+08 |  3.48e+00 |       259 |      29.1 |       290 |  0.00e+00 |     5.8723 |
2022-02-09 01:17:21 - INFO - |   7 |    8 9568 |            41265497 |      1.6869427e+08 |  3.09e+00 |       309 |        34 |       344 |  9.09e-13 |     3.5921 |
2022-02-09 01:18:12 - INFO - |   8 |    9 9573 |            45659682 |      1.6869427e+08 |  2.69e+00 |       356 |      37.8 |       395 |  4.83e-12 |     4.9893 |
2022-02-09 01:18:59 - INFO - |   9 |   11 9580 |            50109494 |      1.6869427e+08 |  2.37e+00 |       399 |      41.7 |       442 |  2.76e-11 |     5.6297 |
2022-02-09 01:20:03 - INFO - |  10 |   12 9586 |            52128949 |      1.6869427e+08 |  2.24e+00 |       458 |      46.4 |       506 |  2.96e-12 |     29.152 |
2022-02-09 01:21:18 - INFO - |  11 |   14 9595 |            57527405 |      1.6869427e+08 |  1.93e+00 |       529 |      50.4 |       582 |  1.48e-12 |     52.942 |
2022-02-09 01:22:43 - INFO - |  12 |   19 9618 |            58924970 |      1.6869427e+08 |  1.86e+00 |       609 |      55.6 |       667 |  1.20e-11 |     10.771 |
2022-02-09 01:24:02 - INFO - |  13 |   25 9645 |            62456683 |      1.6869427e+08 |  1.70e+00 |       682 |      60.5 |       745 |  4.09e-12 |     42.415 |
2022-02-09 01:25:15 - INFO - |  14 |   36 9710 |            64434749 |      1.6869427e+08 |  1.62e+00 |       750 |      65.4 |       818 |  3.98e-12 |     218.08 |
2022-02-09 01:26:55 - INFO - |  15 |   61 9859 |            67046634 |      1.6869427e+08 |  1.52e+00 |       846 |      69.5 |       918 |  2.46e-12 |     219.55 |
2022-02-09 01:28:04 - INFO - |  16 |  102 10119 |            69803072 |      1.6869427e+08 |  1.42e+00 |       910 |        74 |       987 |  3.69e-12 |     1214.8 |
2022-02-09 01:29:39 - INFO - |  17 |  165 10559 |            74013195 |      1.6869427e+08 |  1.28e+00 |     1e+03 |      79.1 |  1.08e+03 |  5.85e-12 |     297.82 |
2022-02-09 01:31:18 - INFO - |  18 |  249 11136 |            80004123 |      1.6869427e+08 |  1.11e+00 |  1.09e+03 |      84.5 |  1.18e+03 |  2.13e-11 |     476.61 |
2022-02-09 01:32:52 - INFO - |  19 |  341 11629 |            85150848 |      1.6869427e+08 |  9.81e-01 |  1.18e+03 |      89.9 |  1.28e+03 |  1.18e-11 |      452.1 |
2022-02-09 01:34:43 - INFO - |  20 |  378 11825 |            87517349 |      1.6869427e+08 |  9.28e-01 |  1.29e+03 |      95.2 |  1.39e+03 |  4.05e-12 |     1417.3 |
2022-02-09 01:36:17 - INFO - |  21 |  418 12030 |            90500214 |      1.6869427e+08 |  8.64e-01 |  1.38e+03 |       101 |  1.48e+03 |  8.80e-12 |     1088.8 |
2022-02-09 01:37:58 - INFO - |  22 |  510 12401 |            94697577 |      1.6869427e+08 |  7.81e-01 |  1.47e+03 |       106 |  1.58e+03 |  1.51e-11 |     1365.7 |
2022-02-09 01:39:33 - INFO - |  23 |  575 12807 |            98467509 |      1.6869427e+08 |  7.13e-01 |  1.56e+03 |       111 |  1.68e+03 |  5.43e-08 | 3.3561e+08 |
2022-02-09 01:41:46 - INFO - |  24 |  615 13134 |       1.0167848e+08 |      1.6869427e+08 |  6.59e-01 |  1.69e+03 |       117 |  1.81e+03 |  3.70e-09 | 5.7634e+07 |
2022-02-09 01:43:28 - INFO - |  25 |  743 13878 |       1.0500423e+08 |      1.6869427e+08 |  6.07e-01 |  1.78e+03 |       123 |  1.91e+03 |  3.18e-08 | 4.6585e+08 |
2022-02-09 01:45:15 - INFO - |  26 |  797 14243 |       1.0835876e+08 |      1.6869427e+08 |  5.57e-01 |  1.88e+03 |       129 |  2.02e+03 |  2.61e-11 |      26769 |
2022-02-09 01:47:09 - INFO - |  27 | 1004 15837 |       1.1111635e+08 |      1.6869427e+08 |  5.18e-01 |  1.99e+03 |       137 |  2.13e+03 |  3.29e-08 | 2.7571e+09 |
2022-02-09 01:49:19 - INFO - |  28 | 1210 17405 |       1.1387511e+08 |      1.6869427e+08 |  4.81e-01 |  2.11e+03 |       147 |  2.26e+03 |  3.51e-08 | 8.1394e+08 |
2022-02-09 01:51:31 - INFO - |  29 | 1479 19888 |       1.1619895e+08 |      1.6869427e+08 |  4.52e-01 |  2.23e+03 |       160 |  2.39e+03 |  2.09e-07 | 1.9755e+09 |
2022-02-09 01:53:48 - INFO - |  30 | 1709 21166 | !     1.1823279e+08 |      1.6869427e+08 |  4.27e-01 |  2.35e+03 |       174 |  2.53e+03 | !1.59e-06 | 3.6646e+09 |
2022-02-09 01:56:22 - INFO - |  31 | 2210 25398 | !     1.2021978e+08 |      1.6869427e+08 |  4.03e-01 |  2.48e+03 |       197 |  2.69e+03 | !5.65e-06 | 5.6739e+09 |
2022-02-09 01:59:04 - INFO - |  32 | 2806 30074 |       1.2413634e+08 |      1.6869427e+08 |  3.59e-01 |  2.61e+03 |       236 |  2.85e+03 |  3.29e-10 | 1.1275e+05 |
2022-02-09 02:02:19 - INFO - |  33 | 3533 36036 | !     1.2797264e+08 |      1.6869427e+08 |  3.18e-01 |  2.73e+03 |       310 |  3.04e+03 | !1.71e-05 | 2.4095e+11 |
2022-02-09 02:06:26 - INFO - |  34 | 4433 43366 | !     1.3131586e+08 |      1.6869427e+08 |  2.85e-01 |  2.87e+03 |       416 |  3.29e+03 | !7.42e-06 | 4.5631e+10 |
2022-02-09 02:12:16 - INFO - |  35 | 5443 49643 | !     1.3455144e+08 |      1.6869427e+08 |  2.54e-01 |  3.05e+03 |       579 |  3.64e+03 | !3.18e-05 | 4.2879e+11 |
2022-02-09 02:17:43 - INFO - |  36 | 6221 53623 | !     1.3702844e+08 |      1.6869427e+08 |  2.31e-01 |  3.19e+03 |       766 |  3.97e+03 | !4.75e-05 | 4.2017e+11 |
2022-02-09 02:24:46 - INFO - |  37 | 6739 56481 | !     1.3979049e+08 |      1.6869427e+08 |  2.07e-01 |  3.34e+03 |  1.05e+03 |  4.39e+03 | !1.13e-05 | 1.0372e+11 |
2022-02-09 02:31:46 - INFO - |  38 | 7158 58783 | !     1.4190342e+08 |      1.6869427e+08 |  1.89e-01 |   3.5e+03 |   1.3e+03 |  4.81e+03 | !4.46e-06 | 8.4919e+10 |
2022-02-09 02:39:23 - INFO - |  39 | 7646 61551 | !     1.4406366e+08 |      1.6869427e+08 |  1.71e-01 |  3.64e+03 |  1.62e+03 |  5.27e+03 | !5.91e-05 | 2.1457e+11 |
2022-02-09 02:48:13 - INFO - |  40 | 8424 65713 | !     1.4638058e+08 |      1.6869427e+08 |  1.52e-01 |  3.81e+03 |  1.98e+03 |   5.8e+03 | !2.55e-05 | 2.7629e+11 |
2022-02-09 02:58:18 - INFO - |  41 | 9647 73091 | !     1.4883066e+08 |      1.6869427e+08 |  1.33e-01 |  3.96e+03 |  2.44e+03 |   6.4e+03 | !5.55e-06 | 4.2485e+11 |
2022-02-09 03:09:57 - INFO - |  42 | 10418 77787 | !     1.5120928e+08 |      1.6869427e+08 |  1.16e-01 |  4.12e+03 |  2.97e+03 |   7.1e+03 | !1.49e-05 | 7.3548e+10 |
2022-02-09 03:22:01 - INFO - |  43 | 11123 82515 | !     1.5285423e+08 |      1.6869427e+08 |  1.04e-01 |  4.25e+03 |  3.57e+03 |  7.82e+03 | !1.58e-04 | 1.5581e+11 |
2022-02-09 03:33:49 - INFO - |  44 | 11587 84976 | !      1.541748e+08 |      1.6869427e+08 |  9.42e-02 |  4.37e+03 |  4.16e+03 |  8.53e+03 | !1.79e-04 | 8.7584e+10 |
2022-02-09 03:47:20 - INFO - |  45 | 12111 87954 | !     1.5571142e+08 |      1.6869427e+08 |  8.34e-02 |  4.49e+03 |  4.85e+03 |  9.34e+03 | !3.42e-05 | 8.0716e+10 |
2022-02-09 04:01:22 - INFO - |  46 | 12550 91027 | !      1.571789e+08 |      1.6869427e+08 |  7.33e-02 |  4.59e+03 |  5.58e+03 |  1.02e+04 | !8.08e-06 | 3.1287e+11 |
2022-02-09 04:18:39 - INFO - |  47 | 13128 94579 | !     1.5877143e+08 |      1.6869427e+08 |  6.25e-02 |  4.71e+03 |   6.5e+03 |  1.12e+04 | !2.59e-04 | 3.5162e+10 |
2022-02-09 04:33:11 - INFO - |  48 | 13708 98502 | !     1.5955428e+08 |      1.6869427e+08 |  5.73e-02 |  4.82e+03 |  7.27e+03 |  1.21e+04 | !1.78e-03 | 1.6381e+11 |
2022-02-09 08:43:00 - INFO - |  49 | 15590 111739 |       1.6006471e+08 |      1.6869427e+08 |  5.39e-02 |  4.92e+03 |  2.22e+04 |  2.71e+04 |  3.13e-10 | 1.2524e+11 |
2022-02-09 09:11:02 - INFO - |  50 | 17633 125109 | !     1.6069996e+08 |      1.6869427e+08 |  4.97e-02 |  5.01e+03 |  2.38e+04 |  2.88e+04 | !3.49e-05 | 9.7128e+10 |
2022-02-09 09:41:04 - INFO - |  51 | 19674 137955 | !     1.6132516e+08 |      1.6869427e+08 |  4.57e-02 |  5.12e+03 |  2.54e+04 |  3.06e+04 | !3.90e-05 | 1.4863e+11 |
2022-02-09 10:13:35 - INFO - |  52 | 21909 152659 | !     1.6188216e+08 |      1.6869427e+08 |  4.21e-02 |  5.22e+03 |  2.73e+04 |  3.25e+04 | !6.81e-06 | 6.6499e+10 |
2022-02-09 11:06:24 - INFO - |  53 | 24246 167771 | !     1.6234974e+08 |      1.6869427e+08 |  3.91e-02 |  5.33e+03 |  3.03e+04 |  3.57e+04 | !5.25e-06 | 6.2888e+10 |
2022-02-09 11:55:31 - INFO - |  54 | 26400 181424 | !     1.6274414e+08 |      1.6869427e+08 |  3.66e-02 |  5.48e+03 |  3.31e+04 |  3.86e+04 | !8.80e-05 | 1.3307e+11 |
2022-02-09 12:54:30 - INFO - |  55 | 28969 197426 | !       1.63153e+08 |      1.6869427e+08 |  3.40e-02 |  5.61e+03 |  3.66e+04 |  4.22e+04 | !3.25e-06 | 5.8647e+10 |
2022-02-09 14:08:27 - INFO - |  56 | 31834 213879 | !       1.63589e+08 |      1.6869427e+08 |  3.12e-02 |  5.74e+03 |  4.09e+04 |  4.66e+04 | !2.13e-05 | 6.9985e+11 |
2022-02-09 19:35:41 - INFO - |  57 | 35011 231205 | !     1.6395974e+08 |      1.6869427e+08 |  2.89e-02 |  5.88e+03 |  6.04e+04 |  6.62e+04 | !2.57e-05 | 4.1075e+11 |
2022-02-09 20:40:13 - INFO - |  58 | 38135 247080 | !     1.6417164e+08 |      1.6775246e+08 |  2.18e-02 |  6.01e+03 |  6.41e+04 |  7.01e+04 | !4.54e-06 | 1.8125e+11 |
2022-02-09 22:03:46 - INFO - |  59 | 40984 260944 | !     1.6434353e+08 |      1.6654232e+08 |  1.34e-02 |  6.12e+03 |   6.9e+04 |  7.51e+04 | !3.44e-06 | 7.6391e+11 |
2022-02-09 23:19:26 - INFO - |  60 | 43849 274225 | !      1.645094e+08 |      1.6609526e+08 |  9.64e-03 |  6.26e+03 |  7.34e+04 |  7.97e+04 | !2.28e-06 | 8.9106e+11 |
2022-02-10 01:01:42 - INFO - |  61 | 46969 288556 | !     1.6464375e+08 |      1.6592485e+08 |  7.78e-03 |   6.4e+03 |  7.94e+04 |  8.58e+04 | !2.45e-06 | 4.9572e+11 |
2022-02-10 04:48:10 - INFO - |  62 | 50016 301856 |       1.6474219e+08 |      1.6577979e+08 |  6.30e-03 |  6.55e+03 |  9.28e+04 |  9.94e+04 |  7.95e-08 | 3.3159e+12 |
2022-02-10 14:57:00 - INFO - |  63 | 52968 314699 |       1.6481385e+08 |      1.6561111e+08 |  4.84e-03 |  6.68e+03 |  1.29e+05 |  1.36e+05 |  9.36e-08 | 1.4168e+12 |
2022-02-10 17:27:29 - INFO - |  64 | 55786 326644 | !     1.6486779e+08 |      1.6543211e+08 |  3.42e-03 |  6.84e+03 |  1.38e+05 |  1.45e+05 | !1.54e-04 | 1.0619e+11 |
2022-02-11 04:04:42 - INFO - |  65 | 58404 337775 |       1.6491205e+08 |      1.6532131e+08 |  2.48e-03 |  6.98e+03 |  1.76e+05 |  1.83e+05 |  6.17e-08 | 2.4419e+12 |
2022-02-11 04:04:42 - INFO - |-----+-----------+---------------------+--------------------+-----------+-----------+-----------+-----------+-----------+------------|
2022-02-11 04:04:42 - INFO - *  65 | 58404 337775 |       1.6491205e+08 |      1.6532131e+08 |   0.00248 |  6.98e+03 |  1.76e+05 |  1.83e+05 |   6.2e-08 | 2.4419e+12 | OMP_FEAS_TIME_LIMIT
2022-02-11 04:04:42 - INFO - |-----+-----------+---------------------+--------------------+-----------+-----------+-----------+-----------+-----------+------------|
2022-02-11 04:04:43 - INFO - BZsolval = 164,912,049.329656 (upper bound = 165,321,312.504721)
2022-02-11 04:04:49 - INFO - PSP-SM: UB updated. New UB: 164912049.329568
2022-02-11 04:04:50 - INFO - PSP-SM: Solution BZ with value 164912049.329568 inserted as relaxed solution 
2022-02-11 04:04:51 - INFO - ************** Applying Toposort Heuristic for PSP. **************
